2026-02-20 09:55:32.961 [error] [createInstance] $$rc depends on UNKNOWN service agentSessions.: Error: [createInstance] $$rc depends on UNKNOWN service agentSessions.
    at V$e.y (vscode-file://vscode-app/usr/share/windsurf/resources/app/out/vs/workbench/workbench.desktop.main.js:16182:4137)
    at V$e.o (vscode-file://vscode-app/usr/share/windsurf/resources/app/out/vs/workbench/workbench.desktop.main.js:16182:1254)
    at V$e.createInstance (vscode-file://vscode-app/usr/share/windsurf/resources/app/out/vs/workbench/workbench.desktop.main.js:16182:1098)
    at new $uJc (vscode-file://vscode-app/usr/share/windsurf/resources/app/out/vs/workbench/workbench.desktop.main.js:16852:8566)
    at new $vJc (vscode-file://vscode-app/usr/share/windsurf/resources/app/out/vs/workbench/workbench.desktop.main.js:16852:16681)
    at V$e.o (vscode-file://vscode-app/usr/share/windsurf/resources/app/out/vs/workbench/workbench.desktop.main.js:16182:1604)
    at V$e.createInstance (vscode-file://vscode-app/usr/share/windsurf/resources/app/out/vs/workbench/workbench.desktop.main.js:16182:1098)
    at new $wJc (vscode-file://vscode-app/usr/share/windsurf/resources/app/out/vs/workbench/workbench.desktop.main.js:16852:19789)
    at V$e.o (vscode-file://vscode-app/usr/share/windsurf/resources/app/out/vs/workbench/workbench.desktop.main.js:16182:1604)
    at V$e.createInstance (vscode-file://vscode-app/usr/share/windsurf/resources/app/out/vs/workbench/workbench.desktop.main.js:16182:1098)
2026-02-20 09:55:33.005 [warning] IWorkbenchContributionsRegistry#getContribution('windsurf.cascadePanel'): contribution instantiated before LifecyclePhase.Restored!
2026-02-20 09:55:33.665 [info] Started local extension host with pid 7079.
2026-02-20 09:55:34.028 [error] Extension 'ms-python.vscode-python-envs' appears in product.json but enables LESS API proposals than the extension wants.
package.json (LOSES): terminalShellEnv, terminalDataWriteEvent
product.json (WINS): terminalShellEnv
2026-02-20 09:55:34.065 [warning] [ms-python.python]: Cannot register 'python.venvPath'. This property is already registered.
2026-02-20 09:55:35.491 [info] [DiffZone] BaselineResolution init, 0 existing repos
2026-02-20 09:56:03.114 [error] command 'windsurf.fireProductAnalyticsEvent' not found: Error: command 'windsurf.fireProductAnalyticsEvent' not found
    at $UBc.n (vscode-file://vscode-app/usr/share/windsurf/resources/app/out/vs/workbench/workbench.desktop.main.js:1573:6089)
    at $UBc.executeCommand (vscode-file://vscode-app/usr/share/windsurf/resources/app/out/vs/workbench/workbench.desktop.main.js:1573:6020)
2026-02-20 09:56:17.929 [error] An unknown error occurred. Please consult the log for more details.
2026-02-20 10:00:15.699 [info] [perf] Render performance baseline is 23ms
2026-02-20 10:28:33.472 [error] App icon customization is not supported on this OS: Error: App icon customization is not supported on this OS
    at Q6.setIcon (file:///usr/share/windsurf/resources/app/out/main.js:147:3603)
    at Object.call (file:///usr/share/windsurf/resources/app/out/main.js:33:4554)
    at Zp.s (file:///usr/share/windsurf/resources/app/out/main.js:31:15212)
    at Zp.q (file:///usr/share/windsurf/resources/app/out/main.js:31:14735)
    at Ta.value (file:///usr/share/windsurf/resources/app/out/main.js:31:14137)
    at D.C (file:///usr/share/windsurf/resources/app/out/main.js:30:2328)
    at D (file:///usr/share/windsurf/resources/app/out/main.js:30:2398)
    at D.fire (file:///usr/share/windsurf/resources/app/out/main.js:30:2615)
    at Ta.value (file:///usr/share/windsurf/resources/app/out/main.js:28:5384)
    at D.C (file:///usr/share/windsurf/resources/app/out/main.js:30:2328)
    at D.fire (file:///usr/share/windsurf/resources/app/out/main.js:30:2546)
    at Ta.value (file:///usr/share/windsurf/resources/app/out/main.js:28:5568)
    at D.C (file:///usr/share/windsurf/resources/app/out/main.js:30:2328)
    at D.fire (file:///usr/share/windsurf/resources/app/out/main.js:30:2546)
    at H (file:///usr/share/windsurf/resources/app/out/main.js:28:7826)
    at IpcMainImpl.i (file:///usr/share/windsurf/resources/app/out/main.js:36:10815)
    at IpcMainImpl.emit (node:events:519:28)
    at Session.<anonymous> (node:electron/js2c/browser_init:2:112437)
    at Session.emit (node:events:519:28)
2026-02-20 10:28:50.095 [warning] IWorkbenchContributionsRegistry#getContribution('windsurf.cascadePanel'): contribution instantiated before LifecyclePhase.Restored!
2026-02-20 10:28:50.171 [info] Started local extension host with pid 22091.
2026-02-20 10:28:50.190 [error] Extension 'ms-python.vscode-python-envs' appears in product.json but enables LESS API proposals than the extension wants.
package.json (LOSES): terminalShellEnv, terminalDataWriteEvent
product.json (WINS): terminalShellEnv
2026-02-20 10:28:50.214 [warning] [ms-python.python]: Cannot register 'python.venvPath'. This property is already registered.
2026-02-20 10:28:50.445 [info] [DiffZone] BaselineResolution init, 0 existing repos
2026-02-20 10:28:50.564 [error] App icon customization is not supported on this OS: Error: App icon customization is not supported on this OS
    at Q6.setIcon (file:///usr/share/windsurf/resources/app/out/main.js:147:3603)
    at Object.call (file:///usr/share/windsurf/resources/app/out/main.js:33:4554)
    at Zp.s (file:///usr/share/windsurf/resources/app/out/main.js:31:15212)
    at Zp.q (file:///usr/share/windsurf/resources/app/out/main.js:31:14735)
    at Ta.value (file:///usr/share/windsurf/resources/app/out/main.js:31:14137)
    at D.C (file:///usr/share/windsurf/resources/app/out/main.js:30:2328)
    at D (file:///usr/share/windsurf/resources/app/out/main.js:30:2398)
    at D.fire (file:///usr/share/windsurf/resources/app/out/main.js:30:2615)
    at Ta.value (file:///usr/share/windsurf/resources/app/out/main.js:28:5384)
    at D.C (file:///usr/share/windsurf/resources/app/out/main.js:30:2328)
    at D.fire (file:///usr/share/windsurf/resources/app/out/main.js:30:2546)
    at Ta.value (file:///usr/share/windsurf/resources/app/out/main.js:28:5568)
    at D.C (file:///usr/share/windsurf/resources/app/out/main.js:30:2328)
    at D.fire (file:///usr/share/windsurf/resources/app/out/main.js:30:2546)
    at H (file:///usr/share/windsurf/resources/app/out/main.js:28:7826)
    at IpcMainImpl.i (file:///usr/share/windsurf/resources/app/out/main.js:36:10815)
    at IpcMainImpl.emit (node:events:519:28)
    at Session.<anonymous> (node:electron/js2c/browser_init:2:112437)
    at Session.emit (node:events:519:28)
2026-02-20 10:28:51.207 [info] [DiffZone] Watching repo: scm0
2026-02-20 10:28:51.207 [info] [DiffZone] No historyProvider for scm0
2026-02-20 10:28:51.212 [info] [DiffZone] No revision for scm0
2026-02-20 10:28:51.318 [info] [DiffZone] Revision for scm0: ba32cc4, prev: none
2026-02-20 10:28:53.392 [info] [perf] Render performance baseline is 30ms
2026-02-20 10:28:53.511 [error] [createInstance] $$rc depends on UNKNOWN service agentSessions.: Error: [createInstance] $$rc depends on UNKNOWN service agentSessions.
    at V$e.y (vscode-file://vscode-app/usr/share/windsurf/resources/app/out/vs/workbench/workbench.desktop.main.js:16182:4137)
    at V$e.o (vscode-file://vscode-app/usr/share/windsurf/resources/app/out/vs/workbench/workbench.desktop.main.js:16182:1254)
    at V$e.createInstance (vscode-file://vscode-app/usr/share/windsurf/resources/app/out/vs/workbench/workbench.desktop.main.js:16182:1098)
    at new $uJc (vscode-file://vscode-app/usr/share/windsurf/resources/app/out/vs/workbench/workbench.desktop.main.js:16852:8566)
    at new $vJc (vscode-file://vscode-app/usr/share/windsurf/resources/app/out/vs/workbench/workbench.desktop.main.js:16852:16681)
    at V$e.o (vscode-file://vscode-app/usr/share/windsurf/resources/app/out/vs/workbench/workbench.desktop.main.js:16182:1604)
    at V$e.createInstance (vscode-file://vscode-app/usr/share/windsurf/resources/app/out/vs/workbench/workbench.desktop.main.js:16182:1098)
    at new $wJc (vscode-file://vscode-app/usr/share/windsurf/resources/app/out/vs/workbench/workbench.desktop.main.js:16852:19789)
    at V$e.o (vscode-file://vscode-app/usr/share/windsurf/resources/app/out/vs/workbench/workbench.desktop.main.js:16182:1604)
    at V$e.createInstance (vscode-file://vscode-app/usr/share/windsurf/resources/app/out/vs/workbench/workbench.desktop.main.js:16182:1098)
2026-02-20 10:28:54.106 [error] An unknown error occurred. Please consult the log for more details.
2026-02-20 10:28:59.731 [error] [Extension Host] (node:22091) [DEP0040] DeprecationWarning: The `punycode` module is deprecated. Please use a userland alternative instead.
(Use `exe --trace-deprecation ...` to show where the warning was created)
2026-02-20 10:29:00.851 [error] Model is disposed!
