2026-02-17 00:37:17.786 [info] WindsurfWindowsMainManager: Window will load {"windowId":1,"workspaceUri":{"id":"cebdf52d45ea236ac1955a7b3d620a38","uri":{"$mid":1,"fsPath":"/home/archguy/CascadeProjects/personal-website","external":"file:///home/archguy/CascadeProjects/personal-website","path":"/home/archguy/CascadeProjects/personal-website","scheme":"file"}}}
2026-02-17 00:37:17.786 [info] update#setState idle
2026-02-17 00:37:47.787 [info] update#setState checking for updates
2026-02-17 00:37:48.016 [info] update#setState idle
2026-02-17 01:37:48.019 [info] update#setState checking for updates
2026-02-17 01:37:48.743 [info] update#setState idle
2026-02-17 01:42:32.706 [info] Extension host with pid 382419 exited with code: 0, signal: unknown.
2026-02-17 01:42:32.737 [info] WindsurfWindowsMainManager: Window will close {"windowId":1,"workspaceUri":{"id":"cebdf52d45ea236ac1955a7b3d620a38","uri":{"$mid":1,"fsPath":"/home/archguy/CascadeProjects/personal-website","external":"file:///home/archguy/CascadeProjects/personal-website","path":"/home/archguy/CascadeProjects/personal-website","scheme":"file"}}}
2026-02-17 01:42:32.763 [info] WindsurfWindowsMainManager: Shutdown initiated, capturing current window group state
2026-02-17 01:42:32.770 [error] [UtilityProcess id: 1, type: fileWatcher, pid: 382436]: crashed with code 15 and reason 'killed'
2026-02-17 01:42:32.770 [error] === UTILITY PROCESS CRASH REPORT ===
2026-02-17 01:42:32.770 [error] Time: 2026-02-16T17:42:32.770Z
2026-02-17 01:42:32.770 [error] PID: 382436, Exit Code: 15 (Unknown exit code (15)), Reason: killed
2026-02-17 01:42:32.770 [error] Process Type: fileWatcher
2026-02-17 01:42:32.770 [error] Process ID: 1
2026-02-17 01:42:32.770 [error] Entry Point: vs/platform/files/node/watcher/watcherMain
2026-02-17 01:42:32.770 [error] Main Process Memory: RSS=198MB, Heap=19MB, External=4MB
2026-02-17 01:42:32.770 [error] System Information:
2026-02-17 01:42:32.770 [error]   - Node Version: v22.22.0
2026-02-17 01:42:32.770 [error]   - Platform: linux_x64
2026-02-17 01:42:32.770 [error]   - Electron Version: 39.5.2
2026-02-17 01:42:32.770 [error] Active Utility Processes: 2 processes
2026-02-17 01:42:32.770 [error] Sample Processes:
2026-02-17 01:42:32.770 [error]   - shared-process (PID: 382435)
2026-02-17 01:42:32.770 [error]   - pty-host (PID: 382492)
2026-02-17 01:42:32.770 [error] === END UTILITY PROCESS CRASH REPORT ===
