2026-02-21 10:06:24.388 [info] [main] Log level: Info
2026-02-21 10:06:24.388 [info] [main] Validating found git in: "git"
2026-02-21 10:06:24.388 [info] [main] Using git "2.53.0" from "git"
2026-02-21 10:06:24.388 [info] [Model][doInitialScan] Initial repository scan started
2026-02-21 10:06:24.393 [info] > git rev-parse --show-toplevel [13ms]
2026-02-21 10:06:24.406 [info] > git rev-parse --git-dir --git-common-dir --show-superproject-working-tree [10ms]
2026-02-21 10:06:24.415 [info] [Model][openRepository] Opened repository (path): /home/archguy/CascadeProjects/personal-website
2026-02-21 10:06:24.415 [info] [Model][openRepository] Opened repository (real path): /home/archguy/CascadeProjects/personal-website
2026-02-21 10:06:24.415 [info] [Model][openRepository] Opened repository (kind): repository
2026-02-21 10:06:24.427 [info] > git rev-parse --show-toplevel [3ms]
2026-02-21 10:06:24.431 [info] > git config --get commit.template [10ms]
2026-02-21 10:06:24.436 [info] > git rev-parse --show-toplevel [6ms]
2026-02-21 10:06:24.440 [info] > git rev-parse --show-toplevel [1ms]
2026-02-21 10:06:24.444 [info] > git rev-parse --show-toplevel [1ms]
2026-02-21 10:06:24.447 [info] > git rev-parse --show-toplevel [1ms]
2026-02-21 10:06:24.449 [info] > git rev-parse --show-toplevel [0ms]
2026-02-21 10:06:24.453 [info] > git rev-parse --show-toplevel [1ms]
2026-02-21 10:06:24.456 [info] [Model][doInitialScan] Initial repository scan completed - repositories (1), closed repositories (0), parent repositories (0), unsafe repositories (0)
2026-02-21 10:06:24.460 [info] > git for-each-ref --format=%(refname)%00%(upstream:short)%00%(objectname)%00%(upstream:track)%00%(upstream:remotename)%00%(upstream:remoteref) refs/heads/main refs/remotes/main [25ms]
2026-02-21 10:06:24.470 [info] > git for-each-ref --sort -committerdate --format %(refname)%00%(objectname)%00%(*objectname) [3ms]
2026-02-21 10:06:24.480 [info] > git status -z -uall [16ms]
2026-02-21 10:06:24.507 [info] > git for-each-ref --format=%(refname)%00%(upstream:short)%00%(objectname)%00%(upstream:track)%00%(upstream:remotename)%00%(upstream:remoteref) refs/heads/main refs/remotes/main [5ms]
2026-02-21 10:06:24.516 [info] > git config --get --local branch.main.vscode-merge-base [5ms]
2026-02-21 10:06:24.519 [info] > git config --get commit.template [12ms]
2026-02-21 10:06:24.523 [info] > git for-each-ref --format=%(refname)%00%(upstream:short)%00%(objectname)%00%(upstream:track)%00%(upstream:remotename)%00%(upstream:remoteref) refs/heads/origin/main refs/remotes/origin/main [4ms]
2026-02-21 10:06:24.528 [info] > git for-each-ref --format=%(refname)%00%(upstream:short)%00%(objectname)%00%(upstream:track)%00%(upstream:remotename)%00%(upstream:remoteref) refs/heads/main refs/remotes/main [6ms]
2026-02-21 10:06:24.554 [info] > git merge-base refs/heads/main refs/remotes/origin/main [27ms]
2026-02-21 10:06:24.576 [info] > git diff --name-status -z --diff-filter=ADMR --find-renames=50% ba32cc42f05157c895a5f9f7b1d1f9a0f42aff0a...refs/remotes/origin/main -- [19ms]
2026-02-21 10:06:24.590 [info] > git status -z -uall [6ms]
2026-02-21 10:06:24.594 [info] > git for-each-ref --sort -committerdate --format %(refname)%00%(objectname)%00%(*objectname) [5ms]
2026-02-21 10:06:24.732 [info] > git ls-files --stage -- posts/英语中的航海文化.md [1ms]
2026-02-21 10:06:24.734 [info] > git show --textconv :posts/英语中的航海文化.md [6ms]
2026-02-21 10:06:24.736 [info] > git cat-file -s 379eb0c6ab4bade7e3f6218f61de72025f8d9762 [2ms]
2026-02-21 10:06:24.786 [info] > git blame --root --incremental ba32cc42f05157c895a5f9f7b1d1f9a0f42aff0a -- posts/英语中的航海文化.md [32ms]
2026-02-21 10:06:24.956 [info] > git check-ignore -v -z --stdin [8ms]
2026-02-21 10:41:42.385 [info] > git check-ignore -v -z --stdin [2ms]
2026-02-21 10:41:43.193 [info] > git show --textconv :public/shitsays/2026-02-18.md [4ms]
2026-02-21 10:41:43.194 [info] > git ls-files --stage -- public/shitsays/2026-02-18.md [1ms]
2026-02-21 10:41:43.198 [info] > git cat-file -s e9891b50ff5468488a3b5614023ee6db186569b2 [1ms]
2026-02-21 10:41:43.210 [info] > git blame --root --incremental ba32cc42f05157c895a5f9f7b1d1f9a0f42aff0a -- public/shitsays/2026-02-18.md [1ms]
2026-02-21 10:42:00.766 [info] > git show --textconv :public/shitsays/2026-02-21.md [7ms]
2026-02-21 10:42:00.774 [info] > git ls-files --stage -- public/shitsays/2026-02-21.md [9ms]
2026-02-21 10:42:00.779 [info] > git hash-object -t tree /dev/null [6ms]
2026-02-21 10:42:00.780 [warning] [GitFileSystemProvider][readFile] File not found - git:/home/archguy/CascadeProjects/personal-website/public/shitsays/2026-02-21.md.git?%7B%22path%22%3A%22%2Fhome%2Farchguy%2FCascadeProjects%2Fpersonal-website%2Fpublic%2Fshitsays%2F2026-02-21.md%22%2C%22ref%22%3A%22%22%7D
2026-02-21 10:42:00.781 [info] > git hash-object -t tree /dev/null [3ms]
2026-02-21 10:42:00.781 [warning] [GitFileSystemProvider][stat] File not found - git:/home/archguy/CascadeProjects/personal-website/public/shitsays/2026-02-21.md.git?%7B%22path%22%3A%22%2Fhome%2Farchguy%2FCascadeProjects%2Fpersonal-website%2Fpublic%2Fshitsays%2F2026-02-21.md%22%2C%22ref%22%3A%22%22%7D
2026-02-21 10:42:01.043 [info] > git check-ignore -v -z --stdin [1ms]
2026-02-21 10:42:01.598 [info] > git config --get commit.template [4ms]
2026-02-21 10:42:01.606 [info] > git for-each-ref --format=%(refname)%00%(upstream:short)%00%(objectname)%00%(upstream:track)%00%(upstream:remotename)%00%(upstream:remoteref) refs/heads/main refs/remotes/main [2ms]
2026-02-21 10:42:01.620 [info] > git status -z -uall [9ms]
2026-02-21 10:42:01.621 [info] > git for-each-ref --sort -committerdate --format %(refname)%00%(objectname)%00%(*objectname) [3ms]
2026-02-21 10:42:02.905 [info] > git show --textconv :public/shitsays/2026-02-18.md [6ms]
2026-02-21 10:42:02.906 [info] > git ls-files --stage -- public/shitsays/2026-02-18.md [1ms]
2026-02-21 10:42:02.913 [info] > git cat-file -s e9891b50ff5468488a3b5614023ee6db186569b2 [2ms]
2026-02-21 10:42:12.144 [info] > git config --get commit.template [7ms]
2026-02-21 10:42:12.144 [info] > git for-each-ref --format=%(refname)%00%(upstream:short)%00%(objectname)%00%(upstream:track)%00%(upstream:remotename)%00%(upstream:remoteref) refs/heads/main refs/remotes/main [2ms]
2026-02-21 10:42:12.157 [info] > git status -z -uall [6ms]
2026-02-21 10:42:12.158 [info] > git for-each-ref --sort -committerdate --format %(refname)%00%(objectname)%00%(*objectname) [2ms]
2026-02-21 10:42:59.625 [info] > git config --get commit.template [3ms]
2026-02-21 10:42:59.625 [info] > git for-each-ref --format=%(refname)%00%(upstream:short)%00%(objectname)%00%(upstream:track)%00%(upstream:remotename)%00%(upstream:remoteref) refs/heads/main refs/remotes/main [1ms]
2026-02-21 10:42:59.630 [info] > git status -z -uall [3ms]
2026-02-21 10:42:59.631 [info] > git for-each-ref --sort -committerdate --format %(refname)%00%(objectname)%00%(*objectname) [1ms]
2026-02-21 10:58:30.851 [info] > git config --get commit.template [10ms]
2026-02-21 10:58:30.851 [info] > git for-each-ref --format=%(refname)%00%(upstream:short)%00%(objectname)%00%(upstream:track)%00%(upstream:remotename)%00%(upstream:remoteref) refs/heads/main refs/remotes/main [4ms]
2026-02-21 10:58:30.867 [info] > git status -z -uall [8ms]
2026-02-21 10:58:30.868 [info] > git for-each-ref --sort -committerdate --format %(refname)%00%(objectname)%00%(*objectname) [2ms]
2026-02-21 10:58:37.946 [info] [main] Log level: Info
2026-02-21 10:58:37.946 [info] [main] Validating found git in: "git"
2026-02-21 10:58:37.946 [info] [main] Using git "2.53.0" from "git"
2026-02-21 10:58:37.946 [info] [Model][doInitialScan] Initial repository scan started
2026-02-21 10:58:37.946 [info] > git rev-parse --show-toplevel [27ms]
2026-02-21 10:58:37.946 [info] fatal: not a git repository (or any parent up to mount point /)
Stopping at filesystem boundary (GIT_DISCOVERY_ACROSS_FILESYSTEM not set).
2026-02-21 10:58:37.966 [info] > git rev-parse --show-toplevel [18ms]
2026-02-21 10:58:37.966 [info] fatal: not a git repository (or any parent up to mount point /)
Stopping at filesystem boundary (GIT_DISCOVERY_ACROSS_FILESYSTEM not set).
2026-02-21 10:58:37.971 [info] > git rev-parse --show-toplevel [1ms]
2026-02-21 10:58:37.971 [info] fatal: not a git repository (or any parent up to mount point /)
Stopping at filesystem boundary (GIT_DISCOVERY_ACROSS_FILESYSTEM not set).
2026-02-21 10:58:37.974 [info] > git rev-parse --show-toplevel [0ms]
2026-02-21 10:58:37.975 [info] fatal: not a git repository (or any parent up to mount point /)
Stopping at filesystem boundary (GIT_DISCOVERY_ACROSS_FILESYSTEM not set).
2026-02-21 10:58:37.978 [info] > git rev-parse --show-toplevel [0ms]
2026-02-21 10:58:37.978 [info] fatal: not a git repository (or any parent up to mount point /)
Stopping at filesystem boundary (GIT_DISCOVERY_ACROSS_FILESYSTEM not set).
2026-02-21 10:58:37.982 [info] > git rev-parse --show-toplevel [1ms]
2026-02-21 10:58:37.982 [info] fatal: not a git repository (or any parent up to mount point /)
Stopping at filesystem boundary (GIT_DISCOVERY_ACROSS_FILESYSTEM not set).
2026-02-21 10:58:37.984 [info] [Model][doInitialScan] Initial repository scan completed - repositories (0), closed repositories (0), parent repositories (0), unsafe repositories (0)
2026-02-21 10:58:39.267 [info] > git rev-parse --show-toplevel [0ms]
2026-02-21 10:58:39.267 [info] fatal: not a git repository (or any parent up to mount point /)
Stopping at filesystem boundary (GIT_DISCOVERY_ACROSS_FILESYSTEM not set).
2026-02-21 10:58:39.366 [info] > git rev-parse --show-toplevel [2ms]
2026-02-21 10:58:39.366 [info] fatal: not a git repository (or any parent up to mount point /)
Stopping at filesystem boundary (GIT_DISCOVERY_ACROSS_FILESYSTEM not set).
2026-02-21 10:58:39.474 [info] > git rev-parse --show-toplevel [2ms]
2026-02-21 10:58:39.474 [info] fatal: not a git repository (or any parent up to mount point /)
Stopping at filesystem boundary (GIT_DISCOVERY_ACROSS_FILESYSTEM not set).
2026-02-21 10:58:40.088 [info] > git rev-parse --show-toplevel [12ms]
2026-02-21 10:58:40.088 [info] fatal: not a git repository (or any parent up to mount point /)
Stopping at filesystem boundary (GIT_DISCOVERY_ACROSS_FILESYSTEM not set).
2026-02-21 11:00:24.383 [info] > git rev-parse --show-toplevel [2ms]
2026-02-21 11:00:24.383 [info] fatal: not a git repository (or any parent up to mount point /)
Stopping at filesystem boundary (GIT_DISCOVERY_ACROSS_FILESYSTEM not set).
2026-02-21 11:02:16.611 [info] > git rev-parse --show-toplevel [2ms]
2026-02-21 11:02:16.611 [info] fatal: not a git repository (or any parent up to mount point /)
Stopping at filesystem boundary (GIT_DISCOVERY_ACROSS_FILESYSTEM not set).
2026-02-21 11:02:16.958 [info] > git rev-parse --show-toplevel [11ms]
2026-02-21 11:02:16.958 [info] fatal: not a git repository (or any parent up to mount point /)
Stopping at filesystem boundary (GIT_DISCOVERY_ACROSS_FILESYSTEM not set).
2026-02-21 11:04:29.430 [info] > git rev-parse --show-toplevel [1ms]
2026-02-21 11:04:29.430 [info] fatal: not a git repository (or any parent up to mount point /)
Stopping at filesystem boundary (GIT_DISCOVERY_ACROSS_FILESYSTEM not set).
2026-02-21 11:04:30.116 [info] > git rev-parse --show-toplevel [1ms]
2026-02-21 11:04:30.116 [info] fatal: not a git repository (or any parent up to mount point /)
Stopping at filesystem boundary (GIT_DISCOVERY_ACROSS_FILESYSTEM not set).
2026-02-21 11:07:17.694 [info] > git rev-parse --show-toplevel [2ms]
2026-02-21 11:07:17.694 [info] fatal: not a git repository (or any parent up to mount point /)
Stopping at filesystem boundary (GIT_DISCOVERY_ACROSS_FILESYSTEM not set).
2026-02-21 11:08:57.050 [info] > git rev-parse --show-toplevel [1ms]
2026-02-21 11:08:57.051 [info] fatal: not a git repository (or any parent up to mount point /)
Stopping at filesystem boundary (GIT_DISCOVERY_ACROSS_FILESYSTEM not set).
2026-02-21 11:10:01.736 [info] > git rev-parse --show-toplevel [2ms]
2026-02-21 11:10:01.736 [info] fatal: not a git repository (or any parent up to mount point /)
Stopping at filesystem boundary (GIT_DISCOVERY_ACROSS_FILESYSTEM not set).
2026-02-21 11:10:02.398 [info] > git rev-parse --show-toplevel [1ms]
2026-02-21 11:10:02.398 [info] fatal: not a git repository (or any parent up to mount point /)
Stopping at filesystem boundary (GIT_DISCOVERY_ACROSS_FILESYSTEM not set).
2026-02-21 11:10:02.858 [info] > git rev-parse --show-toplevel [1ms]
2026-02-21 11:10:02.858 [info] fatal: not a git repository (or any parent up to mount point /)
Stopping at filesystem boundary (GIT_DISCOVERY_ACROSS_FILESYSTEM not set).
2026-02-21 11:10:03.304 [info] > git rev-parse --show-toplevel [7ms]
2026-02-21 11:10:03.304 [info] fatal: not a git repository (or any parent up to mount point /)
Stopping at filesystem boundary (GIT_DISCOVERY_ACROSS_FILESYSTEM not set).
2026-02-21 11:10:23.174 [info] > git rev-parse --show-toplevel [2ms]
2026-02-21 11:10:23.174 [info] fatal: not a git repository (or any parent up to mount point /)
Stopping at filesystem boundary (GIT_DISCOVERY_ACROSS_FILESYSTEM not set).
2026-02-21 11:17:30.854 [info] > git rev-parse --show-toplevel [3ms]
2026-02-21 11:17:30.854 [info] fatal: not a git repository (or any parent up to mount point /)
Stopping at filesystem boundary (GIT_DISCOVERY_ACROSS_FILESYSTEM not set).
2026-02-21 11:18:51.627 [info] > git rev-parse --show-toplevel [2ms]
2026-02-21 11:18:51.627 [info] fatal: not a git repository (or any parent up to mount point /)
Stopping at filesystem boundary (GIT_DISCOVERY_ACROSS_FILESYSTEM not set).
2026-02-21 11:20:32.013 [info] > git rev-parse --show-toplevel [1ms]
2026-02-21 11:20:32.014 [info] fatal: not a git repository (or any parent up to mount point /)
Stopping at filesystem boundary (GIT_DISCOVERY_ACROSS_FILESYSTEM not set).
2026-02-21 11:20:34.090 [info] > git rev-parse --show-toplevel [1ms]
2026-02-21 11:20:34.090 [info] fatal: not a git repository (or any parent up to mount point /)
Stopping at filesystem boundary (GIT_DISCOVERY_ACROSS_FILESYSTEM not set).
2026-02-21 11:20:38.943 [info] > git rev-parse --show-toplevel [2ms]
2026-02-21 11:20:38.943 [info] fatal: not a git repository (or any parent up to mount point /)
Stopping at filesystem boundary (GIT_DISCOVERY_ACROSS_FILESYSTEM not set).
2026-02-21 11:20:39.484 [info] > git rev-parse --show-toplevel [1ms]
2026-02-21 11:20:39.484 [info] fatal: not a git repository (or any parent up to mount point /)
Stopping at filesystem boundary (GIT_DISCOVERY_ACROSS_FILESYSTEM not set).
2026-02-21 11:20:40.350 [info] > git rev-parse --show-toplevel [2ms]
2026-02-21 11:20:40.350 [info] fatal: not a git repository (or any parent up to mount point /)
Stopping at filesystem boundary (GIT_DISCOVERY_ACROSS_FILESYSTEM not set).
2026-02-21 11:20:42.371 [info] > git rev-parse --show-toplevel [2ms]
2026-02-21 11:20:42.371 [info] fatal: not a git repository (or any parent up to mount point /)
Stopping at filesystem boundary (GIT_DISCOVERY_ACROSS_FILESYSTEM not set).
2026-02-21 11:20:43.966 [info] > git rev-parse --show-toplevel [1ms]
2026-02-21 11:20:43.966 [info] fatal: not a git repository (or any parent up to mount point /)
Stopping at filesystem boundary (GIT_DISCOVERY_ACROSS_FILESYSTEM not set).
2026-02-21 11:20:55.916 [info] > git rev-parse --show-toplevel [6ms]
2026-02-21 11:20:55.916 [info] fatal: not a git repository (or any parent up to mount point /)
Stopping at filesystem boundary (GIT_DISCOVERY_ACROSS_FILESYSTEM not set).
2026-02-21 11:23:47.272 [info] > git rev-parse --show-toplevel [3ms]
2026-02-21 11:23:47.272 [info] fatal: not a git repository (or any parent up to mount point /)
Stopping at filesystem boundary (GIT_DISCOVERY_ACROSS_FILESYSTEM not set).
2026-02-21 13:00:11.080 [info] > git rev-parse --show-toplevel [9ms]
2026-02-21 13:00:11.080 [info] fatal: not a git repository (or any parent up to mount point /)
Stopping at filesystem boundary (GIT_DISCOVERY_ACROSS_FILESYSTEM not set).
2026-02-21 13:00:11.092 [info] > git rev-parse --show-toplevel [4ms]
2026-02-21 13:00:11.092 [info] fatal: not a git repository (or any parent up to mount point /)
Stopping at filesystem boundary (GIT_DISCOVERY_ACROSS_FILESYSTEM not set).
2026-02-21 13:00:11.100 [info] > git rev-parse --show-toplevel [1ms]
2026-02-21 13:00:11.100 [info] fatal: not a git repository (or any parent up to mount point /)
Stopping at filesystem boundary (GIT_DISCOVERY_ACROSS_FILESYSTEM not set).
2026-02-21 13:00:11.108 [info] > git rev-parse --show-toplevel [2ms]
2026-02-21 13:00:11.108 [info] fatal: not a git repository (or any parent up to mount point /)
Stopping at filesystem boundary (GIT_DISCOVERY_ACROSS_FILESYSTEM not set).
2026-02-21 13:00:11.113 [info] > git rev-parse --show-toplevel [1ms]
2026-02-21 13:00:11.113 [info] fatal: not a git repository (or any parent up to mount point /)
Stopping at filesystem boundary (GIT_DISCOVERY_ACROSS_FILESYSTEM not set).
2026-02-21 13:00:11.119 [info] > git rev-parse --show-toplevel [1ms]
2026-02-21 13:00:11.119 [info] fatal: not a git repository (or any parent up to mount point /)
Stopping at filesystem boundary (GIT_DISCOVERY_ACROSS_FILESYSTEM not set).
2026-02-21 13:01:37.892 [info] > git rev-parse --show-toplevel [1ms]
2026-02-21 13:01:37.892 [info] fatal: not a git repository (or any parent up to mount point /)
Stopping at filesystem boundary (GIT_DISCOVERY_ACROSS_FILESYSTEM not set).
2026-02-21 13:01:46.341 [info] > git rev-parse --show-toplevel [9ms]
2026-02-21 13:01:46.341 [info] fatal: not a git repository (or any parent up to mount point /)
Stopping at filesystem boundary (GIT_DISCOVERY_ACROSS_FILESYSTEM not set).
2026-02-21 13:01:46.765 [info] > git rev-parse --show-toplevel [1ms]
2026-02-21 13:01:46.765 [info] fatal: not a git repository (or any parent up to mount point /)
Stopping at filesystem boundary (GIT_DISCOVERY_ACROSS_FILESYSTEM not set).
2026-02-21 13:37:33.126 [info] > git rev-parse --show-toplevel [2ms]
2026-02-21 13:37:33.126 [info] fatal: not a git repository (or any parent up to mount point /)
Stopping at filesystem boundary (GIT_DISCOVERY_ACROSS_FILESYSTEM not set).
2026-02-21 13:37:36.132 [info] > git rev-parse --show-toplevel [2ms]
2026-02-21 13:37:36.132 [info] fatal: not a git repository (or any parent up to mount point /)
Stopping at filesystem boundary (GIT_DISCOVERY_ACROSS_FILESYSTEM not set).
2026-02-21 13:37:40.264 [info] > git rev-parse --show-toplevel [3ms]
2026-02-21 13:37:40.264 [info] fatal: not a git repository (or any parent up to mount point /)
Stopping at filesystem boundary (GIT_DISCOVERY_ACROSS_FILESYSTEM not set).
2026-02-21 13:37:44.168 [info] > git rev-parse --show-toplevel [3ms]
2026-02-21 13:37:44.168 [info] fatal: not a git repository (or any parent up to mount point /)
Stopping at filesystem boundary (GIT_DISCOVERY_ACROSS_FILESYSTEM not set).
2026-02-21 13:37:49.810 [info] > git rev-parse --show-toplevel [1ms]
2026-02-21 13:37:49.810 [info] fatal: not a git repository (or any parent up to mount point /)
Stopping at filesystem boundary (GIT_DISCOVERY_ACROSS_FILESYSTEM not set).
2026-02-21 13:37:50.186 [info] > git rev-parse --show-toplevel [1ms]
2026-02-21 13:37:50.186 [info] fatal: not a git repository (or any parent up to mount point /)
Stopping at filesystem boundary (GIT_DISCOVERY_ACROSS_FILESYSTEM not set).
2026-02-21 15:13:44.283 [info] > git rev-parse --show-toplevel [4ms]
2026-02-21 15:13:44.283 [info] fatal: not a git repository (or any parent up to mount point /)
Stopping at filesystem boundary (GIT_DISCOVERY_ACROSS_FILESYSTEM not set).
2026-02-21 15:13:53.605 [info] > git rev-parse --show-toplevel [2ms]
2026-02-21 15:13:53.605 [info] fatal: not a git repository (or any parent up to mount point /)
Stopping at filesystem boundary (GIT_DISCOVERY_ACROSS_FILESYSTEM not set).
2026-02-21 15:17:53.135 [info] > git rev-parse --show-toplevel [11ms]
2026-02-21 15:17:53.135 [info] fatal: not a git repository (or any parent up to mount point /)
Stopping at filesystem boundary (GIT_DISCOVERY_ACROSS_FILESYSTEM not set).
2026-02-21 15:17:53.414 [info] > git rev-parse --show-toplevel [1ms]
2026-02-21 15:17:53.414 [info] fatal: not a git repository (or any parent up to mount point /)
Stopping at filesystem boundary (GIT_DISCOVERY_ACROSS_FILESYSTEM not set).
2026-02-21 15:18:50.665 [info] > git rev-parse --show-toplevel [1ms]
2026-02-21 15:18:50.665 [info] fatal: not a git repository (or any parent up to mount point /)
Stopping at filesystem boundary (GIT_DISCOVERY_ACROSS_FILESYSTEM not set).
2026-02-21 15:19:28.748 [info] > git rev-parse --show-toplevel [2ms]
2026-02-21 15:19:28.748 [info] fatal: not a git repository (or any parent up to mount point /)
Stopping at filesystem boundary (GIT_DISCOVERY_ACROSS_FILESYSTEM not set).
2026-02-21 15:22:52.010 [info] > git rev-parse --show-toplevel [2ms]
2026-02-21 15:22:52.010 [info] fatal: not a git repository (or any parent up to mount point /)
Stopping at filesystem boundary (GIT_DISCOVERY_ACROSS_FILESYSTEM not set).
2026-02-21 15:23:55.145 [info] > git rev-parse --show-toplevel [1ms]
2026-02-21 15:23:55.145 [info] fatal: not a git repository (or any parent up to mount point /)
Stopping at filesystem boundary (GIT_DISCOVERY_ACROSS_FILESYSTEM not set).
