2026-02-17 11:58:54.896 [info] [main] Log level: Info
2026-02-17 11:58:54.896 [info] [main] Validating found git in: "git"
2026-02-17 11:58:54.896 [info] [main] Using git "2.53.0" from "git"
2026-02-17 11:58:54.896 [info] [Model][doInitialScan] Initial repository scan started
2026-02-17 11:58:54.896 [info] > git rev-parse --show-toplevel [8ms]
2026-02-17 11:58:54.896 [info] > git rev-parse --git-dir --git-common-dir --show-superproject-working-tree [2ms]
2026-02-17 11:58:54.896 [info] [Model][openRepository] Opened repository (path): /home/archguy/CascadeProjects/personal-website
2026-02-17 11:58:54.896 [info] [Model][openRepository] Opened repository (real path): /home/archguy/CascadeProjects/personal-website
2026-02-17 11:58:54.896 [info] [Model][openRepository] Opened repository (kind): repository
2026-02-17 11:58:54.896 [info] > git rev-parse --show-toplevel [1ms]
2026-02-17 11:58:54.896 [info] > git config --get commit.template [4ms]
2026-02-17 11:58:54.896 [info] > git rev-parse --show-toplevel [23ms]
2026-02-17 11:58:54.902 [info] > git for-each-ref --format=%(refname)%00%(upstream:short)%00%(objectname)%00%(upstream:track)%00%(upstream:remotename)%00%(upstream:remoteref) refs/heads/main refs/remotes/main [7ms]
2026-02-17 11:58:54.902 [info] > git rev-parse --show-toplevel [1ms]
2026-02-17 11:58:54.913 [info] > git rev-parse --show-toplevel [7ms]
2026-02-17 11:58:54.916 [info] > git for-each-ref --sort -committerdate --format %(refname)%00%(objectname)%00%(*objectname) [4ms]
2026-02-17 11:58:54.918 [info] > git rev-parse --show-toplevel [2ms]
2026-02-17 11:58:54.922 [info] > git rev-parse --show-toplevel [1ms]
2026-02-17 11:58:54.924 [info] > git status -z -uall [15ms]
2026-02-17 11:58:54.946 [info] > git for-each-ref --format=%(refname)%00%(upstream:short)%00%(objectname)%00%(upstream:track)%00%(upstream:remotename)%00%(upstream:remoteref) refs/heads/main refs/remotes/main [5ms]
2026-02-17 11:58:54.950 [info] > git rev-parse --show-toplevel [26ms]
2026-02-17 11:58:54.951 [info] [Model][doInitialScan] Initial repository scan completed - repositories (1), closed repositories (0), parent repositories (0), unsafe repositories (0)
2026-02-17 11:58:54.952 [info] > git config --get --local branch.main.vscode-merge-base [2ms]
2026-02-17 11:58:54.956 [info] > git config --get commit.template [10ms]
2026-02-17 11:58:54.956 [info] > git for-each-ref --format=%(refname)%00%(upstream:short)%00%(objectname)%00%(upstream:track)%00%(upstream:remotename)%00%(upstream:remoteref) refs/heads/origin/main refs/remotes/origin/main [1ms]
2026-02-17 11:58:54.963 [info] > git merge-base refs/heads/main refs/remotes/origin/main [3ms]
2026-02-17 11:58:54.967 [info] > git for-each-ref --format=%(refname)%00%(upstream:short)%00%(objectname)%00%(upstream:track)%00%(upstream:remotename)%00%(upstream:remoteref) refs/heads/main refs/remotes/main [4ms]
2026-02-17 11:58:54.973 [info] > git status -z -uall [3ms]
2026-02-17 11:58:54.974 [info] > git diff --name-status -z --diff-filter=ADMR --find-renames=50% 49acfacc2978b64434ac4764b38e61e0d433a8b9...refs/remotes/origin/main -- [7ms]
2026-02-17 11:58:54.974 [info] > git for-each-ref --sort -committerdate --format %(refname)%00%(objectname)%00%(*objectname) [1ms]
2026-02-17 11:58:55.185 [info] > git show --textconv :src/components/Gallery.jsx [10ms]
2026-02-17 11:58:55.185 [info] > git ls-files --stage -- src/components/Gallery.jsx [4ms]
2026-02-17 11:58:55.197 [info] > git cat-file -s ffa80ca69b30e5edc68bc65e64b46123337d6291 [8ms]
2026-02-17 11:58:55.358 [info] > git blame --root --incremental 49acfacc2978b64434ac4764b38e61e0d433a8b9 -- src/components/Gallery.jsx [104ms]
2026-02-17 11:58:57.235 [info] > git check-ignore -v -z --stdin [6ms]
2026-02-17 11:58:57.901 [info] > git config --get commit.template [7ms]
2026-02-17 11:58:57.902 [info] > git for-each-ref --format=%(refname)%00%(upstream:short)%00%(objectname)%00%(upstream:track)%00%(upstream:remotename)%00%(upstream:remoteref) refs/heads/main refs/remotes/main [2ms]
2026-02-17 11:58:57.910 [info] > git status -z -uall [4ms]
2026-02-17 11:58:57.911 [info] > git for-each-ref --sort -committerdate --format %(refname)%00%(objectname)%00%(*objectname) [1ms]
2026-02-17 11:58:58.000 [info] > git ls-files --stage -- src/components/Gallery.jsx [3ms]
2026-02-17 11:58:58.009 [info] > git cat-file -s ffa80ca69b30e5edc68bc65e64b46123337d6291 [2ms]
2026-02-17 11:58:58.020 [info] > git show --textconv :src/components/Gallery.jsx [3ms]
2026-02-17 11:58:58.423 [info] > git check-ignore -v -z --stdin [2ms]
2026-02-17 11:59:02.240 [info] > git check-ignore -v -z --stdin [3ms]
2026-02-17 11:59:02.763 [info] > git show --textconv :public/shitsays/2026-02-05.md [16ms]
2026-02-17 11:59:02.763 [info] > git ls-files --stage -- public/shitsays/2026-02-05.md [11ms]
2026-02-17 11:59:02.768 [info] > git cat-file -s a975f773fdf42accb4d8116db830de9393325fad [2ms]
2026-02-17 11:59:02.877 [info] > git blame --root --incremental 49acfacc2978b64434ac4764b38e61e0d433a8b9 -- public/shitsays/2026-02-05.md [58ms]
2026-02-17 11:59:03.158 [info] > git ls-files --stage -- public/shitsays/2026-02-13.md [2ms]
2026-02-17 11:59:03.211 [info] > git show --textconv :public/shitsays/2026-02-13.md [61ms]
2026-02-17 11:59:03.212 [info] > git cat-file -s b5051c7c738423794f3e815a852943e368faf1a7 [50ms]
2026-02-17 11:59:03.245 [info] > git blame --root --incremental 49acfacc2978b64434ac4764b38e61e0d433a8b9 -- public/shitsays/2026-02-13.md [7ms]
2026-02-17 11:59:04.212 [info] > git ls-files --stage -- public/shitsays/2026-02-11.md [2ms]
2026-02-17 11:59:04.268 [info] > git show --textconv :public/shitsays/2026-02-11.md [65ms]
2026-02-17 11:59:04.268 [info] > git cat-file -s 6b3586f4ac717ffdc30d0e4ca3059ca3835e9512 [52ms]
2026-02-17 11:59:04.294 [info] > git blame --root --incremental 49acfacc2978b64434ac4764b38e61e0d433a8b9 -- public/shitsays/2026-02-11.md [8ms]
2026-02-17 11:59:04.799 [info] > git ls-files --stage -- public/shitsays/2026-02-14.md [2ms]
2026-02-17 11:59:04.888 [info] > git show --textconv :public/shitsays/2026-02-14.md [96ms]
2026-02-17 11:59:04.889 [info] > git cat-file -s 93db1c6d4ec099d139bdac3a7c25a375745819c1 [83ms]
2026-02-17 11:59:04.909 [info] > git blame --root --incremental 49acfacc2978b64434ac4764b38e61e0d433a8b9 -- public/shitsays/2026-02-14.md [6ms]
2026-02-17 11:59:16.662 [info] > git ls-files --stage -- public/shitsays/2026-02-09.md [2ms]
2026-02-17 11:59:16.812 [info] > git show --textconv :public/shitsays/2026-02-09.md [159ms]
2026-02-17 11:59:16.813 [info] > git cat-file -s 24f7a3434405197a6dbbd48e52cd52448316e8f4 [146ms]
2026-02-17 11:59:16.850 [info] > git blame --root --incremental 49acfacc2978b64434ac4764b38e61e0d433a8b9 -- public/shitsays/2026-02-09.md [20ms]
2026-02-17 11:59:28.590 [info] > git show --textconv :public/shitsays/2026-02-17.md [9ms]
2026-02-17 11:59:28.597 [info] > git ls-files --stage -- public/shitsays/2026-02-17.md [8ms]
2026-02-17 11:59:28.604 [info] > git hash-object -t tree /dev/null [8ms]
2026-02-17 11:59:28.604 [warning] [GitFileSystemProvider][readFile] File not found - git:/home/archguy/CascadeProjects/personal-website/public/shitsays/2026-02-17.md.git?%7B%22path%22%3A%22%2Fhome%2Farchguy%2FCascadeProjects%2Fpersonal-website%2Fpublic%2Fshitsays%2F2026-02-17.md%22%2C%22ref%22%3A%22%22%7D
2026-02-17 11:59:28.605 [info] > git hash-object -t tree /dev/null [2ms]
2026-02-17 11:59:28.605 [warning] [GitFileSystemProvider][stat] File not found - git:/home/archguy/CascadeProjects/personal-website/public/shitsays/2026-02-17.md.git?%7B%22path%22%3A%22%2Fhome%2Farchguy%2FCascadeProjects%2Fpersonal-website%2Fpublic%2Fshitsays%2F2026-02-17.md%22%2C%22ref%22%3A%22%22%7D
2026-02-17 11:59:28.860 [info] > git check-ignore -v -z --stdin [2ms]
2026-02-17 11:59:29.273 [info] > git config --get commit.template [8ms]
2026-02-17 11:59:29.274 [info] > git for-each-ref --format=%(refname)%00%(upstream:short)%00%(objectname)%00%(upstream:track)%00%(upstream:remotename)%00%(upstream:remoteref) refs/heads/main refs/remotes/main [3ms]
2026-02-17 11:59:29.289 [info] > git status -z -uall [9ms]
2026-02-17 11:59:29.291 [info] > git for-each-ref --sort -committerdate --format %(refname)%00%(objectname)%00%(*objectname) [3ms]
2026-02-17 11:59:40.224 [info] > git show --textconv :public/shitsays/2026-02-14.md [4ms]
2026-02-17 11:59:40.224 [info] > git ls-files --stage -- public/shitsays/2026-02-14.md [0ms]
2026-02-17 11:59:40.228 [info] > git cat-file -s 93db1c6d4ec099d139bdac3a7c25a375745819c1 [1ms]
2026-02-17 11:59:51.540 [info] > git config --get commit.template [7ms]
2026-02-17 11:59:51.542 [info] > git for-each-ref --format=%(refname)%00%(upstream:short)%00%(objectname)%00%(upstream:track)%00%(upstream:remotename)%00%(upstream:remoteref) refs/heads/main refs/remotes/main [3ms]
2026-02-17 11:59:51.555 [info] > git status -z -uall [7ms]
2026-02-17 11:59:51.557 [info] > git for-each-ref --sort -committerdate --format %(refname)%00%(objectname)%00%(*objectname) [2ms]
2026-02-17 11:59:56.578 [info] > git config --get commit.template [9ms]
2026-02-17 11:59:56.579 [info] > git for-each-ref --format=%(refname)%00%(upstream:short)%00%(objectname)%00%(upstream:track)%00%(upstream:remotename)%00%(upstream:remoteref) refs/heads/main refs/remotes/main [3ms]
2026-02-17 11:59:56.630 [info] > git status -z -uall [45ms]
2026-02-17 11:59:56.630 [info] > git for-each-ref --sort -committerdate --format %(refname)%00%(objectname)%00%(*objectname) [38ms]
2026-02-17 12:00:33.866 [info] > git config --get commit.template [8ms]
2026-02-17 12:00:33.867 [info] > git for-each-ref --format=%(refname)%00%(upstream:short)%00%(objectname)%00%(upstream:track)%00%(upstream:remotename)%00%(upstream:remoteref) refs/heads/main refs/remotes/main [2ms]
2026-02-17 12:00:33.881 [info] > git status -z -uall [7ms]
2026-02-17 12:00:33.883 [info] > git for-each-ref --sort -committerdate --format %(refname)%00%(objectname)%00%(*objectname) [3ms]
