2026-02-20 09:55:37.607 [info] (Windsurf) 2026-02-20 09:55:37.606 [INFO]: [windsurf#terminal] Shell integration DETECTED for managed
2026-02-20 09:56:16.544 [info] (Windsurf) 2026-02-20 09:56:16.544 [INFO]: [windsurf#terminal] Shell integration FAILED for unknown, reason: failedToSetStickyBit
2026-02-20 09:56:17.279 [info] 2026/02/20 09:56:17 maxprocs: Leaving GOMAXPROCS=8: CPU quota undefined
2026-02-20 09:56:17.469 [info] I0220 09:56:17.469211  8102 main.go:604] Setting GOMAXPROCS to 4
2026-02-20 09:56:17.472 [info] I0220 09:56:17.472575  8102 main.go:819] Starting language server process with pid 8102
2026-02-20 09:56:17.475 [info] I0220 09:56:17.475617  8102 server.go:359] Language server will attempt to listen on host 127.0.0.1
2026-02-20 09:56:17.478 [info] I0220 09:56:17.477926  8102 server.go:366] Language server listening on random port at 40735
2026-02-20 09:56:18.410 [info] I0220 09:56:18.410246  8102 server.go:500] Created extension server client at port 46159
2026-02-20 09:56:18.595 [info] (Windsurf) 2026-02-20 09:56:18.593 [INFO]: Language server started
2026-02-20 09:56:18.624 [info] (Windsurf) 2026-02-20 09:56:18.624 [INFO]: LS lspClient started successfully
2026-02-20 10:28:48.587 [info] (Windsurf) 2026-02-20 10:28:48.584 [INFO]: Shutting down all 0 managed language servers
2026-02-20 10:28:52.973 [info] (Windsurf) 2026-02-20 10:28:52.972 [INFO]: [windsurf#terminal] Shell integration DETECTED for managed
2026-02-20 10:28:53.032 [info] (Windsurf) 2026-02-20 10:28:53.032 [INFO]: [windsurf#terminal] Shell integration DETECTED for unknown
2026-02-20 10:28:53.165 [info] 2026/02/20 10:28:53 maxprocs: Leaving GOMAXPROCS=8: CPU quota undefined
2026-02-20 10:28:53.165 [info] I0220 10:28:53.126340 22803 main.go:604] Setting GOMAXPROCS to 4
2026-02-20 10:28:53.165 [info] I0220 10:28:53.126436 22803 main.go:819] Starting language server process with pid 22803
2026-02-20 10:28:53.165 [info] I0220 10:28:53.126628 22803 server.go:359] Language server will attempt to listen on host 127.0.0.1
2026-02-20 10:28:53.165 [info] I0220 10:28:53.126783 22803 server.go:366] Language server listening on random port at 38829
2026-02-20 10:28:53.875 [info] I0220 10:28:53.804786 22803 server.go:500] Created extension server client at port 45895
2026-02-20 10:28:54.045 [info] (Windsurf) 2026-02-20 10:28:54.044 [INFO]: Language server started
2026-02-20 10:28:54.113 [info] (Windsurf) 2026-02-20 10:28:54.113 [INFO]: LS lspClient started successfully
2026-02-20 10:29:02.110 [info] I0220 10:29:02.101703 22803 completion_provider.go:869] err: context canceled
2026-02-20 10:44:22.072 [info] (Windsurf) 2026-02-20 10:44:22.068 [INFO]: Shutting down all 0 managed language servers
