2026-02-21 10:06:19.902 [info] WindsurfWindowsMainManager: Window will load {"windowId":1,"workspaceUri":{"id":"cebdf52d45ea236ac1955a7b3d620a38","uri":{"$mid":1,"fsPath":"/home/archguy/CascadeProjects/personal-website","external":"file:///home/archguy/CascadeProjects/personal-website","path":"/home/archguy/CascadeProjects/personal-website","scheme":"file"}}}
2026-02-21 10:06:19.908 [info] update#setState idle
2026-02-21 10:06:49.722 [info] update#setState checking for updates
2026-02-21 10:06:50.079 [info] update#setState available for download
2026-02-21 10:58:35.623 [info] Extension host with pid 24159 exited with code: 0, signal: unknown.
2026-02-21 10:58:35.691 [info] WindsurfWindowsMainManager: Window will load {"windowId":1,"workspaceUri":{"id":"245536568feaf1fe62d92c8ec8a5f027","uri":{"$mid":1,"fsPath":"/home/archguy/CascadeProjects/MyLibrary","external":"file:///home/archguy/CascadeProjects/MyLibrary","path":"/home/archguy/CascadeProjects/MyLibrary","scheme":"file"}}}
2026-02-21 10:58:35.706 [error] [UtilityProcess id: 1, type: fileWatcher, pid: 24158]: crashed with code 15 and reason 'killed'
2026-02-21 10:58:35.707 [error] === UTILITY PROCESS CRASH REPORT ===
2026-02-21 10:58:35.707 [error] Time: 2026-02-21T02:58:35.707Z
2026-02-21 10:58:35.707 [error] PID: 24158, Exit Code: 15 (Unknown exit code (15)), Reason: killed
2026-02-21 10:58:35.707 [error] Process Type: fileWatcher
2026-02-21 10:58:35.707 [error] Process ID: 1
2026-02-21 10:58:35.707 [error] Entry Point: vs/platform/files/node/watcher/watcherMain
2026-02-21 10:58:35.707 [error] Main Process Memory: RSS=201MB, Heap=19MB, External=4MB
2026-02-21 10:58:35.707 [error] System Information:
2026-02-21 10:58:35.707 [error]   - Node Version: v22.22.0
2026-02-21 10:58:35.707 [error]   - Platform: linux_x64
2026-02-21 10:58:35.707 [error]   - Electron Version: 39.5.2
2026-02-21 10:58:35.707 [error] Active Utility Processes: 2 processes
2026-02-21 10:58:35.707 [error] Sample Processes:
2026-02-21 10:58:35.707 [error]   - shared-process (PID: 24157)
2026-02-21 10:58:35.707 [error]   - pty-host (PID: 24233)
2026-02-21 10:58:35.707 [error] === END UTILITY PROCESS CRASH REPORT ===
2026-02-21 15:32:39.911 [info] Extension host with pid 52424 exited with code: 0, signal: unknown.
2026-02-21 15:32:40.478 [info] WindsurfWindowsMainManager: Window will close {"windowId":1,"workspaceUri":{"id":"245536568feaf1fe62d92c8ec8a5f027","uri":{"$mid":1,"fsPath":"/home/archguy/CascadeProjects/MyLibrary","external":"file:///home/archguy/CascadeProjects/MyLibrary","path":"/home/archguy/CascadeProjects/MyLibrary","scheme":"file"}}}
2026-02-21 15:32:40.744 [info] WindsurfWindowsMainManager: Shutdown initiated, capturing current window group state
