2026-02-20 09:55:35.593 [info] [main] Log level: Info
2026-02-20 09:55:35.593 [info] [main] Validating found git in: "git"
2026-02-20 09:55:35.593 [info] [main] Using git "2.53.0" from "git"
2026-02-20 09:55:35.593 [info] [Model][doInitialScan] Initial repository scan started
2026-02-20 09:55:35.593 [info] > git rev-parse --show-toplevel [20ms]
2026-02-20 09:55:35.593 [info] fatal: not a git repository (or any parent up to mount point /)
Stopping at filesystem boundary (GIT_DISCOVERY_ACROSS_FILESYSTEM not set).
2026-02-20 09:55:35.593 [info] > git rev-parse --show-toplevel [39ms]
2026-02-20 09:55:35.593 [info] fatal: not a git repository (or any parent up to mount point /)
Stopping at filesystem boundary (GIT_DISCOVERY_ACROSS_FILESYSTEM not set).
2026-02-20 09:55:35.593 [info] > git rev-parse --show-toplevel [3ms]
2026-02-20 09:55:35.593 [info] fatal: not a git repository (or any parent up to mount point /)
Stopping at filesystem boundary (GIT_DISCOVERY_ACROSS_FILESYSTEM not set).
2026-02-20 09:55:35.652 [info] > git rev-parse --show-toplevel [55ms]
2026-02-20 09:55:35.652 [info] fatal: not a git repository (or any parent up to mount point /)
Stopping at filesystem boundary (GIT_DISCOVERY_ACROSS_FILESYSTEM not set).
2026-02-20 09:55:35.716 [info] > git rev-parse --show-toplevel [21ms]
2026-02-20 09:55:35.716 [info] fatal: not a git repository (or any parent up to mount point /)
Stopping at filesystem boundary (GIT_DISCOVERY_ACROSS_FILESYSTEM not set).
2026-02-20 09:55:35.722 [info] > git rev-parse --show-toplevel [2ms]
2026-02-20 09:55:35.722 [info] fatal: not a git repository (or any parent up to mount point /)
Stopping at filesystem boundary (GIT_DISCOVERY_ACROSS_FILESYSTEM not set).
2026-02-20 09:55:35.723 [info] [Model][doInitialScan] Initial repository scan completed - repositories (0), closed repositories (0), parent repositories (0), unsafe repositories (0)
2026-02-20 09:55:36.563 [info] > git rev-parse --show-toplevel [1ms]
2026-02-20 09:55:36.563 [info] fatal: not a git repository (or any parent up to mount point /)
Stopping at filesystem boundary (GIT_DISCOVERY_ACROSS_FILESYSTEM not set).
2026-02-20 09:55:43.645 [info] > git rev-parse --show-toplevel [2ms]
2026-02-20 09:55:43.646 [info] fatal: not a git repository (or any parent up to mount point /)
Stopping at filesystem boundary (GIT_DISCOVERY_ACROSS_FILESYSTEM not set).
2026-02-20 09:56:37.084 [info] > git rev-parse --show-toplevel [7ms]
2026-02-20 09:56:37.084 [info] fatal: not a git repository (or any parent up to mount point /)
Stopping at filesystem boundary (GIT_DISCOVERY_ACROSS_FILESYSTEM not set).
2026-02-20 09:56:48.622 [info] > git rev-parse --show-toplevel [4ms]
2026-02-20 09:56:48.622 [info] fatal: not a git repository (or any parent up to mount point /)
Stopping at filesystem boundary (GIT_DISCOVERY_ACROSS_FILESYSTEM not set).
2026-02-20 10:28:51.173 [info] [main] Log level: Info
2026-02-20 10:28:51.173 [info] [main] Validating found git in: "git"
2026-02-20 10:28:51.173 [info] [main] Using git "2.53.0" from "git"
2026-02-20 10:28:51.173 [info] [Model][doInitialScan] Initial repository scan started
2026-02-20 10:28:51.173 [info] > git rev-parse --show-toplevel [25ms]
2026-02-20 10:28:51.198 [info] > git rev-parse --git-dir --git-common-dir --show-superproject-working-tree [4ms]
2026-02-20 10:28:51.209 [info] [Model][openRepository] Opened repository (path): /home/archguy/CascadeProjects/personal-website
2026-02-20 10:28:51.209 [info] [Model][openRepository] Opened repository (real path): /home/archguy/CascadeProjects/personal-website
2026-02-20 10:28:51.209 [info] [Model][openRepository] Opened repository (kind): repository
2026-02-20 10:28:51.219 [info] > git rev-parse --show-toplevel [2ms]
2026-02-20 10:28:51.219 [info] > git config --get commit.template [4ms]
2026-02-20 10:28:51.247 [info] > git rev-parse --show-toplevel [13ms]
2026-02-20 10:28:51.250 [info] > git rev-parse --show-toplevel [0ms]
2026-02-20 10:28:51.253 [info] > git rev-parse --show-toplevel [0ms]
2026-02-20 10:28:51.257 [info] > git for-each-ref --format=%(refname)%00%(upstream:short)%00%(objectname)%00%(upstream:track)%00%(upstream:remotename)%00%(upstream:remoteref) refs/heads/main refs/remotes/main [11ms]
2026-02-20 10:28:51.258 [info] > git rev-parse --show-toplevel [2ms]
2026-02-20 10:28:51.266 [info] > git rev-parse --show-toplevel [6ms]
2026-02-20 10:28:51.268 [info] [Model][doInitialScan] Initial repository scan completed - repositories (1), closed repositories (0), parent repositories (0), unsafe repositories (0)
2026-02-20 10:28:51.269 [info] > git for-each-ref --sort -committerdate --format %(refname)%00%(objectname)%00%(*objectname) [3ms]
2026-02-20 10:28:51.278 [info] > git status -z -uall [15ms]
2026-02-20 10:28:51.302 [info] > git for-each-ref --format=%(refname)%00%(upstream:short)%00%(objectname)%00%(upstream:track)%00%(upstream:remotename)%00%(upstream:remoteref) refs/heads/main refs/remotes/main [6ms]
2026-02-20 10:28:51.311 [info] > git config --get --local branch.main.vscode-merge-base [5ms]
2026-02-20 10:28:51.315 [info] > git config --get commit.template [13ms]
2026-02-20 10:28:51.316 [info] > git for-each-ref --format=%(refname)%00%(upstream:short)%00%(objectname)%00%(upstream:track)%00%(upstream:remotename)%00%(upstream:remoteref) refs/heads/origin/main refs/remotes/origin/main [2ms]
2026-02-20 10:28:51.357 [info] > git merge-base refs/heads/main refs/remotes/origin/main [36ms]
2026-02-20 10:28:51.373 [info] > git diff --name-status -z --diff-filter=ADMR --find-renames=50% ba32cc42f05157c895a5f9f7b1d1f9a0f42aff0a...refs/remotes/origin/main -- [13ms]
2026-02-20 10:28:51.374 [info] > git for-each-ref --format=%(refname)%00%(upstream:short)%00%(objectname)%00%(upstream:track)%00%(upstream:remotename)%00%(upstream:remoteref) refs/heads/main refs/remotes/main [18ms]
2026-02-20 10:28:51.382 [info] > git status -z -uall [3ms]
2026-02-20 10:28:51.383 [info] > git for-each-ref --sort -committerdate --format %(refname)%00%(objectname)%00%(*objectname) [2ms]
2026-02-20 10:28:52.728 [info] > git check-ignore -v -z --stdin [1ms]
2026-02-20 10:28:54.090 [info] > git show --textconv :src/components/Comments.jsx [20ms]
2026-02-20 10:28:54.090 [info] > git ls-files --stage -- src/components/Comments.jsx [10ms]
2026-02-20 10:28:54.105 [info] > git cat-file -s 4a6611984077c51991697a1e9846b0cdde63e271 [6ms]
2026-02-20 10:28:54.249 [info] > git blame --root --incremental ba32cc42f05157c895a5f9f7b1d1f9a0f42aff0a -- src/components/Comments.jsx [77ms]
2026-02-20 10:28:58.700 [info] > git check-ignore -v -z --stdin [0ms]
2026-02-20 10:28:59.557 [info] > git show --textconv :posts/英文中的汉语舶来词.md [20ms]
2026-02-20 10:28:59.558 [info] > git ls-files --stage -- posts/英文中的汉语舶来词.md [9ms]
2026-02-20 10:28:59.578 [info] > git cat-file -s f6b14a8b1e069524f1d11c3dedcb2f6d7439b1d5 [12ms]
2026-02-20 10:28:59.869 [info] > git show --textconv :posts/英语中的航海文化.md [4ms]
2026-02-20 10:28:59.871 [info] > git ls-files --stage -- posts/英语中的航海文化.md [3ms]
2026-02-20 10:28:59.878 [info] > git cat-file -s 379eb0c6ab4bade7e3f6218f61de72025f8d9762 [3ms]
2026-02-20 10:28:59.887 [info] > git blame --root --incremental ba32cc42f05157c895a5f9f7b1d1f9a0f42aff0a -- posts/英语中的航海文化.md [1ms]
2026-02-20 10:29:02.120 [info] > git config --get commit.template [3ms]
2026-02-20 10:29:02.120 [info] > git for-each-ref --format=%(refname)%00%(upstream:short)%00%(objectname)%00%(upstream:track)%00%(upstream:remotename)%00%(upstream:remoteref) refs/heads/main refs/remotes/main [1ms]
2026-02-20 10:29:02.126 [info] > git status -z -uall [3ms]
2026-02-20 10:29:02.126 [info] > git for-each-ref --sort -committerdate --format %(refname)%00%(objectname)%00%(*objectname) [0ms]
2026-02-20 10:29:22.307 [info] > git config --get commit.template [8ms]
2026-02-20 10:29:22.307 [info] > git for-each-ref --format=%(refname)%00%(upstream:short)%00%(objectname)%00%(upstream:track)%00%(upstream:remotename)%00%(upstream:remoteref) refs/heads/main refs/remotes/main [2ms]
2026-02-20 10:29:22.321 [info] > git status -z -uall [6ms]
2026-02-20 10:29:22.322 [info] > git for-each-ref --sort -committerdate --format %(refname)%00%(objectname)%00%(*objectname) [2ms]
