2026-02-18 20:58:54.221 [info] Extension host with pid 39333 started
2026-02-18 20:58:54.221 [info] Skipping acquiring lock for /home/archguy/.config/Windsurf/User/workspaceStorage/cebdf52d45ea236ac1955a7b3d620a38.
2026-02-18 20:58:54.359 [info] ExtensionService#_doActivateExtension vscode.emmet, startup: false, activationEvent: 'onLanguage'
2026-02-18 20:58:54.378 [info] ExtensionService#_doActivateExtension vscode.git-base, startup: false, activationEvent: '*', root cause: vscode.git
2026-02-18 20:58:54.386 [info] ExtensionService#_doActivateExtension codeium.windsurf, startup: false, activationEvent: '*'
2026-02-18 20:58:54.919 [info] ExtensionService#_doActivateExtension vscode.extension-editing, startup: false, activationEvent: 'onLanguage:markdown'
2026-02-18 20:58:54.937 [info] ExtensionService#_doActivateExtension vscode.markdown-language-features, startup: false, activationEvent: 'onLanguage:markdown'
2026-02-18 20:58:55.067 [info] ExtensionService#_doActivateExtension vscode.git, startup: false, activationEvent: '*'
2026-02-18 20:58:55.105 [info] ExtensionService#_doActivateExtension vscode.github, startup: false, activationEvent: '*'
2026-02-18 20:58:55.369 [info] ExtensionService#_doActivateExtension vscode.markdown-math, startup: false, activationEvent: 'api', root cause: vscode.markdown-language-features
2026-02-18 20:58:55.394 [info] ExtensionService#_doActivateExtension vscode.npm, startup: true, activationEvent: 'workspaceContains:package.json'
2026-02-18 20:58:55.543 [info] ExtensionService#_doActivateExtension vscode.github-authentication, startup: false, activationEvent: 'onAuthenticationRequest:github'
2026-02-18 20:59:00.534 [info] ExtensionService#_doActivateExtension vscode.configuration-editing, startup: false, activationEvent: 'onLanguage:json'
2026-02-18 20:59:00.544 [info] ExtensionService#_doActivateExtension vscode.json-language-features, startup: false, activationEvent: 'onLanguage:json'
2026-02-18 20:59:01.003 [info] ExtensionService#_doActivateExtension vscode.typescript-language-features, startup: false, activationEvent: 'onLanguage:javascriptreact'
2026-02-18 20:59:05.367 [info] ExtensionService#_doActivateExtension vscode.debug-auto-launch, startup: false, activationEvent: 'onStartupFinished'
2026-02-18 20:59:05.372 [info] ExtensionService#_doActivateExtension vscode.merge-conflict, startup: false, activationEvent: 'onStartupFinished'
2026-02-18 20:59:05.404 [info] ExtensionService#_doActivateExtension Codeium.windsurf-dev-containers, startup: false, activationEvent: 'onStartupFinished'
2026-02-18 20:59:36.396 [info] Eager extensions activated
2026-02-18 20:59:37.399 [error] Error: Language server has not been started!
	at get client (/usr/share/windsurf/resources/app/extensions/windsurf/dist/extension.js:2:1616835)
	at /usr/share/windsurf/resources/app/extensions/windsurf/dist/extension.js:2:1153604
	at e.activate (/usr/share/windsurf/resources/app/extensions/windsurf/dist/extension.js:2:1153749)
	at process.processTicksAndRejections (node:internal/process/task_queues:105:5)
	at async xD.n (file:///usr/share/windsurf/resources/app/out/vs/workbench/api/node/extensionHostProcess.js:116:14118)
	at async xD.m (file:///usr/share/windsurf/resources/app/out/vs/workbench/api/node/extensionHostProcess.js:116:14081)
	at async xD.l (file:///usr/share/windsurf/resources/app/out/vs/workbench/api/node/extensionHostProcess.js:116:13537)
2026-02-18 20:59:47.637 [info] Extension host terminating: renderer closed the MessagePort
2026-02-18 20:59:47.676 [info] Extension host with pid 39333 exiting with code 0
2026-02-18 20:59:49.072 [info] Extension host with pid 41322 started
2026-02-18 20:59:49.794 [info] Skipping acquiring lock for /home/archguy/.config/Windsurf/User/workspaceStorage/245536568feaf1fe62d92c8ec8a5f027.
2026-02-18 20:59:49.902 [info] ExtensionService#_doActivateExtension vscode.git-base, startup: true, activationEvent: '*'
2026-02-18 20:59:49.907 [info] ExtensionService#_doActivateExtension codeium.windsurf, startup: true, activationEvent: '*'
2026-02-18 20:59:50.283 [info] ExtensionService#_doActivateExtension vscode.github, startup: true, activationEvent: '*'
2026-02-18 20:59:51.828 [info] Eager extensions activated
2026-02-18 20:59:51.845 [info] ExtensionService#_doActivateExtension vscode.debug-auto-launch, startup: false, activationEvent: 'onStartupFinished'
2026-02-18 20:59:51.848 [info] ExtensionService#_doActivateExtension vscode.merge-conflict, startup: false, activationEvent: 'onStartupFinished'
2026-02-18 20:59:52.832 [error] Error: Language server has not been started!
	at get client (/usr/share/windsurf/resources/app/extensions/windsurf/dist/extension.js:2:1616835)
	at /usr/share/windsurf/resources/app/extensions/windsurf/dist/extension.js:2:1153604
	at e.activate (/usr/share/windsurf/resources/app/extensions/windsurf/dist/extension.js:2:1153749)
	at process.processTicksAndRejections (node:internal/process/task_queues:105:5)
	at async xD.n (file:///usr/share/windsurf/resources/app/out/vs/workbench/api/node/extensionHostProcess.js:116:14118)
	at async xD.m (file:///usr/share/windsurf/resources/app/out/vs/workbench/api/node/extensionHostProcess.js:116:14081)
	at async xD.l (file:///usr/share/windsurf/resources/app/out/vs/workbench/api/node/extensionHostProcess.js:116:13537)
2026-02-18 21:00:03.861 [info] ExtensionService#_doActivateExtension vscode.git, startup: false, activationEvent: 'api', root cause: vscode.github
2026-02-18 21:00:03.976 [info] ExtensionService#_doActivateExtension Codeium.windsurf-dev-containers, startup: false, activationEvent: 'onStartupFinished'
2026-02-18 21:00:05.007 [info] ExtensionService#_doActivateExtension vscode.terminal-suggest, startup: false, activationEvent: 'onTerminalShellIntegration:*'
2026-02-18 21:49:16.384 [error] ConnectError: [deadline_exceeded] deadline_exceeded: context deadline exceeded
	at I (/usr/share/windsurf/resources/app/extensions/windsurf/dist/extension.js:2:3885357)
	at r (/usr/share/windsurf/resources/app/extensions/windsurf/dist/extension.js:2:3885753)
	at next (/usr/share/windsurf/resources/app/extensions/windsurf/dist/extension.js:2:2733064)
	at process.processTicksAndRejections (node:internal/process/task_queues:105:5)
	at async /usr/share/windsurf/resources/app/extensions/windsurf/dist/extension.js:2:1614179
	at async Object.unary (/usr/share/windsurf/resources/app/extensions/windsurf/dist/extension.js:2:2731402)
	at async Object.getUserStatus (/usr/share/windsurf/resources/app/extensions/windsurf/dist/extension.js:2:3086529)
	at async /usr/share/windsurf/resources/app/extensions/windsurf/dist/extension.js:2:1147163
	at async JD.h (file:///usr/share/windsurf/resources/app/out/vs/workbench/api/node/extensionHostProcess.js:116:44603)
	at async F.handleAsyncPostMessage (/usr/share/windsurf/resources/app/extensions/windsurf/dist/extension.js:2:4074515)
	at async /usr/share/windsurf/resources/app/extensions/windsurf/dist/extension.js:2:1076500
	at async /usr/share/windsurf/resources/app/extensions/windsurf/dist/extension.js:2:1076769
	at async /usr/share/windsurf/resources/app/extensions/windsurf/dist/extension.js:2:1076416 windsurf.updatePlanInfo {"value":"codeium.windsurf","_lower":"codeium.windsurf"}
2026-02-18 21:57:25.177 [info] ExtensionService#_doActivateExtension vscode.configuration-editing, startup: false, activationEvent: 'onLanguage:json'
2026-02-18 21:57:25.188 [info] ExtensionService#_doActivateExtension vscode.extension-editing, startup: false, activationEvent: 'onLanguage:json'
2026-02-18 21:57:25.201 [info] ExtensionService#_doActivateExtension vscode.json-language-features, startup: false, activationEvent: 'onLanguage:json'
2026-02-18 21:57:25.264 [info] ExtensionService#_doActivateExtension vscode.npm, startup: false, activationEvent: 'onLanguage:json'
2026-02-18 21:57:25.289 [info] ExtensionService#_doActivateExtension vscode.emmet, startup: false, activationEvent: 'onLanguage'
2026-02-18 22:00:20.059 [info] ExtensionService#_doActivateExtension vscode.typescript-language-features, startup: false, activationEvent: 'onLanguage:typescript'
2026-02-18 22:00:20.592 [info] ExtensionService#_doActivateExtension vscode.markdown-language-features, startup: false, activationEvent: 'onLanguage:markdown'
2026-02-18 22:00:21.075 [info] ExtensionService#_doActivateExtension vscode.markdown-math, startup: false, activationEvent: 'api', root cause: vscode.markdown-language-features
2026-02-18 22:00:22.865 [error] Error: Model is disposed!
    at $N4.lb (vscode-file://vscode-app/usr/share/windsurf/resources/app/out/vs/workbench/workbench.desktop.main.js:278:305)
    at $N4.getVersionId (vscode-file://vscode-app/usr/share/windsurf/resources/app/out/vs/workbench/workbench.desktop.main.js:280:2505)
    at $0Ob.fetch (vscode-file://vscode-app/usr/share/windsurf/resources/app/out/vs/workbench/workbench.desktop.main.js:480:16276)
    at $Ie._computeFn (vscode-file://vscode-app/usr/share/windsurf/resources/app/out/vs/workbench/workbench.desktop.main.js:480:36667)
    at $Ie.get (vscode-file://vscode-app/usr/share/windsurf/resources/app/out/vs/workbench/workbench.desktop.main.js:31:10160)
    at $Ie.reportChanges (vscode-file://vscode-app/usr/share/windsurf/resources/app/out/vs/workbench/workbench.desktop.main.js:31:714)
    at $xe.endUpdate (vscode-file://vscode-app/usr/share/windsurf/resources/app/out/vs/workbench/workbench.desktop.main.js:31:18549)
    at $Ie.endUpdate (vscode-file://vscode-app/usr/share/windsurf/resources/app/out/vs/workbench/workbench.desktop.main.js:31:11552)
    at $Se.finish (vscode-file://vscode-app/usr/share/windsurf/resources/app/out/vs/workbench/workbench.desktop.main.js:30:107894)
    at $Qe (vscode-file://vscode-app/usr/share/windsurf/resources/app/out/vs/workbench/workbench.desktop.main.js:30:107378)
2026-02-18 22:00:49.057 [error] Error: Model is disposed!
    at $N4.lb (vscode-file://vscode-app/usr/share/windsurf/resources/app/out/vs/workbench/workbench.desktop.main.js:278:305)
    at $N4.getVersionId (vscode-file://vscode-app/usr/share/windsurf/resources/app/out/vs/workbench/workbench.desktop.main.js:280:2505)
    at $0Ob.fetch (vscode-file://vscode-app/usr/share/windsurf/resources/app/out/vs/workbench/workbench.desktop.main.js:480:16276)
    at $Ie._computeFn (vscode-file://vscode-app/usr/share/windsurf/resources/app/out/vs/workbench/workbench.desktop.main.js:480:36667)
    at $Ie.get (vscode-file://vscode-app/usr/share/windsurf/resources/app/out/vs/workbench/workbench.desktop.main.js:31:10160)
    at $Ie.reportChanges (vscode-file://vscode-app/usr/share/windsurf/resources/app/out/vs/workbench/workbench.desktop.main.js:31:714)
    at $xe.endUpdate (vscode-file://vscode-app/usr/share/windsurf/resources/app/out/vs/workbench/workbench.desktop.main.js:31:18549)
    at $Ie.endUpdate (vscode-file://vscode-app/usr/share/windsurf/resources/app/out/vs/workbench/workbench.desktop.main.js:31:11552)
    at $Se.finish (vscode-file://vscode-app/usr/share/windsurf/resources/app/out/vs/workbench/workbench.desktop.main.js:30:107894)
    at $Qe (vscode-file://vscode-app/usr/share/windsurf/resources/app/out/vs/workbench/workbench.desktop.main.js:30:107378)
2026-02-18 23:30:26.387 [info] Extension host terminating: renderer closed the MessagePort
2026-02-18 23:30:26.418 [info] Extension host with pid 41322 exiting with code 0
