2026-02-17 14:25:42.901 [error] [createInstance] $$rc depends on UNKNOWN service agentSessions.: Error: [createInstance] $$rc depends on UNKNOWN service agentSessions.
    at V$e.y (vscode-file://vscode-app/usr/share/windsurf/resources/app/out/vs/workbench/workbench.desktop.main.js:16182:4137)
    at V$e.o (vscode-file://vscode-app/usr/share/windsurf/resources/app/out/vs/workbench/workbench.desktop.main.js:16182:1254)
    at V$e.createInstance (vscode-file://vscode-app/usr/share/windsurf/resources/app/out/vs/workbench/workbench.desktop.main.js:16182:1098)
    at new $uJc (vscode-file://vscode-app/usr/share/windsurf/resources/app/out/vs/workbench/workbench.desktop.main.js:16852:8566)
    at new $vJc (vscode-file://vscode-app/usr/share/windsurf/resources/app/out/vs/workbench/workbench.desktop.main.js:16852:16681)
    at V$e.o (vscode-file://vscode-app/usr/share/windsurf/resources/app/out/vs/workbench/workbench.desktop.main.js:16182:1604)
    at V$e.createInstance (vscode-file://vscode-app/usr/share/windsurf/resources/app/out/vs/workbench/workbench.desktop.main.js:16182:1098)
    at new $wJc (vscode-file://vscode-app/usr/share/windsurf/resources/app/out/vs/workbench/workbench.desktop.main.js:16852:19789)
    at V$e.o (vscode-file://vscode-app/usr/share/windsurf/resources/app/out/vs/workbench/workbench.desktop.main.js:16182:1604)
    at V$e.createInstance (vscode-file://vscode-app/usr/share/windsurf/resources/app/out/vs/workbench/workbench.desktop.main.js:16182:1098)
2026-02-17 14:25:42.955 [warning] IWorkbenchContributionsRegistry#getContribution('windsurf.cascadePanel'): contribution instantiated before LifecyclePhase.Restored!
2026-02-17 14:25:43.285 [info] Started local extension host with pid 149443.
2026-02-17 14:25:43.707 [info] [DiffZone] BaselineResolution init, 0 existing repos
2026-02-17 14:25:43.773 [error] Extension 'ms-python.vscode-python-envs' appears in product.json but enables LESS API proposals than the extension wants.
package.json (LOSES): terminalShellEnv, terminalDataWriteEvent
product.json (WINS): terminalShellEnv
2026-02-17 14:25:43.821 [warning] [ms-python.python]: Cannot register 'python.venvPath'. This property is already registered.
2026-02-17 14:25:44.326 [error] App icon customization is not supported on this OS: Error: App icon customization is not supported on this OS
    at Q6.setIcon (file:///usr/share/windsurf/resources/app/out/main.js:147:3603)
    at Object.call (file:///usr/share/windsurf/resources/app/out/main.js:33:4554)
    at Zp.s (file:///usr/share/windsurf/resources/app/out/main.js:31:15212)
    at Zp.q (file:///usr/share/windsurf/resources/app/out/main.js:31:14735)
    at Ta.value (file:///usr/share/windsurf/resources/app/out/main.js:31:14137)
    at D.C (file:///usr/share/windsurf/resources/app/out/main.js:30:2328)
    at D (file:///usr/share/windsurf/resources/app/out/main.js:30:2398)
    at D.fire (file:///usr/share/windsurf/resources/app/out/main.js:30:2615)
    at Ta.value (file:///usr/share/windsurf/resources/app/out/main.js:28:5384)
    at D.C (file:///usr/share/windsurf/resources/app/out/main.js:30:2328)
    at D.fire (file:///usr/share/windsurf/resources/app/out/main.js:30:2546)
    at Ta.value (file:///usr/share/windsurf/resources/app/out/main.js:28:5568)
    at D.C (file:///usr/share/windsurf/resources/app/out/main.js:30:2328)
    at D.fire (file:///usr/share/windsurf/resources/app/out/main.js:30:2546)
    at H (file:///usr/share/windsurf/resources/app/out/main.js:28:7826)
    at IpcMainImpl.i (file:///usr/share/windsurf/resources/app/out/main.js:36:10815)
    at IpcMainImpl.emit (node:events:519:28)
    at Session.<anonymous> (node:electron/js2c/browser_init:2:112437)
    at Session.emit (node:events:519:28)
2026-02-17 14:25:45.127 [info] [DiffZone] Watching repo: scm0
2026-02-17 14:25:45.127 [info] [DiffZone] No historyProvider for scm0
2026-02-17 14:25:45.135 [info] [DiffZone] No revision for scm0
2026-02-17 14:25:45.203 [error] [Extension Host] (node:149443) [DEP0040] DeprecationWarning: The `punycode` module is deprecated. Please use a userland alternative instead.
(Use `exe --trace-deprecation ...` to show where the warning was created)
2026-02-17 14:25:45.292 [info] [DiffZone] Revision for scm0: 49acfac, prev: none
2026-02-17 14:25:46.127 [info] [perf] Render performance baseline is 30ms
2026-02-17 14:25:48.383 [error] An unknown error occurred. Please consult the log for more details.
