2026-02-18 20:58:53.369 [error] [createInstance] $$rc depends on UNKNOWN service agentSessions.: Error: [createInstance] $$rc depends on UNKNOWN service agentSessions.
    at V$e.y (vscode-file://vscode-app/usr/share/windsurf/resources/app/out/vs/workbench/workbench.desktop.main.js:16182:4137)
    at V$e.o (vscode-file://vscode-app/usr/share/windsurf/resources/app/out/vs/workbench/workbench.desktop.main.js:16182:1254)
    at V$e.createInstance (vscode-file://vscode-app/usr/share/windsurf/resources/app/out/vs/workbench/workbench.desktop.main.js:16182:1098)
    at new $uJc (vscode-file://vscode-app/usr/share/windsurf/resources/app/out/vs/workbench/workbench.desktop.main.js:16852:8566)
    at new $vJc (vscode-file://vscode-app/usr/share/windsurf/resources/app/out/vs/workbench/workbench.desktop.main.js:16852:16681)
    at V$e.o (vscode-file://vscode-app/usr/share/windsurf/resources/app/out/vs/workbench/workbench.desktop.main.js:16182:1604)
    at V$e.createInstance (vscode-file://vscode-app/usr/share/windsurf/resources/app/out/vs/workbench/workbench.desktop.main.js:16182:1098)
    at new $wJc (vscode-file://vscode-app/usr/share/windsurf/resources/app/out/vs/workbench/workbench.desktop.main.js:16852:19789)
    at V$e.o (vscode-file://vscode-app/usr/share/windsurf/resources/app/out/vs/workbench/workbench.desktop.main.js:16182:1604)
    at V$e.createInstance (vscode-file://vscode-app/usr/share/windsurf/resources/app/out/vs/workbench/workbench.desktop.main.js:16182:1098)
2026-02-18 20:58:53.414 [warning] IWorkbenchContributionsRegistry#getContribution('windsurf.cascadePanel'): contribution instantiated before LifecyclePhase.Restored!
2026-02-18 20:58:53.736 [info] Started local extension host with pid 39333.
2026-02-18 20:58:54.018 [error] Extension 'ms-python.vscode-python-envs' appears in product.json but enables LESS API proposals than the extension wants.
package.json (LOSES): terminalShellEnv, terminalDataWriteEvent
product.json (WINS): terminalShellEnv
2026-02-18 20:58:54.057 [warning] [ms-python.python]: Cannot register 'python.venvPath'. This property is already registered.
2026-02-18 20:58:54.738 [info] [DiffZone] BaselineResolution init, 0 existing repos
2026-02-18 20:58:54.885 [error] App icon customization is not supported on this OS: Error: App icon customization is not supported on this OS
    at Q6.setIcon (file:///usr/share/windsurf/resources/app/out/main.js:147:3603)
    at Object.call (file:///usr/share/windsurf/resources/app/out/main.js:33:4554)
    at Zp.s (file:///usr/share/windsurf/resources/app/out/main.js:31:15212)
    at Zp.q (file:///usr/share/windsurf/resources/app/out/main.js:31:14735)
    at Ta.value (file:///usr/share/windsurf/resources/app/out/main.js:31:14137)
    at D.C (file:///usr/share/windsurf/resources/app/out/main.js:30:2328)
    at D (file:///usr/share/windsurf/resources/app/out/main.js:30:2398)
    at D.fire (file:///usr/share/windsurf/resources/app/out/main.js:30:2615)
    at Ta.value (file:///usr/share/windsurf/resources/app/out/main.js:28:5384)
    at D.C (file:///usr/share/windsurf/resources/app/out/main.js:30:2328)
    at D.fire (file:///usr/share/windsurf/resources/app/out/main.js:30:2546)
    at Ta.value (file:///usr/share/windsurf/resources/app/out/main.js:28:5568)
    at D.C (file:///usr/share/windsurf/resources/app/out/main.js:30:2328)
    at D.fire (file:///usr/share/windsurf/resources/app/out/main.js:30:2546)
    at H (file:///usr/share/windsurf/resources/app/out/main.js:28:7826)
    at IpcMainImpl.i (file:///usr/share/windsurf/resources/app/out/main.js:36:10815)
    at IpcMainImpl.emit (node:events:519:28)
    at Session.<anonymous> (node:electron/js2c/browser_init:2:112437)
    at Session.emit (node:events:519:28)
2026-02-18 20:58:55.233 [info] [DiffZone] Watching repo: scm0
2026-02-18 20:58:55.233 [info] [DiffZone] No historyProvider for scm0
2026-02-18 20:58:55.236 [info] [DiffZone] No revision for scm0
2026-02-18 20:58:55.362 [error] [Extension Host] (node:39333) [DEP0040] DeprecationWarning: The `punycode` module is deprecated. Please use a userland alternative instead.
(Use `exe --trace-deprecation ...` to show where the warning was created)
2026-02-18 20:58:55.519 [info] [DiffZone] Revision for scm0: ba32cc4, prev: none
2026-02-18 20:58:56.871 [info] [perf] Render performance baseline is 31ms
2026-02-18 20:59:23.471 [error] command 'windsurf.fireProductAnalyticsEvent' not found: Error: command 'windsurf.fireProductAnalyticsEvent' not found
    at $UBc.n (vscode-file://vscode-app/usr/share/windsurf/resources/app/out/vs/workbench/workbench.desktop.main.js:1573:6089)
    at $UBc.executeCommand (vscode-file://vscode-app/usr/share/windsurf/resources/app/out/vs/workbench/workbench.desktop.main.js:1573:6020)
2026-02-18 20:59:37.402 [error] An unknown error occurred. Please consult the log for more details.
2026-02-18 20:59:47.653 [warning] [backup tracker] suspended, ignoring unregister event file:///home/archguy/CascadeProjects/personal-website/package.json 
2026-02-18 20:59:48.642 [info] Started local extension host with pid 41322.
2026-02-18 20:59:48.682 [info] ChatSessionStore: Migrating 0 chat sessions from storage service to file system
2026-02-18 20:59:48.833 [error] Extension 'ms-python.vscode-python-envs' appears in product.json but enables LESS API proposals than the extension wants.
package.json (LOSES): terminalShellEnv, terminalDataWriteEvent
product.json (WINS): terminalShellEnv
2026-02-18 20:59:48.970 [info] [DiffZone] BaselineResolution init, 0 existing repos
2026-02-18 20:59:49.990 [error] App icon customization is not supported on this OS: Error: App icon customization is not supported on this OS
    at Q6.setIcon (file:///usr/share/windsurf/resources/app/out/main.js:147:3603)
    at Object.call (file:///usr/share/windsurf/resources/app/out/main.js:33:4554)
    at Zp.s (file:///usr/share/windsurf/resources/app/out/main.js:31:15212)
    at Zp.q (file:///usr/share/windsurf/resources/app/out/main.js:31:14735)
    at Ta.value (file:///usr/share/windsurf/resources/app/out/main.js:31:14137)
    at D.C (file:///usr/share/windsurf/resources/app/out/main.js:30:2328)
    at D (file:///usr/share/windsurf/resources/app/out/main.js:30:2398)
    at D.fire (file:///usr/share/windsurf/resources/app/out/main.js:30:2615)
    at Ta.value (file:///usr/share/windsurf/resources/app/out/main.js:28:5384)
    at D.C (file:///usr/share/windsurf/resources/app/out/main.js:30:2328)
    at D.fire (file:///usr/share/windsurf/resources/app/out/main.js:30:2546)
    at Ta.value (file:///usr/share/windsurf/resources/app/out/main.js:28:5568)
    at D.C (file:///usr/share/windsurf/resources/app/out/main.js:30:2328)
    at D.fire (file:///usr/share/windsurf/resources/app/out/main.js:30:2546)
    at H (file:///usr/share/windsurf/resources/app/out/main.js:28:7826)
    at IpcMainImpl.i (file:///usr/share/windsurf/resources/app/out/main.js:36:10815)
    at IpcMainImpl.emit (node:events:519:28)
    at Session.<anonymous> (node:electron/js2c/browser_init:2:112437)
    at Session.emit (node:events:519:28)
2026-02-18 20:59:51.814 [info] [perf] Render performance baseline is 35ms
2026-02-18 20:59:52.833 [error] An unknown error occurred. Please consult the log for more details.
2026-02-18 21:00:03.797 [error] Extension 'ms-python.vscode-python-envs' appears in product.json but enables LESS API proposals than the extension wants.
package.json (LOSES): terminalShellEnv, terminalDataWriteEvent
product.json (WINS): terminalShellEnv
2026-02-18 21:00:03.805 [warning] [ms-python.python]: Cannot register 'python.venvPath'. This property is already registered.
2026-02-18 21:16:11.969 [error] [Extension Host] FetchError: Unleash Repository error: network timeout at: https://unleash.codeium.com/api/client/features
	at Timeout.<anonymous> (/usr/share/windsurf/resources/app/extensions/windsurf/dist/extension.js:2:3119310)
	at listOnTimeout (node:internal/timers:588:17)
	at process.processTimers (node:internal/timers:523:7)
2026-02-18 21:29:39.801 [error] [Extension Host] FetchError: Unleash Repository error: network timeout at: https://unleash.codeium.com/api/client/features
	at Timeout.<anonymous> (/usr/share/windsurf/resources/app/extensions/windsurf/dist/extension.js:2:3119310)
	at listOnTimeout (node:internal/timers:588:17)
	at process.processTimers (node:internal/timers:523:7)
2026-02-18 21:49:15.340 [error] [Extension Host] FetchError: Unleash Repository error: network timeout at: https://unleash.codeium.com/api/client/features
	at Timeout.<anonymous> (/usr/share/windsurf/resources/app/extensions/windsurf/dist/extension.js:2:3119310)
	at listOnTimeout (node:internal/timers:588:17)
	at process.processTimers (node:internal/timers:523:7)
2026-02-18 21:49:29.184 [error] [Extension Host] ConnectError: [aborted] Client network socket disconnected before secure TLS connection was established
	at o.from (/usr/share/windsurf/resources/app/extensions/windsurf/dist/extension.js:2:3961026)
	at N (/usr/share/windsurf/resources/app/extensions/windsurf/dist/extension.js:2:2965846)
	at ClientHttp2Session.s (/usr/share/windsurf/resources/app/extensions/windsurf/dist/extension.js:2:2974373)
	at ClientHttp2Session.emit (node:events:519:28)
	at emitClose (node:internal/http2/core:1164:10)
	at process.processTicksAndRejections (node:internal/process/task_queues:90:21)
2026-02-18 21:49:29.185 [error] [Extension Host] ConnectError: [aborted] Client network socket disconnected before secure TLS connection was established
	at o.from (/usr/share/windsurf/resources/app/extensions/windsurf/dist/extension.js:2:3961026)
	at N (/usr/share/windsurf/resources/app/extensions/windsurf/dist/extension.js:2:2965846)
	at ClientHttp2Session.s (/usr/share/windsurf/resources/app/extensions/windsurf/dist/extension.js:2:2974373)
	at ClientHttp2Session.emit (node:events:519:28)
	at emitClose (node:internal/http2/core:1164:10)
	at process.processTicksAndRejections (node:internal/process/task_queues:90:21)
2026-02-18 21:49:29.186 [error] [Extension Host] ConnectError: [aborted] Client network socket disconnected before secure TLS connection was established
	at o.from (/usr/share/windsurf/resources/app/extensions/windsurf/dist/extension.js:2:3961026)
	at N (/usr/share/windsurf/resources/app/extensions/windsurf/dist/extension.js:2:2965846)
	at ClientHttp2Session.s (/usr/share/windsurf/resources/app/extensions/windsurf/dist/extension.js:2:2974373)
	at ClientHttp2Session.emit (node:events:519:28)
	at emitClose (node:internal/http2/core:1164:10)
	at process.processTicksAndRejections (node:internal/process/task_queues:90:21)
2026-02-18 21:49:29.187 [error] [Extension Host] ConnectError: [aborted] Client network socket disconnected before secure TLS connection was established
	at o.from (/usr/share/windsurf/resources/app/extensions/windsurf/dist/extension.js:2:3961026)
	at N (/usr/share/windsurf/resources/app/extensions/windsurf/dist/extension.js:2:2965846)
	at ClientHttp2Session.s (/usr/share/windsurf/resources/app/extensions/windsurf/dist/extension.js:2:2974373)
	at ClientHttp2Session.emit (node:events:519:28)
	at emitClose (node:internal/http2/core:1164:10)
	at process.processTicksAndRejections (node:internal/process/task_queues:90:21)
2026-02-18 21:49:29.187 [error] [Extension Host] ConnectError: [aborted] Client network socket disconnected before secure TLS connection was established
	at o.from (/usr/share/windsurf/resources/app/extensions/windsurf/dist/extension.js:2:3961026)
	at N (/usr/share/windsurf/resources/app/extensions/windsurf/dist/extension.js:2:2965846)
	at ClientHttp2Session.s (/usr/share/windsurf/resources/app/extensions/windsurf/dist/extension.js:2:2974373)
	at ClientHttp2Session.emit (node:events:519:28)
	at emitClose (node:internal/http2/core:1164:10)
	at process.processTicksAndRejections (node:internal/process/task_queues:90:21)
2026-02-18 21:49:29.188 [error] [Extension Host] ConnectError: [aborted] Client network socket disconnected before secure TLS connection was established
	at o.from (/usr/share/windsurf/resources/app/extensions/windsurf/dist/extension.js:2:3961026)
	at N (/usr/share/windsurf/resources/app/extensions/windsurf/dist/extension.js:2:2965846)
	at ClientHttp2Session.s (/usr/share/windsurf/resources/app/extensions/windsurf/dist/extension.js:2:2974373)
	at ClientHttp2Session.emit (node:events:519:28)
	at emitClose (node:internal/http2/core:1164:10)
	at process.processTicksAndRejections (node:internal/process/task_queues:90:21)
2026-02-18 21:49:29.189 [error] [Extension Host] ConnectError: [aborted] Client network socket disconnected before secure TLS connection was established
	at o.from (/usr/share/windsurf/resources/app/extensions/windsurf/dist/extension.js:2:3961026)
	at N (/usr/share/windsurf/resources/app/extensions/windsurf/dist/extension.js:2:2965846)
	at ClientHttp2Session.s (/usr/share/windsurf/resources/app/extensions/windsurf/dist/extension.js:2:2974373)
	at ClientHttp2Session.emit (node:events:519:28)
	at emitClose (node:internal/http2/core:1164:10)
	at process.processTicksAndRejections (node:internal/process/task_queues:90:21)
2026-02-18 21:49:29.189 [error] [Extension Host] ConnectError: [aborted] Client network socket disconnected before secure TLS connection was established
	at o.from (/usr/share/windsurf/resources/app/extensions/windsurf/dist/extension.js:2:3961026)
	at N (/usr/share/windsurf/resources/app/extensions/windsurf/dist/extension.js:2:2965846)
	at ClientHttp2Session.s (/usr/share/windsurf/resources/app/extensions/windsurf/dist/extension.js:2:2974373)
	at ClientHttp2Session.emit (node:events:519:28)
	at emitClose (node:internal/http2/core:1164:10)
	at process.processTicksAndRejections (node:internal/process/task_queues:90:21)
2026-02-18 21:49:29.190 [error] [Extension Host] ConnectError: [aborted] Client network socket disconnected before secure TLS connection was established
	at o.from (/usr/share/windsurf/resources/app/extensions/windsurf/dist/extension.js:2:3961026)
	at N (/usr/share/windsurf/resources/app/extensions/windsurf/dist/extension.js:2:2965846)
	at ClientHttp2Session.s (/usr/share/windsurf/resources/app/extensions/windsurf/dist/extension.js:2:2974373)
	at ClientHttp2Session.emit (node:events:519:28)
	at emitClose (node:internal/http2/core:1164:10)
	at process.processTicksAndRejections (node:internal/process/task_queues:90:21)
2026-02-18 21:49:29.190 [error] [Extension Host] ConnectError: [aborted] Client network socket disconnected before secure TLS connection was established
	at o.from (/usr/share/windsurf/resources/app/extensions/windsurf/dist/extension.js:2:3961026)
	at N (/usr/share/windsurf/resources/app/extensions/windsurf/dist/extension.js:2:2965846)
	at ClientHttp2Session.s (/usr/share/windsurf/resources/app/extensions/windsurf/dist/extension.js:2:2974373)
	at ClientHttp2Session.emit (node:events:519:28)
	at emitClose (node:internal/http2/core:1164:10)
	at process.processTicksAndRejections (node:internal/process/task_queues:90:21)
2026-02-18 21:57:25.599 [error] [createInstance] $$rc depends on UNKNOWN service agentSessions.: Error: [createInstance] $$rc depends on UNKNOWN service agentSessions.
    at V$e.y (vscode-file://vscode-app/usr/share/windsurf/resources/app/out/vs/workbench/workbench.desktop.main.js:16182:4137)
    at V$e.o (vscode-file://vscode-app/usr/share/windsurf/resources/app/out/vs/workbench/workbench.desktop.main.js:16182:1254)
    at V$e.createInstance (vscode-file://vscode-app/usr/share/windsurf/resources/app/out/vs/workbench/workbench.desktop.main.js:16182:1098)
    at new $uJc (vscode-file://vscode-app/usr/share/windsurf/resources/app/out/vs/workbench/workbench.desktop.main.js:16852:8566)
    at new $vJc (vscode-file://vscode-app/usr/share/windsurf/resources/app/out/vs/workbench/workbench.desktop.main.js:16852:16681)
    at V$e.o (vscode-file://vscode-app/usr/share/windsurf/resources/app/out/vs/workbench/workbench.desktop.main.js:16182:1604)
    at V$e.createInstance (vscode-file://vscode-app/usr/share/windsurf/resources/app/out/vs/workbench/workbench.desktop.main.js:16182:1098)
    at new $wJc (vscode-file://vscode-app/usr/share/windsurf/resources/app/out/vs/workbench/workbench.desktop.main.js:16852:19789)
    at V$e.o (vscode-file://vscode-app/usr/share/windsurf/resources/app/out/vs/workbench/workbench.desktop.main.js:16182:1604)
    at V$e.createInstance (vscode-file://vscode-app/usr/share/windsurf/resources/app/out/vs/workbench/workbench.desktop.main.js:16182:1098)
2026-02-18 22:00:21.068 [error] [Extension Host] (node:41322) [DEP0040] DeprecationWarning: The `punycode` module is deprecated. Please use a userland alternative instead.
(Use `exe --trace-deprecation ...` to show where the warning was created)
2026-02-18 22:00:22.870 [error] Model is disposed!
2026-02-18 22:00:49.059 [error] Model is disposed!
2026-02-18 22:08:55.019 [error] [Extension Host] FetchError: Unleash Repository error: network timeout at: https://unleash.codeium.com/api/client/features
	at Timeout.<anonymous> (/usr/share/windsurf/resources/app/extensions/windsurf/dist/extension.js:2:3119310)
	at listOnTimeout (node:internal/timers:588:17)
	at process.processTimers (node:internal/timers:523:7)
2026-02-18 22:11:08.341 [error] [Extension Host] FetchError: Unleash Repository error: network timeout at: https://unleash.codeium.com/api/client/features
	at Timeout.<anonymous> (/usr/share/windsurf/resources/app/extensions/windsurf/dist/extension.js:2:3119310)
	at listOnTimeout (node:internal/timers:588:17)
	at process.processTimers (node:internal/timers:523:7)
2026-02-18 22:39:18.995 [error] [Extension Host] FetchError: Unleash Repository error: network timeout at: https://unleash.codeium.com/api/client/features
	at Timeout.<anonymous> (/usr/share/windsurf/resources/app/extensions/windsurf/dist/extension.js:2:3119310)
	at listOnTimeout (node:internal/timers:588:17)
	at process.processTimers (node:internal/timers:523:7)
2026-02-18 22:54:55.610 [error] [Extension Host] FetchError: Unleash Repository error: network timeout at: https://unleash.codeium.com/api/client/features
	at Timeout.<anonymous> (/usr/share/windsurf/resources/app/extensions/windsurf/dist/extension.js:2:3119310)
	at listOnTimeout (node:internal/timers:588:17)
	at process.processTimers (node:internal/timers:523:7)
2026-02-18 23:02:07.293 [error] [Extension Host] FetchError: Unleash Repository error: Response timeout while trying to fetch https://unleash.codeium.com/api/client/features (over 2000ms)
	at Timeout.<anonymous> (/usr/share/windsurf/resources/app/extensions/windsurf/dist/extension.js:2:3713872)
	at listOnTimeout (node:internal/timers:588:17)
	at process.processTimers (node:internal/timers:523:7)
2026-02-18 23:07:25.427 [error] [Extension Host] FetchError: Unleash Repository error: Response timeout while trying to fetch https://unleash.codeium.com/api/client/features (over 2000ms)
	at Timeout.<anonymous> (/usr/share/windsurf/resources/app/extensions/windsurf/dist/extension.js:2:3713872)
	at listOnTimeout (node:internal/timers:588:17)
	at process.processTimers (node:internal/timers:523:7)
2026-02-18 23:09:35.225 [error] [Extension Host] FetchError: Unleash Repository error: network timeout at: https://unleash.codeium.com/api/client/features
	at Timeout.<anonymous> (/usr/share/windsurf/resources/app/extensions/windsurf/dist/extension.js:2:3119310)
	at listOnTimeout (node:internal/timers:588:17)
	at process.processTimers (node:internal/timers:523:7)
2026-02-18 23:10:38.683 [error] [Extension Host] FetchError: Unleash Repository error: Response timeout while trying to fetch https://unleash.codeium.com/api/client/features (over 2000ms)
	at Timeout.<anonymous> (/usr/share/windsurf/resources/app/extensions/windsurf/dist/extension.js:2:3713872)
	at listOnTimeout (node:internal/timers:588:17)
	at process.processTimers (node:internal/timers:523:7)
