2026-02-18 14:37:03.342 [info] [main] Log level: Info
2026-02-18 14:37:03.342 [info] [main] Validating found git in: "git"
2026-02-18 14:37:03.342 [info] [main] Using git "2.53.0" from "git"
2026-02-18 14:37:03.342 [info] [Model][doInitialScan] Initial repository scan started
2026-02-18 14:37:03.342 [info] > git rev-parse --show-toplevel [11ms]
2026-02-18 14:37:03.342 [info] > git rev-parse --git-dir --git-common-dir --show-superproject-working-tree [7ms]
2026-02-18 14:37:03.342 [info] [Model][openRepository] Opened repository (path): /home/archguy/CascadeProjects/personal-website
2026-02-18 14:37:03.342 [info] [Model][openRepository] Opened repository (real path): /home/archguy/CascadeProjects/personal-website
2026-02-18 14:37:03.342 [info] [Model][openRepository] Opened repository (kind): repository
2026-02-18 14:37:03.342 [info] > git for-each-ref --format=%(refname)%00%(upstream:short)%00%(objectname)%00%(upstream:track)%00%(upstream:remotename)%00%(upstream:remoteref) refs/heads/main refs/remotes/main [22ms]
2026-02-18 14:37:03.342 [info] > git config --get commit.template [29ms]
2026-02-18 14:37:03.342 [info] > git rev-parse --show-toplevel [25ms]
2026-02-18 14:37:03.342 [info] > git rev-parse --show-toplevel [11ms]
2026-02-18 14:37:03.342 [info] > git for-each-ref --sort -committerdate --format %(refname)%00%(objectname)%00%(*objectname) [6ms]
2026-02-18 14:37:03.342 [info] > git rev-parse --show-toplevel [2ms]
2026-02-18 14:37:03.342 [info] > git rev-parse --show-toplevel [1ms]
2026-02-18 14:37:03.342 [info] > git rev-parse --show-toplevel [0ms]
2026-02-18 14:37:03.342 [info] > git status -z -uall [20ms]
2026-02-18 14:37:03.343 [info] > git for-each-ref --format=%(refname)%00%(upstream:short)%00%(objectname)%00%(upstream:track)%00%(upstream:remotename)%00%(upstream:remoteref) refs/heads/main refs/remotes/main [5ms]
2026-02-18 14:37:03.343 [info] > git rev-parse --show-toplevel [22ms]
2026-02-18 14:37:03.343 [info] > git config --get commit.template [6ms]
2026-02-18 14:37:03.343 [info] > git rev-parse --show-toplevel [1ms]
2026-02-18 14:37:03.343 [info] [Model][doInitialScan] Initial repository scan completed - repositories (1), closed repositories (0), parent repositories (0), unsafe repositories (0)
2026-02-18 14:37:03.343 [info] > git config --get --local branch.main.vscode-merge-base [7ms]
2026-02-18 14:37:03.343 [info] > git for-each-ref --format=%(refname)%00%(upstream:short)%00%(objectname)%00%(upstream:track)%00%(upstream:remotename)%00%(upstream:remoteref) refs/heads/origin/main refs/remotes/origin/main [5ms]
2026-02-18 14:37:03.343 [info] > git for-each-ref --format=%(refname)%00%(upstream:short)%00%(objectname)%00%(upstream:track)%00%(upstream:remotename)%00%(upstream:remoteref) refs/heads/main refs/remotes/main [5ms]
2026-02-18 14:37:03.343 [info] > git status -z -uall [8ms]
2026-02-18 14:37:03.343 [info] > git merge-base refs/heads/main refs/remotes/origin/main [12ms]
2026-02-18 14:37:03.343 [info] > git for-each-ref --sort -committerdate --format %(refname)%00%(objectname)%00%(*objectname) [6ms]
2026-02-18 14:37:03.343 [info] > git merge-base refs/heads/main refs/remotes/origin/main [2ms]
2026-02-18 14:37:03.343 [info] > git diff --name-status -z --diff-filter=ADMR --find-renames=50% ba1ba0e4a807d2d76eb2b3153d8492225013ca8d...refs/remotes/origin/main -- [20ms]
2026-02-18 14:37:03.343 [info] > git diff --name-status -z --diff-filter=ADMR --find-renames=50% ba1ba0e4a807d2d76eb2b3153d8492225013ca8d...refs/remotes/origin/main -- [1ms]
2026-02-18 14:37:03.551 [info] > git ls-files --stage -- src/hooks/useAudioPlayer.js [1ms]
2026-02-18 14:37:03.558 [info] > git cat-file -s 36b94f7a5ecef2890a68b148b0201b7d86fdf749 [5ms]
2026-02-18 14:37:03.562 [info] > git show --textconv :src/hooks/useAudioPlayer.js [15ms]
2026-02-18 14:37:03.784 [info] > git blame --root --incremental ba1ba0e4a807d2d76eb2b3153d8492225013ca8d -- src/hooks/useAudioPlayer.js [192ms]
2026-02-18 14:37:03.946 [info] > git check-ignore -v -z --stdin [0ms]
2026-02-18 14:37:05.613 [info] > git show --textconv :src/components/MusicPlayer.jsx [3ms]
2026-02-18 14:37:05.613 [info] > git ls-files --stage -- src/components/MusicPlayer.jsx [1ms]
2026-02-18 14:37:05.617 [info] > git cat-file -s 61035eeba8c920f17f955658e3c9f5b94810efac [1ms]
2026-02-18 14:37:05.667 [info] > git blame --root --incremental ba1ba0e4a807d2d76eb2b3153d8492225013ca8d -- src/components/MusicPlayer.jsx [39ms]
2026-02-18 14:37:08.145 [info] > git ls-files --stage -- src/components/Gallery.jsx [1ms]
2026-02-18 14:37:08.200 [info] > git show --textconv :src/components/Gallery.jsx [59ms]
2026-02-18 14:37:08.201 [info] > git cat-file -s 89aa0043824e84fe898caa9b0717a1a680a73c3b [53ms]
2026-02-18 14:37:08.915 [info] > git blame --root --incremental ba1ba0e4a807d2d76eb2b3153d8492225013ca8d -- src/components/Gallery.jsx [5ms]
2026-02-18 14:42:27.282 [info] > git check-ignore -v -z --stdin [2ms]
2026-02-18 14:42:28.095 [info] > git show --textconv :src/components/BlogArticle.jsx [4ms]
2026-02-18 14:42:28.096 [info] > git ls-files --stage -- src/components/BlogArticle.jsx [2ms]
2026-02-18 14:42:28.100 [info] > git cat-file -s 37ae7553c32282eb3e9e1bb3ed17e8957e94c1e5 [1ms]
2026-02-18 14:42:28.116 [info] > git blame --root --incremental ba1ba0e4a807d2d76eb2b3153d8492225013ca8d -- src/components/BlogArticle.jsx [3ms]
2026-02-18 14:42:28.743 [info] > git show --textconv :src/components/Background.jsx [8ms]
2026-02-18 14:42:28.744 [info] > git ls-files --stage -- src/components/Background.jsx [2ms]
2026-02-18 14:42:28.752 [info] > git cat-file -s 3595b9bba93c7fe1a97145042a7b9a796aeb6280 [2ms]
2026-02-18 14:42:28.761 [info] > git blame --root --incremental ba1ba0e4a807d2d76eb2b3153d8492225013ca8d -- src/components/Background.jsx [3ms]
2026-02-18 14:42:29.254 [info] > git show --textconv :src/components/ErrorBoundary.jsx [11ms]
2026-02-18 14:42:29.256 [info] > git ls-files --stage -- src/components/ErrorBoundary.jsx [5ms]
2026-02-18 14:42:29.265 [info] > git cat-file -s 7fedfd01931e9aedd94b2c6479f5178dc788ee0d [2ms]
2026-02-18 14:42:29.286 [info] > git blame --root --incremental ba1ba0e4a807d2d76eb2b3153d8492225013ca8d -- src/components/ErrorBoundary.jsx [8ms]
2026-02-18 14:42:34.247 [info] > git show --textconv :src/components/Footer.jsx [8ms]
2026-02-18 14:42:34.248 [info] > git ls-files --stage -- src/components/Footer.jsx [2ms]
2026-02-18 14:42:34.257 [info] > git cat-file -s 63d6bdff381aa85a0794a80f2c9c33f6499bbd8d [2ms]
2026-02-18 14:42:34.278 [info] > git blame --root --incremental ba1ba0e4a807d2d76eb2b3153d8492225013ca8d -- src/components/Footer.jsx [7ms]
2026-02-18 14:42:34.662 [info] > git show --textconv :src/components/ImageDetail.jsx [5ms]
2026-02-18 14:42:34.663 [info] > git ls-files --stage -- src/components/ImageDetail.jsx [1ms]
2026-02-18 14:42:34.669 [info] > git cat-file -s 3fbc79f4fc8b923add8db2e2a282ae701c8ee78e [1ms]
2026-02-18 14:42:34.685 [info] > git blame --root --incremental ba1ba0e4a807d2d76eb2b3153d8492225013ca8d -- src/components/ImageDetail.jsx [3ms]
2026-02-18 14:42:35.475 [info] > git show --textconv :src/components/MainPage.jsx [7ms]
2026-02-18 14:42:35.476 [info] > git ls-files --stage -- src/components/MainPage.jsx [3ms]
2026-02-18 14:42:35.486 [info] > git cat-file -s 62b0a65bfb9aa162b08555a0b04248d715aad955 [3ms]
2026-02-18 14:42:35.497 [info] > git blame --root --incremental ba1ba0e4a807d2d76eb2b3153d8492225013ca8d -- src/components/MainPage.jsx [3ms]
2026-02-18 14:42:36.322 [info] > git show --textconv :src/components/MusicPlayer.jsx [5ms]
2026-02-18 14:42:36.323 [info] > git ls-files --stage -- src/components/MusicPlayer.jsx [2ms]
2026-02-18 14:42:36.327 [info] > git cat-file -s 61035eeba8c920f17f955658e3c9f5b94810efac [1ms]
2026-02-18 14:42:37.352 [info] > git show --textconv :src/components/Gallery.jsx [4ms]
2026-02-18 14:42:37.352 [info] > git ls-files --stage -- src/components/Gallery.jsx [0ms]
2026-02-18 14:42:37.355 [info] > git cat-file -s 89aa0043824e84fe898caa9b0717a1a680a73c3b [0ms]
2026-02-18 14:44:29.887 [info] > git config --get commit.template [3ms]
2026-02-18 14:44:29.887 [info] > git for-each-ref --format=%(refname)%00%(upstream:short)%00%(objectname)%00%(upstream:track)%00%(upstream:remotename)%00%(upstream:remoteref) refs/heads/main refs/remotes/main [1ms]
2026-02-18 14:44:29.895 [info] > git status -z -uall [4ms]
2026-02-18 14:44:29.896 [info] > git for-each-ref --sort -committerdate --format %(refname)%00%(objectname)%00%(*objectname) [2ms]
2026-02-18 14:44:32.280 [info] > git check-ignore -v -z --stdin [2ms]
2026-02-18 14:44:34.487 [info] > git show --textconv :public/shitsays/2026-02-14.md [10ms]
2026-02-18 14:44:34.488 [info] > git ls-files --stage -- public/shitsays/2026-02-14.md [3ms]
2026-02-18 14:44:34.495 [info] > git cat-file -s 93db1c6d4ec099d139bdac3a7c25a375745819c1 [1ms]
2026-02-18 14:44:34.513 [info] > git blame --root --incremental ba1ba0e4a807d2d76eb2b3153d8492225013ca8d -- public/shitsays/2026-02-14.md [1ms]
2026-02-18 14:44:34.918 [info] > git config --get commit.template [8ms]
2026-02-18 14:44:34.919 [info] > git for-each-ref --format=%(refname)%00%(upstream:short)%00%(objectname)%00%(upstream:track)%00%(upstream:remotename)%00%(upstream:remoteref) refs/heads/main refs/remotes/main [2ms]
2026-02-18 14:44:34.929 [info] > git status -z -uall [5ms]
2026-02-18 14:44:34.930 [info] > git for-each-ref --sort -committerdate --format %(refname)%00%(objectname)%00%(*objectname) [1ms]
2026-02-18 14:44:35.372 [info] > git show --textconv :public/shitsays/2026-02-17.md [10ms]
2026-02-18 14:44:35.373 [info] > git ls-files --stage -- public/shitsays/2026-02-17.md [2ms]
2026-02-18 14:44:35.383 [info] > git cat-file -s b0bb7a6b113aaf89d601cb417e284d12ebc1f719 [3ms]
2026-02-18 14:44:35.396 [info] > git blame --root --incremental ba1ba0e4a807d2d76eb2b3153d8492225013ca8d -- public/shitsays/2026-02-17.md [3ms]
2026-02-18 14:44:40.685 [info] > git check-ignore -v -z --stdin [2ms]
2026-02-18 14:44:50.391 [info] > git show --textconv :public/shitsays/2026-02-18.md [10ms]
2026-02-18 14:44:50.398 [info] > git ls-files --stage -- public/shitsays/2026-02-18.md [9ms]
2026-02-18 14:44:50.404 [info] > git hash-object -t tree /dev/null [7ms]
2026-02-18 14:44:50.405 [warning] [GitFileSystemProvider][readFile] File not found - git:/home/archguy/CascadeProjects/personal-website/public/shitsays/2026-02-18.md.git?%7B%22path%22%3A%22%2Fhome%2Farchguy%2FCascadeProjects%2Fpersonal-website%2Fpublic%2Fshitsays%2F2026-02-18.md%22%2C%22ref%22%3A%22%22%7D
2026-02-18 14:44:50.405 [info] > git hash-object -t tree /dev/null [1ms]
2026-02-18 14:44:50.405 [warning] [GitFileSystemProvider][stat] File not found - git:/home/archguy/CascadeProjects/personal-website/public/shitsays/2026-02-18.md.git?%7B%22path%22%3A%22%2Fhome%2Farchguy%2FCascadeProjects%2Fpersonal-website%2Fpublic%2Fshitsays%2F2026-02-18.md%22%2C%22ref%22%3A%22%22%7D
2026-02-18 14:44:50.670 [info] > git check-ignore -v -z --stdin [2ms]
2026-02-18 14:44:51.084 [info] > git config --get commit.template [8ms]
2026-02-18 14:44:51.085 [info] > git for-each-ref --format=%(refname)%00%(upstream:short)%00%(objectname)%00%(upstream:track)%00%(upstream:remotename)%00%(upstream:remoteref) refs/heads/main refs/remotes/main [3ms]
2026-02-18 14:44:51.100 [info] > git status -z -uall [8ms]
2026-02-18 14:44:51.102 [info] > git for-each-ref --sort -committerdate --format %(refname)%00%(objectname)%00%(*objectname) [2ms]
2026-02-18 14:44:51.513 [info] > git show --textconv :public/shitsays/2026-02-17.md [9ms]
2026-02-18 14:44:51.515 [info] > git ls-files --stage -- public/shitsays/2026-02-17.md [3ms]
2026-02-18 14:44:51.522 [info] > git cat-file -s b0bb7a6b113aaf89d601cb417e284d12ebc1f719 [2ms]
2026-02-18 14:44:59.309 [info] > git config --get commit.template [3ms]
2026-02-18 14:44:59.309 [info] > git for-each-ref --format=%(refname)%00%(upstream:short)%00%(objectname)%00%(upstream:track)%00%(upstream:remotename)%00%(upstream:remoteref) refs/heads/main refs/remotes/main [0ms]
2026-02-18 14:44:59.316 [info] > git status -z -uall [4ms]
2026-02-18 14:44:59.316 [info] > git for-each-ref --sort -committerdate --format %(refname)%00%(objectname)%00%(*objectname) [1ms]
2026-02-18 14:45:36.976 [info] > git config --get commit.template [12ms]
2026-02-18 14:45:36.977 [info] > git for-each-ref --format=%(refname)%00%(upstream:short)%00%(objectname)%00%(upstream:track)%00%(upstream:remotename)%00%(upstream:remoteref) refs/heads/main refs/remotes/main [3ms]
2026-02-18 14:45:36.992 [info] > git status -z -uall [8ms]
2026-02-18 14:45:36.993 [info] > git for-each-ref --sort -committerdate --format %(refname)%00%(objectname)%00%(*objectname) [1ms]
2026-02-18 14:46:32.178 [info] > git config --get commit.template [4ms]
2026-02-18 14:46:32.179 [info] > git for-each-ref --format=%(refname)%00%(upstream:short)%00%(objectname)%00%(upstream:track)%00%(upstream:remotename)%00%(upstream:remoteref) refs/heads/main refs/remotes/main [1ms]
2026-02-18 14:46:32.190 [info] > git status -z -uall [7ms]
2026-02-18 14:46:32.191 [info] > git for-each-ref --sort -committerdate --format %(refname)%00%(objectname)%00%(*objectname) [2ms]
2026-02-18 14:46:44.061 [info] > git config --get commit.template [3ms]
2026-02-18 14:46:44.071 [info] > git for-each-ref --format=%(refname)%00%(upstream:short)%00%(objectname)%00%(upstream:track)%00%(upstream:remotename)%00%(upstream:remoteref) refs/heads/main refs/remotes/main [3ms]
2026-02-18 14:46:44.092 [info] > git status -z -uall [11ms]
2026-02-18 14:46:44.094 [info] > git for-each-ref --sort -committerdate --format %(refname)%00%(objectname)%00%(*objectname) [3ms]
2026-02-18 14:46:48.844 [info] > git show --textconv :public/shitsays/ShitSaysData.json [4ms]
2026-02-18 14:46:48.845 [info] > git ls-files --stage -- public/shitsays/ShitSaysData.json [1ms]
2026-02-18 14:46:48.849 [info] > git cat-file -s 24ab2054ba7902f08078cb3efbf57c60b2521056 [1ms]
2026-02-18 14:46:48.865 [info] > git blame --root --incremental ba1ba0e4a807d2d76eb2b3153d8492225013ca8d -- public/shitsays/ShitSaysData.json [2ms]
2026-02-18 14:46:49.118 [info] > git config --get commit.template [8ms]
2026-02-18 14:46:49.120 [info] > git for-each-ref --format=%(refname)%00%(upstream:short)%00%(objectname)%00%(upstream:track)%00%(upstream:remotename)%00%(upstream:remoteref) refs/heads/main refs/remotes/main [3ms]
2026-02-18 14:46:49.136 [info] > git status -z -uall [9ms]
2026-02-18 14:46:49.137 [info] > git for-each-ref --sort -committerdate --format %(refname)%00%(objectname)%00%(*objectname) [3ms]
2026-02-18 14:46:58.651 [info] > git show --textconv :public/shitsays/ShitSaysData.json [9ms]
2026-02-18 14:46:58.653 [info] > git ls-files --stage -- public/shitsays/ShitSaysData.json [2ms]
2026-02-18 14:46:58.661 [info] > git cat-file -s 24ab2054ba7902f08078cb3efbf57c60b2521056 [2ms]
2026-02-18 14:46:59.693 [info] > git show --textconv :src/components/Gallery.jsx [11ms]
2026-02-18 14:46:59.694 [info] > git ls-files --stage -- src/components/Gallery.jsx [2ms]
2026-02-18 14:46:59.702 [info] > git cat-file -s 89aa0043824e84fe898caa9b0717a1a680a73c3b [2ms]
2026-02-18 14:47:36.496 [info] > git config --get commit.template [7ms]
2026-02-18 14:47:36.497 [info] > git for-each-ref --format=%(refname)%00%(upstream:short)%00%(objectname)%00%(upstream:track)%00%(upstream:remotename)%00%(upstream:remoteref) refs/heads/main refs/remotes/main [2ms]
2026-02-18 14:47:36.511 [info] > git status -z -uall [7ms]
2026-02-18 14:47:36.513 [info] > git for-each-ref --sort -committerdate --format %(refname)%00%(objectname)%00%(*objectname) [3ms]
2026-02-18 14:55:34.266 [info] > git show --textconv :src/components/ErrorBoundary.jsx [3ms]
2026-02-18 14:55:34.267 [info] > git ls-files --stage -- src/components/ErrorBoundary.jsx [1ms]
2026-02-18 14:55:34.270 [info] > git cat-file -s 7fedfd01931e9aedd94b2c6479f5178dc788ee0d [1ms]
2026-02-18 14:58:38.623 [info] > git show --textconv :src/App.jsx [6ms]
2026-02-18 14:58:38.624 [info] > git ls-files --stage -- src/App.jsx [2ms]
2026-02-18 14:58:38.632 [info] > git cat-file -s 7d8e5bb4230cbadba31ca77d94dfcfa3b76c83a5 [2ms]
2026-02-18 14:58:38.641 [info] > git blame --root --incremental ba1ba0e4a807d2d76eb2b3153d8492225013ca8d -- src/App.jsx [2ms]
2026-02-18 14:58:41.247 [info] > git config --get commit.template [1ms]
2026-02-18 14:58:41.252 [info] > git for-each-ref --format=%(refname)%00%(upstream:short)%00%(objectname)%00%(upstream:track)%00%(upstream:remotename)%00%(upstream:remoteref) refs/heads/main refs/remotes/main [1ms]
2026-02-18 14:58:41.258 [info] > git status -z -uall [3ms]
2026-02-18 14:58:41.259 [info] > git for-each-ref --sort -committerdate --format %(refname)%00%(objectname)%00%(*objectname) [1ms]
2026-02-18 14:58:58.466 [info] > git config --get commit.template [8ms]
2026-02-18 14:58:58.466 [info] > git for-each-ref --format=%(refname)%00%(upstream:short)%00%(objectname)%00%(upstream:track)%00%(upstream:remotename)%00%(upstream:remoteref) refs/heads/main refs/remotes/main [2ms]
2026-02-18 14:58:58.478 [info] > git status -z -uall [5ms]
2026-02-18 14:58:58.479 [info] > git for-each-ref --sort -committerdate --format %(refname)%00%(objectname)%00%(*objectname) [2ms]
2026-02-18 14:59:11.589 [info] > git config --get commit.template [4ms]
2026-02-18 14:59:11.589 [info] > git for-each-ref --format=%(refname)%00%(upstream:short)%00%(objectname)%00%(upstream:track)%00%(upstream:remotename)%00%(upstream:remoteref) refs/heads/main refs/remotes/main [1ms]
2026-02-18 14:59:11.597 [info] > git status -z -uall [4ms]
2026-02-18 14:59:11.598 [info] > git for-each-ref --sort -committerdate --format %(refname)%00%(objectname)%00%(*objectname) [1ms]
2026-02-18 14:59:23.819 [info] > git show --textconv :src/components/NotFound.jsx [9ms]
2026-02-18 14:59:23.820 [warning] [GitFileSystemProvider][readFile] File not found - git:/home/archguy/CascadeProjects/personal-website/src/components/NotFound.jsx.git?%7B%22path%22%3A%22%2Fhome%2Farchguy%2FCascadeProjects%2Fpersonal-website%2Fsrc%2Fcomponents%2FNotFound.jsx%22%2C%22ref%22%3A%22%22%7D
2026-02-18 14:59:23.820 [info] > git ls-files --stage -- src/components/NotFound.jsx [2ms]
2026-02-18 14:59:23.821 [warning] [GitFileSystemProvider][stat] File not found - git:/home/archguy/CascadeProjects/personal-website/src/components/NotFound.jsx.git?%7B%22path%22%3A%22%2Fhome%2Farchguy%2FCascadeProjects%2Fpersonal-website%2Fsrc%2Fcomponents%2FNotFound.jsx%22%2C%22ref%22%3A%22%22%7D
2026-02-18 14:59:24.096 [info] > git check-ignore -v -z --stdin [3ms]
2026-02-18 14:59:24.650 [info] > git config --get commit.template [3ms]
2026-02-18 14:59:24.651 [info] > git for-each-ref --format=%(refname)%00%(upstream:short)%00%(objectname)%00%(upstream:track)%00%(upstream:remotename)%00%(upstream:remoteref) refs/heads/main refs/remotes/main [1ms]
2026-02-18 14:59:24.656 [info] > git status -z -uall [2ms]
2026-02-18 14:59:24.657 [info] > git for-each-ref --sort -committerdate --format %(refname)%00%(objectname)%00%(*objectname) [1ms]
2026-02-18 14:59:26.078 [info] > git show --textconv :src/components/About.jsx [11ms]
2026-02-18 14:59:26.080 [info] > git ls-files --stage -- src/components/About.jsx [4ms]
2026-02-18 14:59:26.088 [info] > git cat-file -s 97552473c1d4d3840f80646e1135e6f2d946a591 [2ms]
2026-02-18 14:59:26.102 [info] > git blame --root --incremental ba1ba0e4a807d2d76eb2b3153d8492225013ca8d -- src/components/About.jsx [3ms]
2026-02-18 14:59:34.358 [info] > git show --textconv :src/components/MusicPlayer.jsx [9ms]
2026-02-18 14:59:34.360 [info] > git ls-files --stage -- src/components/MusicPlayer.jsx [2ms]
2026-02-18 14:59:34.368 [info] > git cat-file -s 61035eeba8c920f17f955658e3c9f5b94810efac [2ms]
2026-02-18 14:59:39.698 [info] > git show --textconv :src/components/ShitHitomiSays.jsx [9ms]
2026-02-18 14:59:39.699 [info] > git ls-files --stage -- src/components/ShitHitomiSays.jsx [2ms]
2026-02-18 14:59:39.705 [info] > git cat-file -s 4153415167e3ae165d2c1e48caf1824a8ed45bdc [2ms]
2026-02-18 14:59:39.722 [info] > git blame --root --incremental ba1ba0e4a807d2d76eb2b3153d8492225013ca8d -- src/components/ShitHitomiSays.jsx [3ms]
2026-02-18 14:59:40.167 [info] > git show --textconv :src/components/Sidebar.jsx [8ms]
2026-02-18 14:59:40.168 [info] > git ls-files --stage -- src/components/Sidebar.jsx [2ms]
2026-02-18 14:59:40.176 [info] > git cat-file -s f3bb05e2c4217b148a388d66924a1ca7ba80c8d7 [2ms]
2026-02-18 14:59:40.188 [info] > git blame --root --incremental ba1ba0e4a807d2d76eb2b3153d8492225013ca8d -- src/components/Sidebar.jsx [3ms]
2026-02-18 14:59:40.672 [info] > git show --textconv :src/components/Tags.jsx [5ms]
2026-02-18 14:59:40.673 [info] > git ls-files --stage -- src/components/Tags.jsx [1ms]
2026-02-18 14:59:40.683 [info] > git cat-file -s 5695d2d61a87aae5d0d88cbdc44fd61b718684a0 [3ms]
2026-02-18 14:59:40.697 [info] > git blame --root --incremental ba1ba0e4a807d2d76eb2b3153d8492225013ca8d -- src/components/Tags.jsx [4ms]
2026-02-18 14:59:41.545 [info] > git show --textconv :src/components/About.jsx [9ms]
2026-02-18 14:59:41.546 [info] > git ls-files --stage -- src/components/About.jsx [2ms]
2026-02-18 14:59:41.554 [info] > git cat-file -s 97552473c1d4d3840f80646e1135e6f2d946a591 [2ms]
2026-02-18 14:59:49.583 [info] > git show --textconv :src/components/Navbar.jsx [4ms]
2026-02-18 14:59:49.583 [info] > git ls-files --stage -- src/components/Navbar.jsx [1ms]
2026-02-18 14:59:49.628 [info] > git cat-file -s d7a27898dbdc5753774a5ead9a5b4b19446575b2 [5ms]
2026-02-18 14:59:49.642 [info] > git blame --root --incremental ba1ba0e4a807d2d76eb2b3153d8492225013ca8d -- src/components/Navbar.jsx [3ms]
2026-02-18 14:59:52.442 [info] > git config --get commit.template [8ms]
2026-02-18 14:59:52.443 [info] > git for-each-ref --format=%(refname)%00%(upstream:short)%00%(objectname)%00%(upstream:track)%00%(upstream:remotename)%00%(upstream:remoteref) refs/heads/main refs/remotes/main [2ms]
2026-02-18 14:59:52.458 [info] > git status -z -uall [7ms]
2026-02-18 14:59:52.459 [info] > git for-each-ref --sort -committerdate --format %(refname)%00%(objectname)%00%(*objectname) [2ms]
2026-02-18 14:59:57.480 [info] > git config --get commit.template [8ms]
2026-02-18 14:59:57.482 [info] > git for-each-ref --format=%(refname)%00%(upstream:short)%00%(objectname)%00%(upstream:track)%00%(upstream:remotename)%00%(upstream:remoteref) refs/heads/main refs/remotes/main [3ms]
2026-02-18 14:59:57.496 [info] > git status -z -uall [7ms]
2026-02-18 14:59:57.497 [info] > git for-each-ref --sort -committerdate --format %(refname)%00%(objectname)%00%(*objectname) [1ms]
2026-02-18 14:59:59.043 [info] > git show --textconv :src/components/About.jsx [6ms]
2026-02-18 14:59:59.044 [info] > git ls-files --stage -- src/components/About.jsx [2ms]
2026-02-18 14:59:59.050 [info] > git cat-file -s 97552473c1d4d3840f80646e1135e6f2d946a591 [1ms]
2026-02-18 15:00:02.175 [info] > git show --textconv :src/components/About.jsx [3ms]
2026-02-18 15:00:02.175 [info] > git ls-files --stage -- src/components/About.jsx [0ms]
2026-02-18 15:00:02.179 [info] > git cat-file -s 97552473c1d4d3840f80646e1135e6f2d946a591 [1ms]
2026-02-18 15:00:02.518 [info] > git config --get commit.template [8ms]
2026-02-18 15:00:02.519 [info] > git for-each-ref --format=%(refname)%00%(upstream:short)%00%(objectname)%00%(upstream:track)%00%(upstream:remotename)%00%(upstream:remoteref) refs/heads/main refs/remotes/main [2ms]
2026-02-18 15:00:02.529 [info] > git status -z -uall [6ms]
2026-02-18 15:00:02.530 [info] > git for-each-ref --sort -committerdate --format %(refname)%00%(objectname)%00%(*objectname) [1ms]
2026-02-18 15:00:16.294 [info] > git config --get commit.template [11ms]
2026-02-18 15:00:16.295 [info] > git for-each-ref --format=%(refname)%00%(upstream:short)%00%(objectname)%00%(upstream:track)%00%(upstream:remotename)%00%(upstream:remoteref) refs/heads/main refs/remotes/main [3ms]
2026-02-18 15:00:16.329 [info] > git status -z -uall [28ms]
2026-02-18 15:00:16.329 [info] > git for-each-ref --sort -committerdate --format %(refname)%00%(objectname)%00%(*objectname) [22ms]
2026-02-18 15:01:39.978 [info] > git config --get commit.template [4ms]
2026-02-18 15:01:39.978 [info] > git for-each-ref --format=%(refname)%00%(upstream:short)%00%(objectname)%00%(upstream:track)%00%(upstream:remotename)%00%(upstream:remoteref) refs/heads/main refs/remotes/main [1ms]
2026-02-18 15:01:39.984 [info] > git status -z -uall [3ms]
2026-02-18 15:01:39.985 [info] > git for-each-ref --sort -committerdate --format %(refname)%00%(objectname)%00%(*objectname) [1ms]
2026-02-18 15:01:45.002 [info] > git config --get commit.template [3ms]
2026-02-18 15:01:45.011 [info] > git for-each-ref --format=%(refname)%00%(upstream:short)%00%(objectname)%00%(upstream:track)%00%(upstream:remotename)%00%(upstream:remoteref) refs/heads/main refs/remotes/main [2ms]
2026-02-18 15:01:45.020 [info] > git status -z -uall [4ms]
2026-02-18 15:01:45.021 [info] > git for-each-ref --sort -committerdate --format %(refname)%00%(objectname)%00%(*objectname) [1ms]
2026-02-18 15:02:02.917 [info] > git config --get commit.template [0ms]
2026-02-18 15:02:02.920 [info] > git for-each-ref --format=%(refname)%00%(upstream:short)%00%(objectname)%00%(upstream:track)%00%(upstream:remotename)%00%(upstream:remoteref) refs/heads/main refs/remotes/main [1ms]
2026-02-18 15:02:02.927 [info] > git status -z -uall [4ms]
2026-02-18 15:02:02.928 [info] > git for-each-ref --sort -committerdate --format %(refname)%00%(objectname)%00%(*objectname) [2ms]
2026-02-18 15:02:09.215 [info] > git config --get commit.template [7ms]
2026-02-18 15:02:09.217 [info] > git for-each-ref --format=%(refname)%00%(upstream:short)%00%(objectname)%00%(upstream:track)%00%(upstream:remotename)%00%(upstream:remoteref) refs/heads/main refs/remotes/main [2ms]
2026-02-18 15:02:09.232 [info] > git status -z -uall [8ms]
2026-02-18 15:02:09.234 [info] > git for-each-ref --sort -committerdate --format %(refname)%00%(objectname)%00%(*objectname) [3ms]
2026-02-18 15:02:12.238 [info] > git show --textconv :src/App.jsx [4ms]
2026-02-18 15:02:12.238 [info] > git ls-files --stage -- src/App.jsx [1ms]
2026-02-18 15:02:12.242 [info] > git cat-file -s 7d8e5bb4230cbadba31ca77d94dfcfa3b76c83a5 [1ms]
2026-02-18 15:02:14.350 [info] > git config --get commit.template [8ms]
2026-02-18 15:02:14.351 [info] > git for-each-ref --format=%(refname)%00%(upstream:short)%00%(objectname)%00%(upstream:track)%00%(upstream:remotename)%00%(upstream:remoteref) refs/heads/main refs/remotes/main [2ms]
2026-02-18 15:02:14.366 [info] > git status -z -uall [8ms]
2026-02-18 15:02:14.368 [info] > git for-each-ref --sort -committerdate --format %(refname)%00%(objectname)%00%(*objectname) [3ms]
2026-02-18 15:02:19.052 [info] > git show --textconv :src/components/ImageDetail.jsx [6ms]
2026-02-18 15:02:19.053 [info] > git ls-files --stage -- src/components/ImageDetail.jsx [2ms]
2026-02-18 15:02:19.057 [info] > git cat-file -s 3fbc79f4fc8b923add8db2e2a282ae701c8ee78e [1ms]
2026-02-18 15:02:23.045 [info] > git config --get commit.template [7ms]
2026-02-18 15:02:23.047 [info] > git for-each-ref --format=%(refname)%00%(upstream:short)%00%(objectname)%00%(upstream:track)%00%(upstream:remotename)%00%(upstream:remoteref) refs/heads/main refs/remotes/main [2ms]
2026-02-18 15:02:23.060 [info] > git status -z -uall [7ms]
2026-02-18 15:02:23.061 [info] > git for-each-ref --sort -committerdate --format %(refname)%00%(objectname)%00%(*objectname) [2ms]
2026-02-18 15:05:02.149 [info] > git config --get commit.template [8ms]
2026-02-18 15:05:02.149 [info] > git for-each-ref --format=%(refname)%00%(upstream:short)%00%(objectname)%00%(upstream:track)%00%(upstream:remotename)%00%(upstream:remoteref) refs/heads/main refs/remotes/main [2ms]
2026-02-18 15:05:02.159 [info] > git status -z -uall [5ms]
2026-02-18 15:05:02.160 [info] > git for-each-ref --sort -committerdate --format %(refname)%00%(objectname)%00%(*objectname) [2ms]
2026-02-18 15:05:37.718 [info] > git config --get commit.template [6ms]
2026-02-18 15:05:37.719 [info] > git for-each-ref --format=%(refname)%00%(upstream:short)%00%(objectname)%00%(upstream:track)%00%(upstream:remotename)%00%(upstream:remoteref) refs/heads/main refs/remotes/main [2ms]
2026-02-18 15:05:37.732 [info] > git status -z -uall [7ms]
2026-02-18 15:05:37.733 [info] > git for-each-ref --sort -committerdate --format %(refname)%00%(objectname)%00%(*objectname) [3ms]
2026-02-18 15:05:53.869 [info] > git config --get commit.template [4ms]
2026-02-18 15:05:53.870 [info] > git for-each-ref --format=%(refname)%00%(upstream:short)%00%(objectname)%00%(upstream:track)%00%(upstream:remotename)%00%(upstream:remoteref) refs/heads/main refs/remotes/main [1ms]
2026-02-18 15:05:53.878 [info] > git status -z -uall [5ms]
2026-02-18 15:05:53.885 [info] > git for-each-ref --sort -committerdate --format %(refname)%00%(objectname)%00%(*objectname) [7ms]
2026-02-18 15:12:15.406 [info] > git config --get commit.template [8ms]
2026-02-18 15:12:15.407 [info] > git for-each-ref --format=%(refname)%00%(upstream:short)%00%(objectname)%00%(upstream:track)%00%(upstream:remotename)%00%(upstream:remoteref) refs/heads/main refs/remotes/main [2ms]
2026-02-18 15:12:15.421 [info] > git status -z -uall [7ms]
2026-02-18 15:12:15.422 [info] > git for-each-ref --sort -committerdate --format %(refname)%00%(objectname)%00%(*objectname) [2ms]
2026-02-18 15:13:15.102 [info] > git config --get commit.template [9ms]
2026-02-18 15:13:15.103 [info] > git for-each-ref --format=%(refname)%00%(upstream:short)%00%(objectname)%00%(upstream:track)%00%(upstream:remotename)%00%(upstream:remoteref) refs/heads/main refs/remotes/main [3ms]
2026-02-18 15:13:15.115 [info] > git status -z -uall [6ms]
2026-02-18 15:13:15.116 [info] > git for-each-ref --sort -committerdate --format %(refname)%00%(objectname)%00%(*objectname) [1ms]
2026-02-18 15:13:20.130 [info] > git config --get commit.template [4ms]
2026-02-18 15:13:20.130 [info] > git for-each-ref --format=%(refname)%00%(upstream:short)%00%(objectname)%00%(upstream:track)%00%(upstream:remotename)%00%(upstream:remoteref) refs/heads/main refs/remotes/main [0ms]
2026-02-18 15:13:20.136 [info] > git status -z -uall [3ms]
2026-02-18 15:13:20.136 [info] > git for-each-ref --sort -committerdate --format %(refname)%00%(objectname)%00%(*objectname) [1ms]
2026-02-18 15:13:27.202 [info] > git config --get commit.template [5ms]
2026-02-18 15:13:27.203 [info] > git for-each-ref --format=%(refname)%00%(upstream:short)%00%(objectname)%00%(upstream:track)%00%(upstream:remotename)%00%(upstream:remoteref) refs/heads/main refs/remotes/main [1ms]
2026-02-18 15:13:27.212 [info] > git status -z -uall [4ms]
2026-02-18 15:13:27.212 [info] > git for-each-ref --sort -committerdate --format %(refname)%00%(objectname)%00%(*objectname) [1ms]
2026-02-18 15:13:32.232 [info] > git config --get commit.template [10ms]
2026-02-18 15:13:32.234 [info] > git for-each-ref --format=%(refname)%00%(upstream:short)%00%(objectname)%00%(upstream:track)%00%(upstream:remotename)%00%(upstream:remoteref) refs/heads/main refs/remotes/main [3ms]
2026-02-18 15:13:32.251 [info] > git status -z -uall [7ms]
2026-02-18 15:13:32.252 [info] > git for-each-ref --sort -committerdate --format %(refname)%00%(objectname)%00%(*objectname) [2ms]
2026-02-18 15:13:40.478 [info] > git config --get commit.template [8ms]
2026-02-18 15:13:40.480 [info] > git for-each-ref --format=%(refname)%00%(upstream:short)%00%(objectname)%00%(upstream:track)%00%(upstream:remotename)%00%(upstream:remoteref) refs/heads/main refs/remotes/main [2ms]
2026-02-18 15:13:40.495 [info] > git status -z -uall [8ms]
2026-02-18 15:13:40.497 [info] > git for-each-ref --sort -committerdate --format %(refname)%00%(objectname)%00%(*objectname) [3ms]
2026-02-18 15:14:37.705 [info] > git config --get commit.template [8ms]
2026-02-18 15:14:37.706 [info] > git for-each-ref --format=%(refname)%00%(upstream:short)%00%(objectname)%00%(upstream:track)%00%(upstream:remotename)%00%(upstream:remoteref) refs/heads/main refs/remotes/main [2ms]
2026-02-18 15:14:37.721 [info] > git status -z -uall [7ms]
2026-02-18 15:14:37.722 [info] > git for-each-ref --sort -committerdate --format %(refname)%00%(objectname)%00%(*objectname) [2ms]
2026-02-18 15:15:04.862 [info] > git config --get commit.template [0ms]
2026-02-18 15:15:04.870 [info] > git for-each-ref --format=%(refname)%00%(upstream:short)%00%(objectname)%00%(upstream:track)%00%(upstream:remotename)%00%(upstream:remoteref) refs/heads/main refs/remotes/main [3ms]
2026-02-18 15:15:04.881 [info] > git status -z -uall [6ms]
2026-02-18 15:15:04.881 [info] > git for-each-ref --sort -committerdate --format %(refname)%00%(objectname)%00%(*objectname) [1ms]
2026-02-18 15:15:09.902 [info] > git config --get commit.template [1ms]
2026-02-18 15:15:09.908 [info] > git for-each-ref --format=%(refname)%00%(upstream:short)%00%(objectname)%00%(upstream:track)%00%(upstream:remotename)%00%(upstream:remoteref) refs/heads/main refs/remotes/main [2ms]
2026-02-18 15:15:09.916 [info] > git status -z -uall [5ms]
2026-02-18 15:15:09.916 [info] > git for-each-ref --sort -committerdate --format %(refname)%00%(objectname)%00%(*objectname) [1ms]
2026-02-18 15:15:19.793 [info] > git config --get commit.template [9ms]
2026-02-18 15:15:19.795 [info] > git for-each-ref --format=%(refname)%00%(upstream:short)%00%(objectname)%00%(upstream:track)%00%(upstream:remotename)%00%(upstream:remoteref) refs/heads/main refs/remotes/main [3ms]
2026-02-18 15:15:19.807 [info] > git status -z -uall [7ms]
2026-02-18 15:15:19.807 [info] > git for-each-ref --sort -committerdate --format %(refname)%00%(objectname)%00%(*objectname) [1ms]
2026-02-18 15:15:28.786 [info] > git config --get commit.template [9ms]
2026-02-18 15:15:28.787 [info] > git for-each-ref --format=%(refname)%00%(upstream:short)%00%(objectname)%00%(upstream:track)%00%(upstream:remotename)%00%(upstream:remoteref) refs/heads/main refs/remotes/main [2ms]
2026-02-18 15:15:28.799 [info] > git status -z -uall [5ms]
2026-02-18 15:15:28.800 [info] > git for-each-ref --sort -committerdate --format %(refname)%00%(objectname)%00%(*objectname) [2ms]
2026-02-18 15:15:40.763 [info] > git config --get commit.template [10ms]
2026-02-18 15:15:40.765 [info] > git for-each-ref --format=%(refname)%00%(upstream:short)%00%(objectname)%00%(upstream:track)%00%(upstream:remotename)%00%(upstream:remoteref) refs/heads/main refs/remotes/main [3ms]
2026-02-18 15:15:40.784 [info] > git status -z -uall [9ms]
2026-02-18 15:15:40.784 [info] > git for-each-ref --sort -committerdate --format %(refname)%00%(objectname)%00%(*objectname) [2ms]
2026-02-18 15:15:51.029 [info] > git config --get commit.template [12ms]
2026-02-18 15:15:51.034 [info] > git for-each-ref --format=%(refname)%00%(upstream:short)%00%(objectname)%00%(upstream:track)%00%(upstream:remotename)%00%(upstream:remoteref) refs/heads/main refs/remotes/main [1ms]
2026-02-18 15:15:51.041 [info] > git status -z -uall [4ms]
2026-02-18 15:15:51.041 [info] > git for-each-ref --sort -committerdate --format %(refname)%00%(objectname)%00%(*objectname) [1ms]
2026-02-18 15:16:09.046 [info] > git config --get commit.template [10ms]
2026-02-18 15:16:09.048 [info] > git for-each-ref --format=%(refname)%00%(upstream:short)%00%(objectname)%00%(upstream:track)%00%(upstream:remotename)%00%(upstream:remoteref) refs/heads/main refs/remotes/main [3ms]
2026-02-18 15:16:09.063 [info] > git status -z -uall [7ms]
2026-02-18 15:16:09.064 [info] > git for-each-ref --sort -committerdate --format %(refname)%00%(objectname)%00%(*objectname) [2ms]
2026-02-18 15:16:17.166 [info] > git config --get commit.template [8ms]
2026-02-18 15:16:17.168 [info] > git for-each-ref --format=%(refname)%00%(upstream:short)%00%(objectname)%00%(upstream:track)%00%(upstream:remotename)%00%(upstream:remoteref) refs/heads/main refs/remotes/main [2ms]
2026-02-18 15:16:17.179 [info] > git status -z -uall [6ms]
2026-02-18 15:16:17.180 [info] > git for-each-ref --sort -committerdate --format %(refname)%00%(objectname)%00%(*objectname) [2ms]
2026-02-18 15:16:38.504 [info] > git config --get commit.template [7ms]
2026-02-18 15:16:38.506 [info] > git for-each-ref --format=%(refname)%00%(upstream:short)%00%(objectname)%00%(upstream:track)%00%(upstream:remotename)%00%(upstream:remoteref) refs/heads/main refs/remotes/main [2ms]
2026-02-18 15:16:38.520 [info] > git status -z -uall [8ms]
2026-02-18 15:16:38.521 [info] > git for-each-ref --sort -committerdate --format %(refname)%00%(objectname)%00%(*objectname) [2ms]
2026-02-18 15:17:01.311 [info] > git config --get commit.template [15ms]
2026-02-18 15:17:01.315 [info] > git for-each-ref --format=%(refname)%00%(upstream:short)%00%(objectname)%00%(upstream:track)%00%(upstream:remotename)%00%(upstream:remoteref) refs/heads/main refs/remotes/main [0ms]
2026-02-18 15:17:01.321 [info] > git status -z -uall [3ms]
2026-02-18 15:17:01.322 [info] > git for-each-ref --sort -committerdate --format %(refname)%00%(objectname)%00%(*objectname) [1ms]
2026-02-18 15:17:16.233 [info] > git config --get commit.template [8ms]
2026-02-18 15:17:16.234 [info] > git for-each-ref --format=%(refname)%00%(upstream:short)%00%(objectname)%00%(upstream:track)%00%(upstream:remotename)%00%(upstream:remoteref) refs/heads/main refs/remotes/main [2ms]
2026-02-18 15:17:16.247 [info] > git status -z -uall [7ms]
2026-02-18 15:17:16.248 [info] > git for-each-ref --sort -committerdate --format %(refname)%00%(objectname)%00%(*objectname) [2ms]
2026-02-18 15:17:21.268 [info] > git config --get commit.template [3ms]
2026-02-18 15:17:21.268 [info] > git for-each-ref --format=%(refname)%00%(upstream:short)%00%(objectname)%00%(upstream:track)%00%(upstream:remotename)%00%(upstream:remoteref) refs/heads/main refs/remotes/main [1ms]
2026-02-18 15:17:21.276 [info] > git status -z -uall [5ms]
2026-02-18 15:17:21.276 [info] > git for-each-ref --sort -committerdate --format %(refname)%00%(objectname)%00%(*objectname) [1ms]
2026-02-18 15:18:04.903 [info] > git config --get commit.template [5ms]
2026-02-18 15:18:04.904 [info] > git for-each-ref --format=%(refname)%00%(upstream:short)%00%(objectname)%00%(upstream:track)%00%(upstream:remotename)%00%(upstream:remoteref) refs/heads/main refs/remotes/main [2ms]
2026-02-18 15:18:04.914 [info] > git status -z -uall [5ms]
2026-02-18 15:18:04.915 [info] > git for-each-ref --sort -committerdate --format %(refname)%00%(objectname)%00%(*objectname) [1ms]
2026-02-18 15:18:21.727 [info] > git config --get commit.template [2ms]
2026-02-18 15:18:21.743 [info] > git for-each-ref --format=%(refname)%00%(upstream:short)%00%(objectname)%00%(upstream:track)%00%(upstream:remotename)%00%(upstream:remoteref) refs/heads/main refs/remotes/main [1ms]
2026-02-18 15:18:21.750 [info] > git status -z -uall [3ms]
2026-02-18 15:18:21.750 [info] > git for-each-ref --sort -committerdate --format %(refname)%00%(objectname)%00%(*objectname) [1ms]
2026-02-18 15:18:35.302 [info] > git config --get commit.template [4ms]
2026-02-18 15:18:35.302 [info] > git for-each-ref --format=%(refname)%00%(upstream:short)%00%(objectname)%00%(upstream:track)%00%(upstream:remotename)%00%(upstream:remoteref) refs/heads/main refs/remotes/main [1ms]
2026-02-18 15:18:35.311 [info] > git status -z -uall [5ms]
2026-02-18 15:18:35.312 [info] > git for-each-ref --sort -committerdate --format %(refname)%00%(objectname)%00%(*objectname) [1ms]
2026-02-18 15:18:43.167 [info] > git config --get commit.template [7ms]
2026-02-18 15:18:43.168 [info] > git for-each-ref --format=%(refname)%00%(upstream:short)%00%(objectname)%00%(upstream:track)%00%(upstream:remotename)%00%(upstream:remoteref) refs/heads/main refs/remotes/main [1ms]
2026-02-18 15:18:43.178 [info] > git status -z -uall [4ms]
2026-02-18 15:18:43.179 [info] > git for-each-ref --sort -committerdate --format %(refname)%00%(objectname)%00%(*objectname) [2ms]
2026-02-18 15:19:32.404 [info] > git config --get commit.template [6ms]
2026-02-18 15:19:32.406 [info] > git for-each-ref --format=%(refname)%00%(upstream:short)%00%(objectname)%00%(upstream:track)%00%(upstream:remotename)%00%(upstream:remoteref) refs/heads/main refs/remotes/main [2ms]
2026-02-18 15:19:32.424 [info] > git status -z -uall [9ms]
2026-02-18 15:19:32.426 [info] > git for-each-ref --sort -committerdate --format %(refname)%00%(objectname)%00%(*objectname) [3ms]
2026-02-18 15:19:39.461 [info] > git config --get commit.template [8ms]
2026-02-18 15:19:39.462 [info] > git for-each-ref --format=%(refname)%00%(upstream:short)%00%(objectname)%00%(upstream:track)%00%(upstream:remotename)%00%(upstream:remoteref) refs/heads/main refs/remotes/main [2ms]
2026-02-18 15:19:39.478 [info] > git status -z -uall [9ms]
2026-02-18 15:19:39.479 [info] > git for-each-ref --sort -committerdate --format %(refname)%00%(objectname)%00%(*objectname) [2ms]
2026-02-18 15:20:05.510 [info] > git config --get commit.template [5ms]
2026-02-18 15:20:05.511 [info] > git for-each-ref --format=%(refname)%00%(upstream:short)%00%(objectname)%00%(upstream:track)%00%(upstream:remotename)%00%(upstream:remoteref) refs/heads/main refs/remotes/main [1ms]
2026-02-18 15:20:05.521 [info] > git status -z -uall [6ms]
2026-02-18 15:20:05.521 [info] > git for-each-ref --sort -committerdate --format %(refname)%00%(objectname)%00%(*objectname) [1ms]
