2026-02-17 17:59:41.962 [info] [main] Log level: Info
2026-02-17 17:59:41.962 [info] [main] Validating found git in: "git"
2026-02-17 17:59:41.962 [info] [main] Using git "2.53.0" from "git"
2026-02-17 17:59:41.962 [info] [Model][doInitialScan] Initial repository scan started
2026-02-17 17:59:41.962 [info] > git rev-parse --show-toplevel [18ms]
2026-02-17 17:59:41.962 [info] > git rev-parse --git-dir --git-common-dir --show-superproject-working-tree [19ms]
2026-02-17 17:59:41.962 [info] [Model][openRepository] Opened repository (path): /home/archguy/CascadeProjects/personal-website
2026-02-17 17:59:41.962 [info] [Model][openRepository] Opened repository (real path): /home/archguy/CascadeProjects/personal-website
2026-02-17 17:59:41.962 [info] [Model][openRepository] Opened repository (kind): repository
2026-02-17 17:59:42.004 [info] > git rev-parse --show-toplevel [47ms]
2026-02-17 17:59:42.005 [info] > git config --get commit.template [49ms]
2026-02-17 17:59:42.018 [info] > git rev-parse --show-toplevel [10ms]
2026-02-17 17:59:42.034 [info] > git for-each-ref --format=%(refname)%00%(upstream:short)%00%(objectname)%00%(upstream:track)%00%(upstream:remotename)%00%(upstream:remoteref) refs/heads/main refs/remotes/main [17ms]
2026-02-17 17:59:42.036 [info] > git rev-parse --show-toplevel [2ms]
2026-02-17 17:59:42.045 [info] > git status -z -uall [4ms]
2026-02-17 17:59:42.045 [info] > git rev-parse --show-toplevel [7ms]
2026-02-17 17:59:42.050 [info] > git rev-parse --show-toplevel [2ms]
2026-02-17 17:59:42.050 [info] > git for-each-ref --sort -committerdate --format %(refname)%00%(objectname)%00%(*objectname) [6ms]
2026-02-17 17:59:42.070 [info] > git for-each-ref --format=%(refname)%00%(upstream:short)%00%(objectname)%00%(upstream:track)%00%(upstream:remotename)%00%(upstream:remoteref) refs/heads/main refs/remotes/main [6ms]
2026-02-17 17:59:42.074 [info] > git config --get --local branch.main.vscode-merge-base [1ms]
2026-02-17 17:59:42.077 [info] > git config --get commit.template [7ms]
2026-02-17 17:59:42.077 [info] > git rev-parse --show-toplevel [9ms]
2026-02-17 17:59:42.082 [info] > git for-each-ref --format=%(refname)%00%(upstream:short)%00%(objectname)%00%(upstream:track)%00%(upstream:remotename)%00%(upstream:remoteref) refs/heads/origin/main refs/remotes/origin/main [5ms]
2026-02-17 17:59:42.089 [info] > git rev-parse --show-toplevel [7ms]
2026-02-17 17:59:42.092 [info] [Model][doInitialScan] Initial repository scan completed - repositories (1), closed repositories (0), parent repositories (0), unsafe repositories (0)
2026-02-17 17:59:42.110 [info] > git for-each-ref --format=%(refname)%00%(upstream:short)%00%(objectname)%00%(upstream:track)%00%(upstream:remotename)%00%(upstream:remoteref) refs/heads/main refs/remotes/main [21ms]
2026-02-17 17:59:42.110 [info] > git merge-base refs/heads/main refs/remotes/origin/main [24ms]
2026-02-17 17:59:42.126 [info] > git diff --name-status -z --diff-filter=ADMR --find-renames=50% 49acfacc2978b64434ac4764b38e61e0d433a8b9...refs/remotes/origin/main -- [12ms]
2026-02-17 17:59:42.135 [info] > git status -z -uall [4ms]
2026-02-17 17:59:42.137 [info] > git for-each-ref --sort -committerdate --format %(refname)%00%(objectname)%00%(*objectname) [3ms]
2026-02-17 17:59:42.475 [info] > git check-ignore -v -z --stdin [1ms]
2026-02-17 18:00:22.684 [info] > git config --get commit.template [7ms]
2026-02-17 18:00:22.684 [info] > git for-each-ref --format=%(refname)%00%(upstream:short)%00%(objectname)%00%(upstream:track)%00%(upstream:remotename)%00%(upstream:remoteref) refs/heads/main refs/remotes/main [1ms]
2026-02-17 18:00:22.692 [info] > git status -z -uall [4ms]
2026-02-17 18:00:22.693 [info] > git for-each-ref --sort -committerdate --format %(refname)%00%(objectname)%00%(*objectname) [1ms]
2026-02-17 18:00:24.055 [info] > git show --textconv :public/shitsays/ShitSaysData.json [7ms]
2026-02-17 18:00:24.056 [info] > git ls-files --stage -- public/shitsays/ShitSaysData.json [2ms]
2026-02-17 18:00:24.064 [info] > git cat-file -s 527a8a22c6a3b2656d9070e6d06c71440193dad7 [2ms]
2026-02-17 18:00:24.083 [info] > git blame --root --incremental 49acfacc2978b64434ac4764b38e61e0d433a8b9 -- public/shitsays/ShitSaysData.json [2ms]
2026-02-17 18:00:45.685 [info] > git config --get commit.template [9ms]
2026-02-17 18:00:45.687 [info] > git for-each-ref --format=%(refname)%00%(upstream:short)%00%(objectname)%00%(upstream:track)%00%(upstream:remotename)%00%(upstream:remoteref) refs/heads/main refs/remotes/main [3ms]
2026-02-17 18:00:45.700 [info] > git status -z -uall [7ms]
2026-02-17 18:00:45.701 [info] > git for-each-ref --sort -committerdate --format %(refname)%00%(objectname)%00%(*objectname) [2ms]
2026-02-17 18:00:46.567 [info] > git show --textconv :public/shitsays/2026-02-04.md [9ms]
2026-02-17 18:00:46.568 [info] > git ls-files --stage -- public/shitsays/2026-02-04.md [2ms]
2026-02-17 18:00:46.577 [info] > git cat-file -s e9a705499daab7a04bf58f36aecd18b465a96bca [2ms]
2026-02-17 18:00:46.606 [info] > git blame --root --incremental 49acfacc2978b64434ac4764b38e61e0d433a8b9 -- public/shitsays/2026-02-04.md [5ms]
2026-02-17 18:00:47.353 [info] > git check-ignore -v -z --stdin [2ms]
2026-02-17 18:00:53.473 [info] > git check-ignore -v -z --stdin [2ms]
2026-02-17 18:01:00.650 [info] > git show --textconv :src/components/Gallery.jsx [9ms]
2026-02-17 18:01:00.650 [info] > git ls-files --stage -- src/components/Gallery.jsx [1ms]
2026-02-17 18:01:00.657 [info] > git cat-file -s ffa80ca69b30e5edc68bc65e64b46123337d6291 [1ms]
2026-02-17 18:01:00.678 [info] > git blame --root --incremental 49acfacc2978b64434ac4764b38e61e0d433a8b9 -- src/components/Gallery.jsx [3ms]
2026-02-17 18:01:02.277 [info] > git show --textconv :src/hooks/useAudioPlayer.js [6ms]
2026-02-17 18:01:02.279 [info] > git ls-files --stage -- src/hooks/useAudioPlayer.js [3ms]
2026-02-17 18:01:02.285 [info] > git cat-file -s 36b94f7a5ecef2890a68b148b0201b7d86fdf749 [1ms]
2026-02-17 18:01:02.322 [info] > git blame --root --incremental 49acfacc2978b64434ac4764b38e61e0d433a8b9 -- src/hooks/useAudioPlayer.js [3ms]
2026-02-17 18:01:02.619 [info] > git show --textconv :src/components/Gallery.jsx [6ms]
2026-02-17 18:01:02.619 [info] > git ls-files --stage -- src/components/Gallery.jsx [3ms]
2026-02-17 18:01:02.624 [info] > git cat-file -s ffa80ca69b30e5edc68bc65e64b46123337d6291 [1ms]
2026-02-17 18:01:05.353 [info] > git config --get commit.template [8ms]
2026-02-17 18:01:05.354 [info] > git for-each-ref --format=%(refname)%00%(upstream:short)%00%(objectname)%00%(upstream:track)%00%(upstream:remotename)%00%(upstream:remoteref) refs/heads/main refs/remotes/main [2ms]
2026-02-17 18:01:05.371 [info] > git status -z -uall [9ms]
2026-02-17 18:01:05.373 [info] > git for-each-ref --sort -committerdate --format %(refname)%00%(objectname)%00%(*objectname) [2ms]
2026-02-17 18:02:27.614 [info] > git config --get commit.template [6ms]
2026-02-17 18:02:27.619 [info] > git ls-files --stage -- src/components/Gallery.jsx [6ms]
2026-02-17 18:02:27.623 [info] > git for-each-ref --format=%(refname)%00%(upstream:short)%00%(objectname)%00%(upstream:track)%00%(upstream:remotename)%00%(upstream:remoteref) refs/heads/main refs/remotes/main [5ms]
2026-02-17 18:02:27.632 [info] > git status -z -uall [5ms]
2026-02-17 18:02:27.632 [info] > git cat-file -s ffa80ca69b30e5edc68bc65e64b46123337d6291 [9ms]
2026-02-17 18:02:27.633 [info] > git for-each-ref --sort -committerdate --format %(refname)%00%(objectname)%00%(*objectname) [2ms]
2026-02-17 18:02:27.639 [info] > git show --textconv :src/components/Gallery.jsx [1ms]
2026-02-17 18:04:18.150 [info] > git for-each-ref --format=%(refname)%00%(upstream:short)%00%(objectname)%00%(upstream:track)%00%(upstream:remotename)%00%(upstream:remoteref) refs/heads/main refs/remotes/main [2ms]
2026-02-17 18:04:18.151 [info] > git config --get commit.template [9ms]
2026-02-17 18:04:18.161 [info] > git status -z -uall [5ms]
2026-02-17 18:04:18.161 [info] > git for-each-ref --sort -committerdate --format %(refname)%00%(objectname)%00%(*objectname) [1ms]
2026-02-17 18:10:28.079 [info] > git config --get commit.template [5ms]
2026-02-17 18:10:28.079 [info] > git for-each-ref --format=%(refname)%00%(upstream:short)%00%(objectname)%00%(upstream:track)%00%(upstream:remotename)%00%(upstream:remoteref) refs/heads/main refs/remotes/main [1ms]
2026-02-17 18:10:28.089 [info] > git status -z -uall [5ms]
2026-02-17 18:10:28.089 [info] > git for-each-ref --sort -committerdate --format %(refname)%00%(objectname)%00%(*objectname) [1ms]
2026-02-17 18:12:37.160 [info] > git config --get commit.template [4ms]
2026-02-17 18:12:37.160 [info] > git for-each-ref --format=%(refname)%00%(upstream:short)%00%(objectname)%00%(upstream:track)%00%(upstream:remotename)%00%(upstream:remoteref) refs/heads/main refs/remotes/main [1ms]
2026-02-17 18:12:37.168 [info] > git status -z -uall [4ms]
2026-02-17 18:12:37.169 [info] > git for-each-ref --sort -committerdate --format %(refname)%00%(objectname)%00%(*objectname) [2ms]
2026-02-17 18:14:15.436 [info] > git config --get commit.template [1ms]
2026-02-17 18:14:15.442 [info] > git for-each-ref --format=%(refname)%00%(upstream:short)%00%(objectname)%00%(upstream:track)%00%(upstream:remotename)%00%(upstream:remoteref) refs/heads/main refs/remotes/main [2ms]
2026-02-17 18:14:15.451 [info] > git status -z -uall [4ms]
2026-02-17 18:14:15.452 [info] > git for-each-ref --sort -committerdate --format %(refname)%00%(objectname)%00%(*objectname) [1ms]
2026-02-17 18:16:37.885 [info] > git for-each-ref --format=%(refname)%00%(upstream:short)%00%(objectname)%00%(upstream:track)%00%(upstream:remotename)%00%(upstream:remoteref) refs/heads/main refs/remotes/main [1ms]
2026-02-17 18:16:37.885 [info] > git config --get commit.template [7ms]
2026-02-17 18:16:37.898 [info] > git status -z -uall [7ms]
2026-02-17 18:16:37.901 [info] > git for-each-ref --sort -committerdate --format %(refname)%00%(objectname)%00%(*objectname) [4ms]
2026-02-17 18:24:25.634 [info] > git config --get commit.template [6ms]
2026-02-17 18:24:25.635 [info] > git for-each-ref --format=%(refname)%00%(upstream:short)%00%(objectname)%00%(upstream:track)%00%(upstream:remotename)%00%(upstream:remoteref) refs/heads/main refs/remotes/main [1ms]
2026-02-17 18:24:25.643 [info] > git status -z -uall [4ms]
2026-02-17 18:24:25.644 [info] > git for-each-ref --sort -committerdate --format %(refname)%00%(objectname)%00%(*objectname) [1ms]
2026-02-17 18:24:58.950 [info] > git config --get commit.template [5ms]
2026-02-17 18:24:58.951 [info] > git for-each-ref --format=%(refname)%00%(upstream:short)%00%(objectname)%00%(upstream:track)%00%(upstream:remotename)%00%(upstream:remoteref) refs/heads/main refs/remotes/main [2ms]
2026-02-17 18:24:58.964 [info] > git status -z -uall [7ms]
2026-02-17 18:24:58.964 [info] > git for-each-ref --sort -committerdate --format %(refname)%00%(objectname)%00%(*objectname) [1ms]
2026-02-17 18:32:28.387 [info] > git config --get commit.template [4ms]
2026-02-17 18:32:28.388 [info] > git for-each-ref --format=%(refname)%00%(upstream:short)%00%(objectname)%00%(upstream:track)%00%(upstream:remotename)%00%(upstream:remoteref) refs/heads/main refs/remotes/main [2ms]
2026-02-17 18:32:28.397 [info] > git status -z -uall [5ms]
2026-02-17 18:32:28.397 [info] > git for-each-ref --sort -committerdate --format %(refname)%00%(objectname)%00%(*objectname) [1ms]
2026-02-17 18:39:03.158 [info] > git config --get commit.template [5ms]
2026-02-17 18:39:03.158 [info] > git for-each-ref --format=%(refname)%00%(upstream:short)%00%(objectname)%00%(upstream:track)%00%(upstream:remotename)%00%(upstream:remoteref) refs/heads/main refs/remotes/main [1ms]
2026-02-17 18:39:03.165 [info] > git status -z -uall [3ms]
2026-02-17 18:39:03.166 [info] > git for-each-ref --sort -committerdate --format %(refname)%00%(objectname)%00%(*objectname) [1ms]
2026-02-17 18:41:01.378 [info] > git config --get commit.template [5ms]
2026-02-17 18:41:01.378 [info] > git for-each-ref --format=%(refname)%00%(upstream:short)%00%(objectname)%00%(upstream:track)%00%(upstream:remotename)%00%(upstream:remoteref) refs/heads/main refs/remotes/main [1ms]
2026-02-17 18:41:01.388 [info] > git status -z -uall [6ms]
2026-02-17 18:41:01.389 [info] > git for-each-ref --sort -committerdate --format %(refname)%00%(objectname)%00%(*objectname) [2ms]
2026-02-17 18:46:34.874 [info] > git config --get commit.template [3ms]
2026-02-17 18:46:34.874 [info] > git for-each-ref --format=%(refname)%00%(upstream:short)%00%(objectname)%00%(upstream:track)%00%(upstream:remotename)%00%(upstream:remoteref) refs/heads/main refs/remotes/main [1ms]
2026-02-17 18:46:34.880 [info] > git status -z -uall [3ms]
2026-02-17 18:46:34.881 [info] > git for-each-ref --sort -committerdate --format %(refname)%00%(objectname)%00%(*objectname) [1ms]
2026-02-17 18:58:23.526 [info] > git config --get commit.template [4ms]
2026-02-17 18:58:23.527 [info] > git for-each-ref --format=%(refname)%00%(upstream:short)%00%(objectname)%00%(upstream:track)%00%(upstream:remotename)%00%(upstream:remoteref) refs/heads/main refs/remotes/main [1ms]
2026-02-17 18:58:23.535 [info] > git status -z -uall [5ms]
2026-02-17 18:58:23.536 [info] > git for-each-ref --sort -committerdate --format %(refname)%00%(objectname)%00%(*objectname) [2ms]
2026-02-17 18:58:28.555 [info] > git config --get commit.template [9ms]
2026-02-17 18:58:28.556 [info] > git for-each-ref --format=%(refname)%00%(upstream:short)%00%(objectname)%00%(upstream:track)%00%(upstream:remotename)%00%(upstream:remoteref) refs/heads/main refs/remotes/main [2ms]
2026-02-17 18:58:28.572 [info] > git status -z -uall [8ms]
2026-02-17 18:58:28.576 [info] > git for-each-ref --sort -committerdate --format %(refname)%00%(objectname)%00%(*objectname) [5ms]
2026-02-17 18:58:33.594 [info] > git config --get commit.template [4ms]
2026-02-17 18:58:33.595 [info] > git for-each-ref --format=%(refname)%00%(upstream:short)%00%(objectname)%00%(upstream:track)%00%(upstream:remotename)%00%(upstream:remoteref) refs/heads/main refs/remotes/main [1ms]
2026-02-17 18:58:33.604 [info] > git status -z -uall [4ms]
2026-02-17 18:58:33.605 [info] > git for-each-ref --sort -committerdate --format %(refname)%00%(objectname)%00%(*objectname) [2ms]
2026-02-17 19:06:25.752 [info] > git config --get commit.template [5ms]
2026-02-17 19:06:25.756 [info] > git for-each-ref --format=%(refname)%00%(upstream:short)%00%(objectname)%00%(upstream:track)%00%(upstream:remotename)%00%(upstream:remoteref) refs/heads/main refs/remotes/main [1ms]
2026-02-17 19:06:25.756 [info] > git ls-files --stage -- src/components/Gallery.jsx [5ms]
2026-02-17 19:06:25.770 [info] > git status -z -uall [5ms]
2026-02-17 19:06:25.770 [info] > git cat-file -s ffa80ca69b30e5edc68bc65e64b46123337d6291 [10ms]
2026-02-17 19:06:25.771 [info] > git for-each-ref --sort -committerdate --format %(refname)%00%(objectname)%00%(*objectname) [2ms]
2026-02-17 19:06:25.783 [info] > git show --textconv :src/components/Gallery.jsx [3ms]
2026-02-17 19:07:19.829 [info] > git config --get commit.template [1ms]
2026-02-17 19:07:19.836 [info] > git for-each-ref --format=%(refname)%00%(upstream:short)%00%(objectname)%00%(upstream:track)%00%(upstream:remotename)%00%(upstream:remoteref) refs/heads/main refs/remotes/main [1ms]
2026-02-17 19:07:19.846 [info] > git status -z -uall [6ms]
2026-02-17 19:07:19.847 [info] > git for-each-ref --sort -committerdate --format %(refname)%00%(objectname)%00%(*objectname) [2ms]
2026-02-17 19:22:07.497 [info] > git config --get commit.template [5ms]
2026-02-17 19:22:07.498 [info] > git for-each-ref --format=%(refname)%00%(upstream:short)%00%(objectname)%00%(upstream:track)%00%(upstream:remotename)%00%(upstream:remoteref) refs/heads/main refs/remotes/main [1ms]
2026-02-17 19:22:07.506 [info] > git status -z -uall [4ms]
2026-02-17 19:22:07.507 [info] > git for-each-ref --sort -committerdate --format %(refname)%00%(objectname)%00%(*objectname) [1ms]
2026-02-17 19:22:12.971 [info] > git config --get commit.template [4ms]
2026-02-17 19:22:12.971 [info] > git for-each-ref --format=%(refname)%00%(upstream:short)%00%(objectname)%00%(upstream:track)%00%(upstream:remotename)%00%(upstream:remoteref) refs/heads/main refs/remotes/main [0ms]
2026-02-17 19:22:12.979 [info] > git status -z -uall [4ms]
2026-02-17 19:22:12.980 [info] > git for-each-ref --sort -committerdate --format %(refname)%00%(objectname)%00%(*objectname) [2ms]
2026-02-17 19:23:25.165 [info] > git config --get commit.template [5ms]
2026-02-17 19:23:25.165 [info] > git for-each-ref --format=%(refname)%00%(upstream:short)%00%(objectname)%00%(upstream:track)%00%(upstream:remotename)%00%(upstream:remoteref) refs/heads/main refs/remotes/main [1ms]
2026-02-17 19:23:25.174 [info] > git status -z -uall [5ms]
2026-02-17 19:23:25.175 [info] > git for-each-ref --sort -committerdate --format %(refname)%00%(objectname)%00%(*objectname) [2ms]
2026-02-17 19:23:30.197 [info] > git config --get commit.template [9ms]
2026-02-17 19:23:30.198 [info] > git for-each-ref --format=%(refname)%00%(upstream:short)%00%(objectname)%00%(upstream:track)%00%(upstream:remotename)%00%(upstream:remoteref) refs/heads/main refs/remotes/main [2ms]
2026-02-17 19:23:30.214 [info] > git status -z -uall [9ms]
2026-02-17 19:23:30.215 [info] > git for-each-ref --sort -committerdate --format %(refname)%00%(objectname)%00%(*objectname) [2ms]
2026-02-17 19:23:35.247 [info] > git config --get commit.template [14ms]
2026-02-17 19:23:35.248 [info] > git for-each-ref --format=%(refname)%00%(upstream:short)%00%(objectname)%00%(upstream:track)%00%(upstream:remotename)%00%(upstream:remoteref) refs/heads/main refs/remotes/main [3ms]
2026-02-17 19:23:35.267 [info] > git status -z -uall [10ms]
2026-02-17 19:23:35.269 [info] > git for-each-ref --sort -committerdate --format %(refname)%00%(objectname)%00%(*objectname) [3ms]
2026-02-17 19:24:31.634 [info] > git config --get commit.template [7ms]
2026-02-17 19:24:31.635 [info] > git for-each-ref --format=%(refname)%00%(upstream:short)%00%(objectname)%00%(upstream:track)%00%(upstream:remotename)%00%(upstream:remoteref) refs/heads/main refs/remotes/main [2ms]
2026-02-17 19:24:31.647 [info] > git status -z -uall [7ms]
2026-02-17 19:24:31.648 [info] > git for-each-ref --sort -committerdate --format %(refname)%00%(objectname)%00%(*objectname) [2ms]
2026-02-17 19:24:42.829 [info] > git config --get commit.template [7ms]
2026-02-17 19:24:42.831 [info] > git for-each-ref --format=%(refname)%00%(upstream:short)%00%(objectname)%00%(upstream:track)%00%(upstream:remotename)%00%(upstream:remoteref) refs/heads/main refs/remotes/main [2ms]
2026-02-17 19:24:42.844 [info] > git status -z -uall [7ms]
2026-02-17 19:24:42.846 [info] > git for-each-ref --sort -committerdate --format %(refname)%00%(objectname)%00%(*objectname) [3ms]
2026-02-17 19:25:05.404 [info] > git config --get commit.template [4ms]
2026-02-17 19:25:05.405 [info] > git for-each-ref --format=%(refname)%00%(upstream:short)%00%(objectname)%00%(upstream:track)%00%(upstream:remotename)%00%(upstream:remoteref) refs/heads/main refs/remotes/main [1ms]
2026-02-17 19:25:05.414 [info] > git status -z -uall [5ms]
2026-02-17 19:25:05.415 [info] > git for-each-ref --sort -committerdate --format %(refname)%00%(objectname)%00%(*objectname) [2ms]
2026-02-17 19:30:40.137 [info] > git config --get commit.template [8ms]
2026-02-17 19:30:40.138 [info] > git for-each-ref --format=%(refname)%00%(upstream:short)%00%(objectname)%00%(upstream:track)%00%(upstream:remotename)%00%(upstream:remoteref) refs/heads/main refs/remotes/main [2ms]
2026-02-17 19:30:40.152 [info] > git status -z -uall [7ms]
2026-02-17 19:30:40.153 [info] > git for-each-ref --sort -committerdate --format %(refname)%00%(objectname)%00%(*objectname) [2ms]
2026-02-17 19:31:14.331 [info] > git config --get commit.template [1ms]
2026-02-17 19:31:14.336 [info] > git for-each-ref --format=%(refname)%00%(upstream:short)%00%(objectname)%00%(upstream:track)%00%(upstream:remotename)%00%(upstream:remoteref) refs/heads/main refs/remotes/main [1ms]
2026-02-17 19:31:14.343 [info] > git status -z -uall [4ms]
2026-02-17 19:31:14.344 [info] > git for-each-ref --sort -committerdate --format %(refname)%00%(objectname)%00%(*objectname) [1ms]
2026-02-17 19:31:37.045 [info] > git config --get commit.template [7ms]
2026-02-17 19:31:37.046 [info] > git for-each-ref --format=%(refname)%00%(upstream:short)%00%(objectname)%00%(upstream:track)%00%(upstream:remotename)%00%(upstream:remoteref) refs/heads/main refs/remotes/main [2ms]
2026-02-17 19:31:37.055 [info] > git status -z -uall [5ms]
2026-02-17 19:31:37.056 [info] > git for-each-ref --sort -committerdate --format %(refname)%00%(objectname)%00%(*objectname) [2ms]
2026-02-17 19:32:54.960 [info] > git config --get commit.template [9ms]
2026-02-17 19:32:54.961 [info] > git for-each-ref --format=%(refname)%00%(upstream:short)%00%(objectname)%00%(upstream:track)%00%(upstream:remotename)%00%(upstream:remoteref) refs/heads/main refs/remotes/main [2ms]
2026-02-17 19:32:54.977 [info] > git status -z -uall [8ms]
2026-02-17 19:32:54.981 [info] > git for-each-ref --sort -committerdate --format %(refname)%00%(objectname)%00%(*objectname) [5ms]
2026-02-17 19:32:57.067 [info] > git show --textconv :src/components/Sidebar.jsx [6ms]
2026-02-17 19:32:57.068 [info] > git ls-files --stage -- src/components/Sidebar.jsx [2ms]
2026-02-17 19:32:57.073 [info] > git cat-file -s f3bb05e2c4217b148a388d66924a1ca7ba80c8d7 [2ms]
2026-02-17 19:32:57.093 [info] > git blame --root --incremental 49acfacc2978b64434ac4764b38e61e0d433a8b9 -- src/components/Sidebar.jsx [2ms]
2026-02-17 19:32:57.950 [info] > git show --textconv :src/components/MusicPlayer.jsx [8ms]
2026-02-17 19:32:57.951 [info] > git ls-files --stage -- src/components/MusicPlayer.jsx [2ms]
2026-02-17 19:32:57.955 [info] > git cat-file -s 61035eeba8c920f17f955658e3c9f5b94810efac [1ms]
2026-02-17 19:32:57.969 [info] > git blame --root --incremental 49acfacc2978b64434ac4764b38e61e0d433a8b9 -- src/components/MusicPlayer.jsx [3ms]
2026-02-17 19:52:09.842 [info] > git config --get commit.template [4ms]
2026-02-17 19:52:09.842 [info] > git for-each-ref --format=%(refname)%00%(upstream:short)%00%(objectname)%00%(upstream:track)%00%(upstream:remotename)%00%(upstream:remoteref) refs/heads/main refs/remotes/main [1ms]
2026-02-17 19:52:09.851 [info] > git status -z -uall [5ms]
2026-02-17 19:52:09.852 [info] > git for-each-ref --sort -committerdate --format %(refname)%00%(objectname)%00%(*objectname) [1ms]
2026-02-17 19:52:14.862 [info] > git config --get commit.template [3ms]
2026-02-17 19:52:14.862 [info] > git for-each-ref --format=%(refname)%00%(upstream:short)%00%(objectname)%00%(upstream:track)%00%(upstream:remotename)%00%(upstream:remoteref) refs/heads/main refs/remotes/main [1ms]
2026-02-17 19:52:14.867 [info] > git status -z -uall [2ms]
2026-02-17 19:52:14.868 [info] > git for-each-ref --sort -committerdate --format %(refname)%00%(objectname)%00%(*objectname) [1ms]
2026-02-17 19:52:16.082 [info] > git check-ignore -v -z --stdin [1ms]
2026-02-17 19:52:16.446 [info] > git show --textconv :src/hooks/useRandomBackground.js [2ms]
2026-02-17 19:52:16.446 [info] > git ls-files --stage -- src/hooks/useRandomBackground.js [1ms]
2026-02-17 19:52:16.449 [info] > git cat-file -s fdc9a5654ed5fb8e704b4294b3ded464bf9a4018 [1ms]
2026-02-17 19:52:16.462 [info] > git blame --root --incremental 49acfacc2978b64434ac4764b38e61e0d433a8b9 -- src/hooks/useRandomBackground.js [2ms]
2026-02-17 19:52:16.841 [info] > git show --textconv :src/hooks/useAudioPlayer.js [4ms]
2026-02-17 19:52:16.841 [info] > git ls-files --stage -- src/hooks/useAudioPlayer.js [1ms]
2026-02-17 19:52:16.846 [info] > git cat-file -s 36b94f7a5ecef2890a68b148b0201b7d86fdf749 [1ms]
2026-02-17 19:59:17.812 [info] > git config --get commit.template [7ms]
2026-02-17 19:59:17.818 [info] > git for-each-ref --format=%(refname)%00%(upstream:short)%00%(objectname)%00%(upstream:track)%00%(upstream:remotename)%00%(upstream:remoteref) refs/heads/main refs/remotes/main [7ms]
2026-02-17 19:59:17.819 [info] > git ls-files --stage -- src/hooks/useAudioPlayer.js [1ms]
2026-02-17 19:59:17.832 [info] > git status -z -uall [6ms]
2026-02-17 19:59:17.833 [info] > git cat-file -s 36b94f7a5ecef2890a68b148b0201b7d86fdf749 [10ms]
2026-02-17 19:59:17.834 [info] > git for-each-ref --sort -committerdate --format %(refname)%00%(objectname)%00%(*objectname) [2ms]
2026-02-17 19:59:17.851 [info] > git blame --root --incremental ba1ba0e4a807d2d76eb2b3153d8492225013ca8d -- src/hooks/useAudioPlayer.js [7ms]
2026-02-17 19:59:17.856 [info] > git merge-base refs/heads/main refs/remotes/origin/main [6ms]
2026-02-17 19:59:17.861 [info] > git show --textconv :src/hooks/useAudioPlayer.js [6ms]
2026-02-17 19:59:17.861 [info] > git diff --name-status -z --diff-filter=ADMR --find-renames=50% 49acfacc2978b64434ac4764b38e61e0d433a8b9...refs/remotes/origin/main -- [2ms]
2026-02-17 20:00:29.326 [info] > git config --get commit.template [4ms]
2026-02-17 20:00:29.326 [info] > git for-each-ref --format=%(refname)%00%(upstream:short)%00%(objectname)%00%(upstream:track)%00%(upstream:remotename)%00%(upstream:remoteref) refs/heads/main refs/remotes/main [1ms]
2026-02-17 20:00:29.335 [info] > git status -z -uall [5ms]
2026-02-17 20:00:29.340 [info] > git for-each-ref --sort -committerdate --format %(refname)%00%(objectname)%00%(*objectname) [6ms]
2026-02-17 20:00:29.347 [info] > git ls-files --stage -- src/hooks/useAudioPlayer.js [8ms]
2026-02-17 20:00:29.351 [info] > git cat-file -s 36b94f7a5ecef2890a68b148b0201b7d86fdf749 [1ms]
2026-02-17 20:00:29.351 [info] > git merge-base refs/heads/main refs/remotes/origin/main [5ms]
2026-02-17 20:00:29.355 [info] > git diff --name-status -z --diff-filter=ADMR --find-renames=50% ba1ba0e4a807d2d76eb2b3153d8492225013ca8d...refs/remotes/origin/main -- [1ms]
2026-02-17 20:00:29.361 [info] > git show --textconv :src/hooks/useAudioPlayer.js [0ms]
2026-02-17 20:01:39.441 [info] > git config --get commit.template [4ms]
2026-02-17 20:01:39.441 [info] > git for-each-ref --format=%(refname)%00%(upstream:short)%00%(objectname)%00%(upstream:track)%00%(upstream:remotename)%00%(upstream:remoteref) refs/heads/main refs/remotes/main [1ms]
2026-02-17 20:01:39.447 [info] > git status -z -uall [3ms]
2026-02-17 20:01:39.448 [info] > git for-each-ref --sort -committerdate --format %(refname)%00%(objectname)%00%(*objectname) [1ms]
2026-02-17 20:24:48.941 [info] > git show --textconv :public/shitsays/2026-02-17.md [8ms]
2026-02-17 20:24:48.942 [info] > git ls-files --stage -- public/shitsays/2026-02-17.md [2ms]
2026-02-17 20:24:48.951 [info] > git cat-file -s b0bb7a6b113aaf89d601cb417e284d12ebc1f719 [2ms]
2026-02-17 20:24:48.973 [info] > git blame --root --incremental ba1ba0e4a807d2d76eb2b3153d8492225013ca8d -- public/shitsays/2026-02-17.md [3ms]
2026-02-17 22:02:03.577 [info] > git config --get commit.template [3ms]
2026-02-17 22:02:03.578 [info] > git for-each-ref --format=%(refname)%00%(upstream:short)%00%(objectname)%00%(upstream:track)%00%(upstream:remotename)%00%(upstream:remoteref) refs/heads/main refs/remotes/main [1ms]
2026-02-17 22:02:03.592 [info] > git status -z -uall [11ms]
2026-02-17 22:02:03.593 [info] > git for-each-ref --sort -committerdate --format %(refname)%00%(objectname)%00%(*objectname) [5ms]
