2026-02-18 14:37:00.126 [error] [createInstance] $$rc depends on UNKNOWN service agentSessions.: Error: [createInstance] $$rc depends on UNKNOWN service agentSessions.
    at V$e.y (vscode-file://vscode-app/usr/share/windsurf/resources/app/out/vs/workbench/workbench.desktop.main.js:16182:4137)
    at V$e.o (vscode-file://vscode-app/usr/share/windsurf/resources/app/out/vs/workbench/workbench.desktop.main.js:16182:1254)
    at V$e.createInstance (vscode-file://vscode-app/usr/share/windsurf/resources/app/out/vs/workbench/workbench.desktop.main.js:16182:1098)
    at new $uJc (vscode-file://vscode-app/usr/share/windsurf/resources/app/out/vs/workbench/workbench.desktop.main.js:16852:8566)
    at new $vJc (vscode-file://vscode-app/usr/share/windsurf/resources/app/out/vs/workbench/workbench.desktop.main.js:16852:16681)
    at V$e.o (vscode-file://vscode-app/usr/share/windsurf/resources/app/out/vs/workbench/workbench.desktop.main.js:16182:1604)
    at V$e.createInstance (vscode-file://vscode-app/usr/share/windsurf/resources/app/out/vs/workbench/workbench.desktop.main.js:16182:1098)
    at new $wJc (vscode-file://vscode-app/usr/share/windsurf/resources/app/out/vs/workbench/workbench.desktop.main.js:16852:19789)
    at V$e.o (vscode-file://vscode-app/usr/share/windsurf/resources/app/out/vs/workbench/workbench.desktop.main.js:16182:1604)
    at V$e.createInstance (vscode-file://vscode-app/usr/share/windsurf/resources/app/out/vs/workbench/workbench.desktop.main.js:16182:1098)
2026-02-18 14:37:00.170 [warning] IWorkbenchContributionsRegistry#getContribution('windsurf.cascadePanel'): contribution instantiated before LifecyclePhase.Restored!
2026-02-18 14:37:00.681 [info] Started local extension host with pid 64806.
2026-02-18 14:37:01.047 [error] Extension 'ms-python.vscode-python-envs' appears in product.json but enables LESS API proposals than the extension wants.
package.json (LOSES): terminalShellEnv, terminalDataWriteEvent
product.json (WINS): terminalShellEnv
2026-02-18 14:37:01.079 [warning] [ms-python.python]: Cannot register 'python.venvPath'. This property is already registered.
2026-02-18 14:37:01.897 [info] [DiffZone] BaselineResolution init, 0 existing repos
2026-02-18 14:37:02.090 [error] App icon customization is not supported on this OS: Error: App icon customization is not supported on this OS
    at Q6.setIcon (file:///usr/share/windsurf/resources/app/out/main.js:147:3603)
    at Object.call (file:///usr/share/windsurf/resources/app/out/main.js:33:4554)
    at Zp.s (file:///usr/share/windsurf/resources/app/out/main.js:31:15212)
    at Zp.q (file:///usr/share/windsurf/resources/app/out/main.js:31:14735)
    at Ta.value (file:///usr/share/windsurf/resources/app/out/main.js:31:14137)
    at D.C (file:///usr/share/windsurf/resources/app/out/main.js:30:2328)
    at D (file:///usr/share/windsurf/resources/app/out/main.js:30:2398)
    at D.fire (file:///usr/share/windsurf/resources/app/out/main.js:30:2615)
    at Ta.value (file:///usr/share/windsurf/resources/app/out/main.js:28:5384)
    at D.C (file:///usr/share/windsurf/resources/app/out/main.js:30:2328)
    at D.fire (file:///usr/share/windsurf/resources/app/out/main.js:30:2546)
    at Ta.value (file:///usr/share/windsurf/resources/app/out/main.js:28:5568)
    at D.C (file:///usr/share/windsurf/resources/app/out/main.js:30:2328)
    at D.fire (file:///usr/share/windsurf/resources/app/out/main.js:30:2546)
    at H (file:///usr/share/windsurf/resources/app/out/main.js:28:7826)
    at IpcMainImpl.i (file:///usr/share/windsurf/resources/app/out/main.js:36:10815)
    at IpcMainImpl.emit (node:events:519:28)
    at Session.<anonymous> (node:electron/js2c/browser_init:2:112437)
    at Session.emit (node:events:519:28)
2026-02-18 14:37:03.322 [info] [DiffZone] Watching repo: scm0
2026-02-18 14:37:03.322 [info] [DiffZone] No historyProvider for scm0
2026-02-18 14:37:03.323 [info] [DiffZone] No revision for scm0
2026-02-18 14:37:03.333 [info] [DiffZone] Revision for scm0: ba1ba0e, prev: none
2026-02-18 14:37:04.436 [info] [perf] Render performance baseline is 22ms
2026-02-18 14:37:20.272 [error] Language server client not available: Error: Language server client not available
    at $0ad.streamDeepWiki (vscode-file://vscode-app/usr/share/windsurf/resources/app/out/vs/workbench/workbench.desktop.main.js:18834:256)
    at new $0ad (vscode-file://vscode-app/usr/share/windsurf/resources/app/out/vs/workbench/workbench.desktop.main.js:18823:10882)
    at $9ad.getStreamableStringDeepWiki (vscode-file://vscode-app/usr/share/windsurf/resources/app/out/vs/workbench/workbench.desktop.main.js:18823:10548)
    at $ibd.getSummary (vscode-file://vscode-app/usr/share/windsurf/resources/app/out/vs/workbench/workbench.desktop.main.js:18851:8596)
    at async vscode-file://vscode-app/usr/share/windsurf/resources/app/out/vs/workbench/workbench.desktop.main.js:18851:1258
    at async $obd.C (vscode-file://vscode-app/usr/share/windsurf/resources/app/out/vs/workbench/workbench.desktop.main.js:18851:17587)
    at async vscode-file://vscode-app/usr/share/windsurf/resources/app/out/vs/workbench/workbench.desktop.main.js:30:84394
    at async vscode-file://vscode-app/usr/share/windsurf/resources/app/out/vs/workbench/workbench.desktop.main.js:30:84844
2026-02-18 14:37:29.295 [error] Language server client not available: Error: Language server client not available
    at $0ad.streamDeepWiki (vscode-file://vscode-app/usr/share/windsurf/resources/app/out/vs/workbench/workbench.desktop.main.js:18834:256)
    at new $0ad (vscode-file://vscode-app/usr/share/windsurf/resources/app/out/vs/workbench/workbench.desktop.main.js:18823:10882)
    at $9ad.getStreamableStringDeepWiki (vscode-file://vscode-app/usr/share/windsurf/resources/app/out/vs/workbench/workbench.desktop.main.js:18823:10548)
    at $ibd.getSummary (vscode-file://vscode-app/usr/share/windsurf/resources/app/out/vs/workbench/workbench.desktop.main.js:18851:8596)
    at async vscode-file://vscode-app/usr/share/windsurf/resources/app/out/vs/workbench/workbench.desktop.main.js:18851:1258
    at async $obd.C (vscode-file://vscode-app/usr/share/windsurf/resources/app/out/vs/workbench/workbench.desktop.main.js:18851:17587)
    at async vscode-file://vscode-app/usr/share/windsurf/resources/app/out/vs/workbench/workbench.desktop.main.js:30:84394
    at async vscode-file://vscode-app/usr/share/windsurf/resources/app/out/vs/workbench/workbench.desktop.main.js:30:84844
2026-02-18 14:37:30.255 [error] command 'windsurf.fireProductAnalyticsEvent' not found: Error: command 'windsurf.fireProductAnalyticsEvent' not found
    at $UBc.n (vscode-file://vscode-app/usr/share/windsurf/resources/app/out/vs/workbench/workbench.desktop.main.js:1573:6089)
    at $UBc.executeCommand (vscode-file://vscode-app/usr/share/windsurf/resources/app/out/vs/workbench/workbench.desktop.main.js:1573:6020)
2026-02-18 14:37:32.924 [error] Language server client not available: Error: Language server client not available
    at $0ad.streamDeepWiki (vscode-file://vscode-app/usr/share/windsurf/resources/app/out/vs/workbench/workbench.desktop.main.js:18834:256)
    at new $0ad (vscode-file://vscode-app/usr/share/windsurf/resources/app/out/vs/workbench/workbench.desktop.main.js:18823:10882)
    at $9ad.getStreamableStringDeepWiki (vscode-file://vscode-app/usr/share/windsurf/resources/app/out/vs/workbench/workbench.desktop.main.js:18823:10548)
    at $ibd.getSummary (vscode-file://vscode-app/usr/share/windsurf/resources/app/out/vs/workbench/workbench.desktop.main.js:18851:8596)
    at async vscode-file://vscode-app/usr/share/windsurf/resources/app/out/vs/workbench/workbench.desktop.main.js:18851:1258
    at async $obd.C (vscode-file://vscode-app/usr/share/windsurf/resources/app/out/vs/workbench/workbench.desktop.main.js:18851:17587)
    at async vscode-file://vscode-app/usr/share/windsurf/resources/app/out/vs/workbench/workbench.desktop.main.js:30:84394
    at async vscode-file://vscode-app/usr/share/windsurf/resources/app/out/vs/workbench/workbench.desktop.main.js:30:84844
2026-02-18 14:37:40.663 [error] Language server client not available: Error: Language server client not available
    at $0ad.streamDeepWiki (vscode-file://vscode-app/usr/share/windsurf/resources/app/out/vs/workbench/workbench.desktop.main.js:18834:256)
    at new $0ad (vscode-file://vscode-app/usr/share/windsurf/resources/app/out/vs/workbench/workbench.desktop.main.js:18823:10882)
    at $9ad.getStreamableStringDeepWiki (vscode-file://vscode-app/usr/share/windsurf/resources/app/out/vs/workbench/workbench.desktop.main.js:18823:10548)
    at $ibd.getSummary (vscode-file://vscode-app/usr/share/windsurf/resources/app/out/vs/workbench/workbench.desktop.main.js:18851:8596)
    at async vscode-file://vscode-app/usr/share/windsurf/resources/app/out/vs/workbench/workbench.desktop.main.js:18851:1258
    at async $obd.C (vscode-file://vscode-app/usr/share/windsurf/resources/app/out/vs/workbench/workbench.desktop.main.js:18851:17587)
    at async vscode-file://vscode-app/usr/share/windsurf/resources/app/out/vs/workbench/workbench.desktop.main.js:30:84394
    at async vscode-file://vscode-app/usr/share/windsurf/resources/app/out/vs/workbench/workbench.desktop.main.js:30:84844
2026-02-18 14:37:45.771 [error] Language server client not available: Error: Language server client not available
    at $0ad.streamDeepWiki (vscode-file://vscode-app/usr/share/windsurf/resources/app/out/vs/workbench/workbench.desktop.main.js:18834:256)
    at new $0ad (vscode-file://vscode-app/usr/share/windsurf/resources/app/out/vs/workbench/workbench.desktop.main.js:18823:10882)
    at $9ad.getStreamableStringDeepWiki (vscode-file://vscode-app/usr/share/windsurf/resources/app/out/vs/workbench/workbench.desktop.main.js:18823:10548)
    at $ibd.getSummary (vscode-file://vscode-app/usr/share/windsurf/resources/app/out/vs/workbench/workbench.desktop.main.js:18851:8596)
    at async vscode-file://vscode-app/usr/share/windsurf/resources/app/out/vs/workbench/workbench.desktop.main.js:18851:1258
    at async $obd.C (vscode-file://vscode-app/usr/share/windsurf/resources/app/out/vs/workbench/workbench.desktop.main.js:18851:17587)
    at async vscode-file://vscode-app/usr/share/windsurf/resources/app/out/vs/workbench/workbench.desktop.main.js:30:84394
    at async vscode-file://vscode-app/usr/share/windsurf/resources/app/out/vs/workbench/workbench.desktop.main.js:30:84844
2026-02-18 14:37:48.791 [error] An unknown error occurred. Please consult the log for more details.
2026-02-18 14:37:49.764 [error] Language server client not available: Error: Language server client not available
    at $0ad.streamDeepWiki (vscode-file://vscode-app/usr/share/windsurf/resources/app/out/vs/workbench/workbench.desktop.main.js:18834:256)
    at new $0ad (vscode-file://vscode-app/usr/share/windsurf/resources/app/out/vs/workbench/workbench.desktop.main.js:18823:10882)
    at $9ad.getStreamableStringDeepWiki (vscode-file://vscode-app/usr/share/windsurf/resources/app/out/vs/workbench/workbench.desktop.main.js:18823:10548)
    at $ibd.getSummary (vscode-file://vscode-app/usr/share/windsurf/resources/app/out/vs/workbench/workbench.desktop.main.js:18851:8596)
    at async vscode-file://vscode-app/usr/share/windsurf/resources/app/out/vs/workbench/workbench.desktop.main.js:18851:1258
    at async $obd.C (vscode-file://vscode-app/usr/share/windsurf/resources/app/out/vs/workbench/workbench.desktop.main.js:18851:17587)
    at async vscode-file://vscode-app/usr/share/windsurf/resources/app/out/vs/workbench/workbench.desktop.main.js:30:84394
    at async vscode-file://vscode-app/usr/share/windsurf/resources/app/out/vs/workbench/workbench.desktop.main.js:30:84844
2026-02-18 14:37:50.005 [error] An unknown error occurred. Please consult the log for more details.
2026-02-18 14:44:34.351 [error] [Extension Host] (node:64806) [DEP0040] DeprecationWarning: The `punycode` module is deprecated. Please use a userland alternative instead.
(Use `exe --trace-deprecation ...` to show where the warning was created)
2026-02-18 15:00:25.224 [error] [Extension Host] ConnectError: [aborted] read ECONNRESET
	at o.from (/usr/share/windsurf/resources/app/extensions/windsurf/dist/extension.js:2:3961026)
	at N (/usr/share/windsurf/resources/app/extensions/windsurf/dist/extension.js:2:2965846)
	at Promise.reject (/usr/share/windsurf/resources/app/extensions/windsurf/dist/extension.js:2:2977533)
	at ClientHttp2Stream.<anonymous> (/usr/share/windsurf/resources/app/extensions/windsurf/dist/extension.js:2:2976065)
	at ClientHttp2Stream.emit (node:events:519:28)
	at emitErrorNT (node:internal/streams/destroy:170:8)
	at emitErrorCloseNT (node:internal/streams/destroy:129:3)
	at process.processTicksAndRejections (node:internal/process/task_queues:90:21)
2026-02-18 15:00:25.225 [error] [Extension Host] ConnectError: [aborted] read ECONNRESET
	at o.from (/usr/share/windsurf/resources/app/extensions/windsurf/dist/extension.js:2:3961026)
	at N (/usr/share/windsurf/resources/app/extensions/windsurf/dist/extension.js:2:2965846)
	at Promise.reject (/usr/share/windsurf/resources/app/extensions/windsurf/dist/extension.js:2:2977533)
	at ClientHttp2Stream.<anonymous> (/usr/share/windsurf/resources/app/extensions/windsurf/dist/extension.js:2:2976065)
	at ClientHttp2Stream.emit (node:events:519:28)
	at emitErrorNT (node:internal/streams/destroy:170:8)
	at emitErrorCloseNT (node:internal/streams/destroy:129:3)
	at process.processTicksAndRejections (node:internal/process/task_queues:90:21)
2026-02-18 15:00:25.225 [error] [Extension Host] ConnectError: [aborted] read ECONNRESET
	at o.from (/usr/share/windsurf/resources/app/extensions/windsurf/dist/extension.js:2:3961026)
	at N (/usr/share/windsurf/resources/app/extensions/windsurf/dist/extension.js:2:2965846)
	at Promise.reject (/usr/share/windsurf/resources/app/extensions/windsurf/dist/extension.js:2:2977533)
	at ClientHttp2Stream.<anonymous> (/usr/share/windsurf/resources/app/extensions/windsurf/dist/extension.js:2:2976065)
	at ClientHttp2Stream.emit (node:events:519:28)
	at emitErrorNT (node:internal/streams/destroy:170:8)
	at emitErrorCloseNT (node:internal/streams/destroy:129:3)
	at process.processTicksAndRejections (node:internal/process/task_queues:90:21)
2026-02-18 15:00:25.225 [error] [Extension Host] ConnectError: [aborted] read ECONNRESET
	at o.from (/usr/share/windsurf/resources/app/extensions/windsurf/dist/extension.js:2:3961026)
	at N (/usr/share/windsurf/resources/app/extensions/windsurf/dist/extension.js:2:2965846)
	at Promise.reject (/usr/share/windsurf/resources/app/extensions/windsurf/dist/extension.js:2:2977533)
	at ClientHttp2Stream.<anonymous> (/usr/share/windsurf/resources/app/extensions/windsurf/dist/extension.js:2:2976065)
	at ClientHttp2Stream.emit (node:events:519:28)
	at emitErrorNT (node:internal/streams/destroy:170:8)
	at emitErrorCloseNT (node:internal/streams/destroy:129:3)
	at process.processTicksAndRejections (node:internal/process/task_queues:90:21)
2026-02-18 15:00:25.226 [error] [Extension Host] ConnectError: [aborted] read ECONNRESET
	at o.from (/usr/share/windsurf/resources/app/extensions/windsurf/dist/extension.js:2:3961026)
	at N (/usr/share/windsurf/resources/app/extensions/windsurf/dist/extension.js:2:2965846)
	at Promise.reject (/usr/share/windsurf/resources/app/extensions/windsurf/dist/extension.js:2:2977533)
	at ClientHttp2Stream.<anonymous> (/usr/share/windsurf/resources/app/extensions/windsurf/dist/extension.js:2:2976065)
	at ClientHttp2Stream.emit (node:events:519:28)
	at emitErrorNT (node:internal/streams/destroy:170:8)
	at emitErrorCloseNT (node:internal/streams/destroy:129:3)
	at process.processTicksAndRejections (node:internal/process/task_queues:90:21)
2026-02-18 15:00:25.226 [error] [Extension Host] ConnectError: [aborted] read ECONNRESET
	at o.from (/usr/share/windsurf/resources/app/extensions/windsurf/dist/extension.js:2:3961026)
	at N (/usr/share/windsurf/resources/app/extensions/windsurf/dist/extension.js:2:2965846)
	at Promise.reject (/usr/share/windsurf/resources/app/extensions/windsurf/dist/extension.js:2:2977533)
	at ClientHttp2Stream.<anonymous> (/usr/share/windsurf/resources/app/extensions/windsurf/dist/extension.js:2:2976065)
	at ClientHttp2Stream.emit (node:events:519:28)
	at emitErrorNT (node:internal/streams/destroy:170:8)
	at emitErrorCloseNT (node:internal/streams/destroy:129:3)
	at process.processTicksAndRejections (node:internal/process/task_queues:90:21)
2026-02-18 15:00:25.227 [error] [Extension Host] ConnectError: [aborted] read ECONNRESET
	at o.from (/usr/share/windsurf/resources/app/extensions/windsurf/dist/extension.js:2:3961026)
	at N (/usr/share/windsurf/resources/app/extensions/windsurf/dist/extension.js:2:2965846)
	at Promise.reject (/usr/share/windsurf/resources/app/extensions/windsurf/dist/extension.js:2:2977533)
	at ClientHttp2Stream.<anonymous> (/usr/share/windsurf/resources/app/extensions/windsurf/dist/extension.js:2:2976065)
	at ClientHttp2Stream.emit (node:events:519:28)
	at emitErrorNT (node:internal/streams/destroy:170:8)
	at emitErrorCloseNT (node:internal/streams/destroy:129:3)
	at process.processTicksAndRejections (node:internal/process/task_queues:90:21)
2026-02-18 15:00:25.227 [error] [Extension Host] ConnectError: [aborted] read ECONNRESET
	at o.from (/usr/share/windsurf/resources/app/extensions/windsurf/dist/extension.js:2:3961026)
	at N (/usr/share/windsurf/resources/app/extensions/windsurf/dist/extension.js:2:2965846)
	at Promise.reject (/usr/share/windsurf/resources/app/extensions/windsurf/dist/extension.js:2:2977533)
	at ClientHttp2Stream.<anonymous> (/usr/share/windsurf/resources/app/extensions/windsurf/dist/extension.js:2:2976065)
	at ClientHttp2Stream.emit (node:events:519:28)
	at emitErrorNT (node:internal/streams/destroy:170:8)
	at emitErrorCloseNT (node:internal/streams/destroy:129:3)
	at process.processTicksAndRejections (node:internal/process/task_queues:90:21)
2026-02-18 15:00:25.227 [error] [Extension Host] ConnectError: [aborted] read ECONNRESET
	at o.from (/usr/share/windsurf/resources/app/extensions/windsurf/dist/extension.js:2:3961026)
	at N (/usr/share/windsurf/resources/app/extensions/windsurf/dist/extension.js:2:2965846)
	at Promise.reject (/usr/share/windsurf/resources/app/extensions/windsurf/dist/extension.js:2:2977533)
	at ClientHttp2Stream.<anonymous> (/usr/share/windsurf/resources/app/extensions/windsurf/dist/extension.js:2:2976065)
	at ClientHttp2Stream.emit (node:events:519:28)
	at emitErrorNT (node:internal/streams/destroy:170:8)
	at emitErrorCloseNT (node:internal/streams/destroy:129:3)
	at process.processTicksAndRejections (node:internal/process/task_queues:90:21)
2026-02-18 15:00:25.228 [error] [Extension Host] ConnectError: [aborted] read ECONNRESET
	at o.from (/usr/share/windsurf/resources/app/extensions/windsurf/dist/extension.js:2:3961026)
	at N (/usr/share/windsurf/resources/app/extensions/windsurf/dist/extension.js:2:2965846)
	at Promise.reject (/usr/share/windsurf/resources/app/extensions/windsurf/dist/extension.js:2:2977533)
	at ClientHttp2Stream.<anonymous> (/usr/share/windsurf/resources/app/extensions/windsurf/dist/extension.js:2:2976065)
	at ClientHttp2Stream.emit (node:events:519:28)
	at emitErrorNT (node:internal/streams/destroy:170:8)
	at emitErrorCloseNT (node:internal/streams/destroy:129:3)
	at process.processTicksAndRejections (node:internal/process/task_queues:90:21)
2026-02-18 15:00:25.228 [error] [Extension Host] ConnectError: [aborted] read ECONNRESET
	at o.from (/usr/share/windsurf/resources/app/extensions/windsurf/dist/extension.js:2:3961026)
	at N (/usr/share/windsurf/resources/app/extensions/windsurf/dist/extension.js:2:2965846)
	at Promise.reject (/usr/share/windsurf/resources/app/extensions/windsurf/dist/extension.js:2:2977533)
	at ClientHttp2Stream.<anonymous> (/usr/share/windsurf/resources/app/extensions/windsurf/dist/extension.js:2:2976065)
	at ClientHttp2Stream.emit (node:events:519:28)
	at emitErrorNT (node:internal/streams/destroy:170:8)
	at emitErrorCloseNT (node:internal/streams/destroy:129:3)
	at process.processTicksAndRejections (node:internal/process/task_queues:90:21)
2026-02-18 15:00:25.229 [error] [Extension Host] ConnectError: [aborted] read ECONNRESET
	at o.from (/usr/share/windsurf/resources/app/extensions/windsurf/dist/extension.js:2:3961026)
	at N (/usr/share/windsurf/resources/app/extensions/windsurf/dist/extension.js:2:2965846)
	at Promise.reject (/usr/share/windsurf/resources/app/extensions/windsurf/dist/extension.js:2:2977533)
	at ClientHttp2Stream.<anonymous> (/usr/share/windsurf/resources/app/extensions/windsurf/dist/extension.js:2:2976065)
	at ClientHttp2Stream.emit (node:events:519:28)
	at emitErrorNT (node:internal/streams/destroy:170:8)
	at emitErrorCloseNT (node:internal/streams/destroy:129:3)
	at process.processTicksAndRejections (node:internal/process/task_queues:90:21)
2026-02-18 15:00:25.229 [error] [Extension Host] ConnectError: [aborted] read ECONNRESET
	at o.from (/usr/share/windsurf/resources/app/extensions/windsurf/dist/extension.js:2:3961026)
	at N (/usr/share/windsurf/resources/app/extensions/windsurf/dist/extension.js:2:2965846)
	at Promise.reject (/usr/share/windsurf/resources/app/extensions/windsurf/dist/extension.js:2:2977533)
	at ClientHttp2Stream.<anonymous> (/usr/share/windsurf/resources/app/extensions/windsurf/dist/extension.js:2:2976065)
	at ClientHttp2Stream.emit (node:events:519:28)
	at emitErrorNT (node:internal/streams/destroy:170:8)
	at emitErrorCloseNT (node:internal/streams/destroy:129:3)
	at process.processTicksAndRejections (node:internal/process/task_queues:90:21)
2026-02-18 15:00:25.230 [error] [Extension Host] ConnectError: [aborted] read ECONNRESET
	at o.from (/usr/share/windsurf/resources/app/extensions/windsurf/dist/extension.js:2:3961026)
	at N (/usr/share/windsurf/resources/app/extensions/windsurf/dist/extension.js:2:2965846)
	at Promise.reject (/usr/share/windsurf/resources/app/extensions/windsurf/dist/extension.js:2:2977533)
	at ClientHttp2Stream.<anonymous> (/usr/share/windsurf/resources/app/extensions/windsurf/dist/extension.js:2:2976065)
	at ClientHttp2Stream.emit (node:events:519:28)
	at emitErrorNT (node:internal/streams/destroy:170:8)
	at emitErrorCloseNT (node:internal/streams/destroy:129:3)
	at process.processTicksAndRejections (node:internal/process/task_queues:90:21)
2026-02-18 15:00:25.230 [error] [Extension Host] ConnectError: [aborted] read ECONNRESET
	at o.from (/usr/share/windsurf/resources/app/extensions/windsurf/dist/extension.js:2:3961026)
	at N (/usr/share/windsurf/resources/app/extensions/windsurf/dist/extension.js:2:2965846)
	at Promise.reject (/usr/share/windsurf/resources/app/extensions/windsurf/dist/extension.js:2:2977533)
	at ClientHttp2Stream.<anonymous> (/usr/share/windsurf/resources/app/extensions/windsurf/dist/extension.js:2:2976065)
	at ClientHttp2Stream.emit (node:events:519:28)
	at emitErrorNT (node:internal/streams/destroy:170:8)
	at emitErrorCloseNT (node:internal/streams/destroy:129:3)
	at process.processTicksAndRejections (node:internal/process/task_queues:90:21)
2026-02-18 15:00:25.230 [error] [Extension Host] ConnectError: [aborted] read ECONNRESET
	at o.from (/usr/share/windsurf/resources/app/extensions/windsurf/dist/extension.js:2:3961026)
	at N (/usr/share/windsurf/resources/app/extensions/windsurf/dist/extension.js:2:2965846)
	at Promise.reject (/usr/share/windsurf/resources/app/extensions/windsurf/dist/extension.js:2:2977533)
	at ClientHttp2Stream.<anonymous> (/usr/share/windsurf/resources/app/extensions/windsurf/dist/extension.js:2:2976065)
	at ClientHttp2Stream.emit (node:events:519:28)
	at emitErrorNT (node:internal/streams/destroy:170:8)
	at emitErrorCloseNT (node:internal/streams/destroy:129:3)
	at process.processTicksAndRejections (node:internal/process/task_queues:90:21)
2026-02-18 15:00:25.231 [error] [Extension Host] ConnectError: [aborted] read ECONNRESET
	at o.from (/usr/share/windsurf/resources/app/extensions/windsurf/dist/extension.js:2:3961026)
	at N (/usr/share/windsurf/resources/app/extensions/windsurf/dist/extension.js:2:2965846)
	at Promise.reject (/usr/share/windsurf/resources/app/extensions/windsurf/dist/extension.js:2:2977533)
	at ClientHttp2Stream.<anonymous> (/usr/share/windsurf/resources/app/extensions/windsurf/dist/extension.js:2:2976065)
	at ClientHttp2Stream.emit (node:events:519:28)
	at emitErrorNT (node:internal/streams/destroy:170:8)
	at emitErrorCloseNT (node:internal/streams/destroy:129:3)
	at process.processTicksAndRejections (node:internal/process/task_queues:90:21)
2026-02-18 15:00:25.231 [error] [Extension Host] ConnectError: [aborted] read ECONNRESET
	at o.from (/usr/share/windsurf/resources/app/extensions/windsurf/dist/extension.js:2:3961026)
	at N (/usr/share/windsurf/resources/app/extensions/windsurf/dist/extension.js:2:2965846)
	at Promise.reject (/usr/share/windsurf/resources/app/extensions/windsurf/dist/extension.js:2:2977533)
	at ClientHttp2Stream.<anonymous> (/usr/share/windsurf/resources/app/extensions/windsurf/dist/extension.js:2:2976065)
	at ClientHttp2Stream.emit (node:events:519:28)
	at emitErrorNT (node:internal/streams/destroy:170:8)
	at emitErrorCloseNT (node:internal/streams/destroy:129:3)
	at process.processTicksAndRejections (node:internal/process/task_queues:90:21)
2026-02-18 15:00:25.231 [error] [Extension Host] ConnectError: [aborted] read ECONNRESET
	at o.from (/usr/share/windsurf/resources/app/extensions/windsurf/dist/extension.js:2:3961026)
	at N (/usr/share/windsurf/resources/app/extensions/windsurf/dist/extension.js:2:2965846)
	at Promise.reject (/usr/share/windsurf/resources/app/extensions/windsurf/dist/extension.js:2:2977533)
	at ClientHttp2Stream.<anonymous> (/usr/share/windsurf/resources/app/extensions/windsurf/dist/extension.js:2:2976065)
	at ClientHttp2Stream.emit (node:events:519:28)
	at emitErrorNT (node:internal/streams/destroy:170:8)
	at emitErrorCloseNT (node:internal/streams/destroy:129:3)
	at process.processTicksAndRejections (node:internal/process/task_queues:90:21)
2026-02-18 15:00:25.232 [error] [Extension Host] ConnectError: [aborted] read ECONNRESET
	at o.from (/usr/share/windsurf/resources/app/extensions/windsurf/dist/extension.js:2:3961026)
	at N (/usr/share/windsurf/resources/app/extensions/windsurf/dist/extension.js:2:2965846)
	at Promise.reject (/usr/share/windsurf/resources/app/extensions/windsurf/dist/extension.js:2:2977533)
	at ClientHttp2Stream.<anonymous> (/usr/share/windsurf/resources/app/extensions/windsurf/dist/extension.js:2:2976065)
	at ClientHttp2Stream.emit (node:events:519:28)
	at emitErrorNT (node:internal/streams/destroy:170:8)
	at emitErrorCloseNT (node:internal/streams/destroy:129:3)
	at process.processTicksAndRejections (node:internal/process/task_queues:90:21)
2026-02-18 15:00:25.232 [error] [Extension Host] ConnectError: [aborted] read ECONNRESET
	at o.from (/usr/share/windsurf/resources/app/extensions/windsurf/dist/extension.js:2:3961026)
	at N (/usr/share/windsurf/resources/app/extensions/windsurf/dist/extension.js:2:2965846)
	at Promise.reject (/usr/share/windsurf/resources/app/extensions/windsurf/dist/extension.js:2:2977533)
	at ClientHttp2Stream.<anonymous> (/usr/share/windsurf/resources/app/extensions/windsurf/dist/extension.js:2:2976065)
	at ClientHttp2Stream.emit (node:events:519:28)
	at emitErrorNT (node:internal/streams/destroy:170:8)
	at emitErrorCloseNT (node:internal/streams/destroy:129:3)
	at process.processTicksAndRejections (node:internal/process/task_queues:90:21)
2026-02-18 15:00:25.232 [error] [Extension Host] ConnectError: [aborted] read ECONNRESET
	at o.from (/usr/share/windsurf/resources/app/extensions/windsurf/dist/extension.js:2:3961026)
	at N (/usr/share/windsurf/resources/app/extensions/windsurf/dist/extension.js:2:2965846)
	at Promise.reject (/usr/share/windsurf/resources/app/extensions/windsurf/dist/extension.js:2:2977533)
	at ClientHttp2Stream.<anonymous> (/usr/share/windsurf/resources/app/extensions/windsurf/dist/extension.js:2:2976065)
	at ClientHttp2Stream.emit (node:events:519:28)
	at emitErrorNT (node:internal/streams/destroy:170:8)
	at emitErrorCloseNT (node:internal/streams/destroy:129:3)
	at process.processTicksAndRejections (node:internal/process/task_queues:90:21)
2026-02-18 15:00:25.233 [error] [Extension Host] ConnectError: [aborted] read ECONNRESET
	at o.from (/usr/share/windsurf/resources/app/extensions/windsurf/dist/extension.js:2:3961026)
	at N (/usr/share/windsurf/resources/app/extensions/windsurf/dist/extension.js:2:2965846)
	at Promise.reject (/usr/share/windsurf/resources/app/extensions/windsurf/dist/extension.js:2:2977533)
	at ClientHttp2Stream.<anonymous> (/usr/share/windsurf/resources/app/extensions/windsurf/dist/extension.js:2:2976065)
	at ClientHttp2Stream.emit (node:events:519:28)
	at emitErrorNT (node:internal/streams/destroy:170:8)
	at emitErrorCloseNT (node:internal/streams/destroy:129:3)
	at process.processTicksAndRejections (node:internal/process/task_queues:90:21)
2026-02-18 15:00:25.233 [error] [Extension Host] ConnectError: [aborted] read ECONNRESET
	at o.from (/usr/share/windsurf/resources/app/extensions/windsurf/dist/extension.js:2:3961026)
	at N (/usr/share/windsurf/resources/app/extensions/windsurf/dist/extension.js:2:2965846)
	at Promise.reject (/usr/share/windsurf/resources/app/extensions/windsurf/dist/extension.js:2:2977533)
	at ClientHttp2Stream.<anonymous> (/usr/share/windsurf/resources/app/extensions/windsurf/dist/extension.js:2:2976065)
	at ClientHttp2Stream.emit (node:events:519:28)
	at emitErrorNT (node:internal/streams/destroy:170:8)
	at emitErrorCloseNT (node:internal/streams/destroy:129:3)
	at process.processTicksAndRejections (node:internal/process/task_queues:90:21)
2026-02-18 15:00:25.233 [error] [Extension Host] ConnectError: [aborted] read ECONNRESET
	at o.from (/usr/share/windsurf/resources/app/extensions/windsurf/dist/extension.js:2:3961026)
	at N (/usr/share/windsurf/resources/app/extensions/windsurf/dist/extension.js:2:2965846)
	at Promise.reject (/usr/share/windsurf/resources/app/extensions/windsurf/dist/extension.js:2:2977533)
	at ClientHttp2Stream.<anonymous> (/usr/share/windsurf/resources/app/extensions/windsurf/dist/extension.js:2:2976065)
	at ClientHttp2Stream.emit (node:events:519:28)
	at emitErrorNT (node:internal/streams/destroy:170:8)
	at emitErrorCloseNT (node:internal/streams/destroy:129:3)
	at process.processTicksAndRejections (node:internal/process/task_queues:90:21)
2026-02-18 15:00:25.234 [error] [Extension Host] ConnectError: [aborted] read ECONNRESET
	at o.from (/usr/share/windsurf/resources/app/extensions/windsurf/dist/extension.js:2:3961026)
	at N (/usr/share/windsurf/resources/app/extensions/windsurf/dist/extension.js:2:2965846)
	at Promise.reject (/usr/share/windsurf/resources/app/extensions/windsurf/dist/extension.js:2:2977533)
	at ClientHttp2Stream.<anonymous> (/usr/share/windsurf/resources/app/extensions/windsurf/dist/extension.js:2:2976065)
	at ClientHttp2Stream.emit (node:events:519:28)
	at emitErrorNT (node:internal/streams/destroy:170:8)
	at emitErrorCloseNT (node:internal/streams/destroy:129:3)
	at process.processTicksAndRejections (node:internal/process/task_queues:90:21)
2026-02-18 15:00:25.234 [error] [Extension Host] ConnectError: [aborted] read ECONNRESET
	at o.from (/usr/share/windsurf/resources/app/extensions/windsurf/dist/extension.js:2:3961026)
	at N (/usr/share/windsurf/resources/app/extensions/windsurf/dist/extension.js:2:2965846)
	at Promise.reject (/usr/share/windsurf/resources/app/extensions/windsurf/dist/extension.js:2:2977533)
	at ClientHttp2Stream.<anonymous> (/usr/share/windsurf/resources/app/extensions/windsurf/dist/extension.js:2:2976065)
	at ClientHttp2Stream.emit (node:events:519:28)
	at emitErrorNT (node:internal/streams/destroy:170:8)
	at emitErrorCloseNT (node:internal/streams/destroy:129:3)
	at process.processTicksAndRejections (node:internal/process/task_queues:90:21)
2026-02-18 15:00:25.234 [error] [Extension Host] ConnectError: [aborted] read ECONNRESET
	at o.from (/usr/share/windsurf/resources/app/extensions/windsurf/dist/extension.js:2:3961026)
	at N (/usr/share/windsurf/resources/app/extensions/windsurf/dist/extension.js:2:2965846)
	at Promise.reject (/usr/share/windsurf/resources/app/extensions/windsurf/dist/extension.js:2:2977533)
	at ClientHttp2Stream.<anonymous> (/usr/share/windsurf/resources/app/extensions/windsurf/dist/extension.js:2:2976065)
	at ClientHttp2Stream.emit (node:events:519:28)
	at emitErrorNT (node:internal/streams/destroy:170:8)
	at emitErrorCloseNT (node:internal/streams/destroy:129:3)
	at process.processTicksAndRejections (node:internal/process/task_queues:90:21)
2026-02-18 15:00:25.234 [error] [Extension Host] ConnectError: [aborted] read ECONNRESET
	at o.from (/usr/share/windsurf/resources/app/extensions/windsurf/dist/extension.js:2:3961026)
	at N (/usr/share/windsurf/resources/app/extensions/windsurf/dist/extension.js:2:2965846)
	at Promise.reject (/usr/share/windsurf/resources/app/extensions/windsurf/dist/extension.js:2:2977533)
	at ClientHttp2Stream.<anonymous> (/usr/share/windsurf/resources/app/extensions/windsurf/dist/extension.js:2:2976065)
	at ClientHttp2Stream.emit (node:events:519:28)
	at emitErrorNT (node:internal/streams/destroy:170:8)
	at emitErrorCloseNT (node:internal/streams/destroy:129:3)
	at process.processTicksAndRejections (node:internal/process/task_queues:90:21)
2026-02-18 15:00:25.235 [error] [Extension Host] ConnectError: [aborted] read ECONNRESET
	at o.from (/usr/share/windsurf/resources/app/extensions/windsurf/dist/extension.js:2:3961026)
	at N (/usr/share/windsurf/resources/app/extensions/windsurf/dist/extension.js:2:2965846)
	at Promise.reject (/usr/share/windsurf/resources/app/extensions/windsurf/dist/extension.js:2:2977533)
	at ClientHttp2Stream.<anonymous> (/usr/share/windsurf/resources/app/extensions/windsurf/dist/extension.js:2:2976065)
	at ClientHttp2Stream.emit (node:events:519:28)
	at emitErrorNT (node:internal/streams/destroy:170:8)
	at emitErrorCloseNT (node:internal/streams/destroy:129:3)
	at process.processTicksAndRejections (node:internal/process/task_queues:90:21)
2026-02-18 15:00:25.235 [error] [Extension Host] ConnectError: [aborted] read ECONNRESET
	at o.from (/usr/share/windsurf/resources/app/extensions/windsurf/dist/extension.js:2:3961026)
	at N (/usr/share/windsurf/resources/app/extensions/windsurf/dist/extension.js:2:2965846)
	at Promise.reject (/usr/share/windsurf/resources/app/extensions/windsurf/dist/extension.js:2:2977533)
	at ClientHttp2Stream.<anonymous> (/usr/share/windsurf/resources/app/extensions/windsurf/dist/extension.js:2:2976065)
	at ClientHttp2Stream.emit (node:events:519:28)
	at emitErrorNT (node:internal/streams/destroy:170:8)
	at emitErrorCloseNT (node:internal/streams/destroy:129:3)
	at process.processTicksAndRejections (node:internal/process/task_queues:90:21)
2026-02-18 15:00:25.235 [error] [Extension Host] ConnectError: [aborted] read ECONNRESET
	at o.from (/usr/share/windsurf/resources/app/extensions/windsurf/dist/extension.js:2:3961026)
	at N (/usr/share/windsurf/resources/app/extensions/windsurf/dist/extension.js:2:2965846)
	at Promise.reject (/usr/share/windsurf/resources/app/extensions/windsurf/dist/extension.js:2:2977533)
	at ClientHttp2Stream.<anonymous> (/usr/share/windsurf/resources/app/extensions/windsurf/dist/extension.js:2:2976065)
	at ClientHttp2Stream.emit (node:events:519:28)
	at emitErrorNT (node:internal/streams/destroy:170:8)
	at emitErrorCloseNT (node:internal/streams/destroy:129:3)
	at process.processTicksAndRejections (node:internal/process/task_queues:90:21)
2026-02-18 15:00:25.235 [error] [Extension Host] ConnectError: [aborted] read ECONNRESET
	at o.from (/usr/share/windsurf/resources/app/extensions/windsurf/dist/extension.js:2:3961026)
	at N (/usr/share/windsurf/resources/app/extensions/windsurf/dist/extension.js:2:2965846)
	at Promise.reject (/usr/share/windsurf/resources/app/extensions/windsurf/dist/extension.js:2:2977533)
	at ClientHttp2Stream.<anonymous> (/usr/share/windsurf/resources/app/extensions/windsurf/dist/extension.js:2:2976065)
	at ClientHttp2Stream.emit (node:events:519:28)
	at emitErrorNT (node:internal/streams/destroy:170:8)
	at emitErrorCloseNT (node:internal/streams/destroy:129:3)
	at process.processTicksAndRejections (node:internal/process/task_queues:90:21)
2026-02-18 15:00:25.235 [error] [Extension Host] ConnectError: [aborted] read ECONNRESET
	at o.from (/usr/share/windsurf/resources/app/extensions/windsurf/dist/extension.js:2:3961026)
	at N (/usr/share/windsurf/resources/app/extensions/windsurf/dist/extension.js:2:2965846)
	at Promise.reject (/usr/share/windsurf/resources/app/extensions/windsurf/dist/extension.js:2:2977533)
	at ClientHttp2Stream.<anonymous> (/usr/share/windsurf/resources/app/extensions/windsurf/dist/extension.js:2:2976065)
	at ClientHttp2Stream.emit (node:events:519:28)
	at emitErrorNT (node:internal/streams/destroy:170:8)
	at emitErrorCloseNT (node:internal/streams/destroy:129:3)
	at process.processTicksAndRejections (node:internal/process/task_queues:90:21)
2026-02-18 15:00:25.236 [error] [Extension Host] ConnectError: [aborted] read ECONNRESET
	at o.from (/usr/share/windsurf/resources/app/extensions/windsurf/dist/extension.js:2:3961026)
	at N (/usr/share/windsurf/resources/app/extensions/windsurf/dist/extension.js:2:2965846)
	at Promise.reject (/usr/share/windsurf/resources/app/extensions/windsurf/dist/extension.js:2:2977533)
	at ClientHttp2Stream.<anonymous> (/usr/share/windsurf/resources/app/extensions/windsurf/dist/extension.js:2:2976065)
	at ClientHttp2Stream.emit (node:events:519:28)
	at emitErrorNT (node:internal/streams/destroy:170:8)
	at emitErrorCloseNT (node:internal/streams/destroy:129:3)
	at process.processTicksAndRejections (node:internal/process/task_queues:90:21)
