2026-02-17 00:37:18.594 [error] [createInstance] $$rc depends on UNKNOWN service agentSessions.: Error: [createInstance] $$rc depends on UNKNOWN service agentSessions.
    at V$e.y (vscode-file://vscode-app/usr/share/windsurf/resources/app/out/vs/workbench/workbench.desktop.main.js:16182:4137)
    at V$e.o (vscode-file://vscode-app/usr/share/windsurf/resources/app/out/vs/workbench/workbench.desktop.main.js:16182:1254)
    at V$e.createInstance (vscode-file://vscode-app/usr/share/windsurf/resources/app/out/vs/workbench/workbench.desktop.main.js:16182:1098)
    at new $uJc (vscode-file://vscode-app/usr/share/windsurf/resources/app/out/vs/workbench/workbench.desktop.main.js:16852:8566)
    at new $vJc (vscode-file://vscode-app/usr/share/windsurf/resources/app/out/vs/workbench/workbench.desktop.main.js:16852:16681)
    at V$e.o (vscode-file://vscode-app/usr/share/windsurf/resources/app/out/vs/workbench/workbench.desktop.main.js:16182:1604)
    at V$e.createInstance (vscode-file://vscode-app/usr/share/windsurf/resources/app/out/vs/workbench/workbench.desktop.main.js:16182:1098)
    at new $wJc (vscode-file://vscode-app/usr/share/windsurf/resources/app/out/vs/workbench/workbench.desktop.main.js:16852:19789)
    at V$e.o (vscode-file://vscode-app/usr/share/windsurf/resources/app/out/vs/workbench/workbench.desktop.main.js:16182:1604)
    at V$e.createInstance (vscode-file://vscode-app/usr/share/windsurf/resources/app/out/vs/workbench/workbench.desktop.main.js:16182:1098)
2026-02-17 00:37:18.638 [warning] IWorkbenchContributionsRegistry#getContribution('windsurf.cascadePanel'): contribution instantiated before LifecyclePhase.Restored!
2026-02-17 00:37:18.911 [info] Started local extension host with pid 382419.
2026-02-17 00:37:19.367 [error] Extension 'ms-python.vscode-python-envs' appears in product.json but enables LESS API proposals than the extension wants.
package.json (LOSES): terminalShellEnv, terminalDataWriteEvent
product.json (WINS): terminalShellEnv
2026-02-17 00:37:19.410 [warning] [ms-python.python]: Cannot register 'python.venvPath'. This property is already registered.
2026-02-17 00:37:19.911 [info] [DiffZone] BaselineResolution init, 0 existing repos
2026-02-17 00:37:20.800 [error] App icon customization is not supported on this OS: Error: App icon customization is not supported on this OS
    at Q6.setIcon (file:///usr/share/windsurf/resources/app/out/main.js:147:3603)
    at Object.call (file:///usr/share/windsurf/resources/app/out/main.js:33:4554)
    at Zp.s (file:///usr/share/windsurf/resources/app/out/main.js:31:15212)
    at Zp.q (file:///usr/share/windsurf/resources/app/out/main.js:31:14735)
    at Ta.value (file:///usr/share/windsurf/resources/app/out/main.js:31:14137)
    at D.C (file:///usr/share/windsurf/resources/app/out/main.js:30:2328)
    at D (file:///usr/share/windsurf/resources/app/out/main.js:30:2398)
    at D.fire (file:///usr/share/windsurf/resources/app/out/main.js:30:2615)
    at Ta.value (file:///usr/share/windsurf/resources/app/out/main.js:28:5384)
    at D.C (file:///usr/share/windsurf/resources/app/out/main.js:30:2328)
    at D.fire (file:///usr/share/windsurf/resources/app/out/main.js:30:2546)
    at Ta.value (file:///usr/share/windsurf/resources/app/out/main.js:28:5568)
    at D.C (file:///usr/share/windsurf/resources/app/out/main.js:30:2328)
    at D.fire (file:///usr/share/windsurf/resources/app/out/main.js:30:2546)
    at H (file:///usr/share/windsurf/resources/app/out/main.js:28:7826)
    at IpcMainImpl.i (file:///usr/share/windsurf/resources/app/out/main.js:36:10815)
    at IpcMainImpl.emit (node:events:519:28)
    at Session.<anonymous> (node:electron/js2c/browser_init:2:112437)
    at Session.emit (node:events:519:28)
2026-02-17 00:37:21.358 [info] [DiffZone] Watching repo: scm0
2026-02-17 00:37:21.359 [info] [DiffZone] No historyProvider for scm0
2026-02-17 00:37:21.361 [info] [DiffZone] No revision for scm0
2026-02-17 00:37:21.507 [info] [DiffZone] Revision for scm0: 49acfac, prev: none
2026-02-17 00:37:21.936 [info] [perf] Render performance baseline is 16ms
2026-02-17 00:37:24.302 [error] An unknown error occurred. Please consult the log for more details.
2026-02-17 00:52:43.759 [error] [Extension Host] FetchError: Unleash Repository error: network timeout at: https://unleash.codeium.com/api/client/features
	at Timeout.<anonymous> (/usr/share/windsurf/resources/app/extensions/windsurf/dist/extension.js:2:3119310)
	at listOnTimeout (node:internal/timers:588:17)
	at process.processTimers (node:internal/timers:523:7)
2026-02-17 00:56:55.917 [error] [Extension Host] FetchError: Unleash Repository error: network timeout at: https://unleash.codeium.com/api/client/features
	at Timeout.<anonymous> (/usr/share/windsurf/resources/app/extensions/windsurf/dist/extension.js:2:3119310)
	at listOnTimeout (node:internal/timers:588:17)
	at process.processTimers (node:internal/timers:523:7)
