2025-05-28 13:06:28 Loading main app package /usr/lib/obsidian/obsidian.asar
2025-05-28 13:06:29 Checking for update using Github
2025-05-28 13:06:30 Success.
2025-05-28 13:06:30 Latest version is 1.8.10
2025-05-28 13:06:30 App is up to date.
2025-06-21 09:54:55 Loading main app package /usr/lib/obsidian/obsidian.asar
2025-06-21 09:54:55 Checking for update using Github
2025-06-21 09:54:56 Success.
2025-06-21 09:54:56 Latest version is 1.8.10
2025-06-21 09:54:56 App is up to date.
2025-06-21 09:55:36 Loading main app package /usr/lib/obsidian/obsidian.asar
2025-06-21 09:55:36 Checking for update using Github
2025-06-21 09:55:36 Success.
2025-06-21 09:55:36 Latest version is 1.8.10
2025-06-21 09:55:36 App is up to date.
2025-06-21 11:39:30 Loading main app package /usr/lib/obsidian/obsidian.asar
2025-06-21 11:39:30 Checking for update using Github
2025-06-21 11:39:31 Success.
2025-06-21 11:39:31 Latest version is 1.8.10
2025-06-21 11:39:31 App is up to date.
2025-06-21 11:48:12 Loading main app package /usr/lib/obsidian/obsidian.asar
2025-06-21 11:48:12 Checking for update using Github
2025-06-21 11:48:13 Success.
2025-06-21 11:48:13 Latest version is 1.8.10
2025-06-21 11:48:13 App is up to date.
2025-07-27 17:12:49 Loading main app package /usr/lib/obsidian/obsidian.asar
2025-07-27 17:12:50 Checking for update using Github
2025-07-27 17:12:51 Success.
2025-07-27 17:12:51 Latest version is 1.8.10
2025-07-27 17:12:51 App is up to date.
2026-01-18 16:13:39 Loading main app package /usr/lib/obsidian/obsidian.asar
2026-01-18 16:13:39 Checking for update using Github
2026-01-18 16:13:40 Success.
2026-01-18 16:13:40 Latest version is 1.11.4
2026-01-18 16:13:40 App is up to date.
