2026-02-21 10:06:26.662 [info] (Windsurf) 2026-02-21 10:06:26.661 [INFO]: [windsurf#terminal] Shell integration DETECTED for managed
2026-02-21 10:07:05.833 [info] (Windsurf) 2026-02-21 10:07:05.833 [INFO]: [windsurf#terminal] Shell integration FAILED for unknown, reason: failedToSetStickyBit
2026-02-21 10:07:06.220 [info] 2026/02/21 10:07:06 maxprocs: Leaving GOMAXPROCS=8: CPU quota undefined
2026-02-21 10:07:06.418 [info] I0221 10:07:06.418166 25173 main.go:604] Setting GOMAXPROCS to 4
2026-02-21 10:07:06.421 [info] I0221 10:07:06.420845 25173 main.go:819] Starting language server process with pid 25173
2026-02-21 10:07:06.426 [info] I0221 10:07:06.425785 25173 server.go:359] Language server will attempt to listen on host 127.0.0.1
2026-02-21 10:07:06.426 [info] I0221 10:07:06.426569 25173 server.go:366] Language server listening on random port at 41049
2026-02-21 10:07:07.506 [info] I0221 10:07:07.506029 25173 server.go:500] Created extension server client at port 33933
2026-02-21 10:07:07.692 [info] (Windsurf) 2026-02-21 10:07:07.691 [INFO]: Language server started
2026-02-21 10:07:07.720 [info] (Windsurf) 2026-02-21 10:07:07.720 [INFO]: LS lspClient started successfully
2026-02-21 10:42:06.370 [info] I0221 10:42:06.361724 25173 completion_provider.go:869] err: context canceled
2026-02-21 10:42:06.474 [info] I0221 10:42:06.474113 25173 completion_provider.go:869] err: context canceled
2026-02-21 10:42:07.094 [info] I0221 10:42:07.094685 25173 completion_provider.go:869] err: context canceled
2026-02-21 10:42:07.269 [info] I0221 10:42:07.269616 25173 completion_provider.go:869] err: context canceled
2026-02-21 10:42:08.011 [info] I0221 10:42:08.011019 25173 completion_provider.go:869] err: context canceled
2026-02-21 10:42:10.332 [info] I0221 10:42:10.332212 25173 completion_provider.go:869] err: context canceled
2026-02-21 10:42:10.529 [info] I0221 10:42:10.529216 25173 completion_provider.go:869] err: context canceled
2026-02-21 10:42:10.655 [info] I0221 10:42:10.654151 25173 completion_provider.go:869] err: context canceled
2026-02-21 10:42:19.187 [info] I0221 10:42:19.176844 25173 completion_provider.go:869] err: context canceled
2026-02-21 10:42:19.288 [info] I0221 10:42:19.288162 25173 completion_provider.go:869] err: context canceled
2026-02-21 10:42:19.467 [info] I0221 10:42:19.467064 25173 completion_provider.go:869] err: context canceled
2026-02-21 10:42:19.868 [info] I0221 10:42:19.868442 25173 completion_provider.go:869] err: context canceled
2026-02-21 10:42:20.225 [info] I0221 10:42:20.225465 25173 completion_provider.go:869] err: context canceled
2026-02-21 10:42:20.402 [info] I0221 10:42:20.392046 25173 completion_provider.go:869] err: context canceled
2026-02-21 10:42:22.315 [info] I0221 10:42:22.315297 25173 completion_provider.go:869] err: context canceled
2026-02-21 10:42:22.721 [info] I0221 10:42:22.720993 25173 completion_provider.go:869] err: context canceled
2026-02-21 10:42:23.133 [info] I0221 10:42:23.133607 25173 completion_provider.go:869] err: context canceled
2026-02-21 10:42:24.290 [info] I0221 10:42:24.289997 25173 completion_provider.go:869] err: context canceled
2026-02-21 10:42:24.487 [info] I0221 10:42:24.478648 25173 completion_provider.go:869] err: context canceled
2026-02-21 10:42:24.540 [info] I0221 10:42:24.537678 25173 completion_provider.go:869] err: context canceled
2026-02-21 10:42:24.728 [info] I0221 10:42:24.727921 25173 completion_provider.go:869] err: context canceled
2026-02-21 10:42:30.098 [info] I0221 10:42:30.098258 25173 completion_provider.go:869] err: context canceled
2026-02-21 10:42:30.409 [info] I0221 10:42:30.408763 25173 completion_provider.go:869] err: context canceled
2026-02-21 10:42:30.494 [info] I0221 10:42:30.494011 25173 completion_provider.go:869] err: context canceled
2026-02-21 10:42:30.661 [info] I0221 10:42:30.661216 25173 completion_provider.go:869] err: context canceled
2026-02-21 10:42:31.071 [info] I0221 10:42:31.071411 25173 completion_provider.go:869] err: context canceled
2026-02-21 10:42:34.052 [info] I0221 10:42:34.052385 25173 completion_provider.go:869] err: context canceled
2026-02-21 10:42:34.427 [info] I0221 10:42:34.417955 25173 completion_provider.go:869] err: context canceled
2026-02-21 10:42:34.482 [info] I0221 10:42:34.482083 25173 completion_provider.go:869] err: context canceled
2026-02-21 10:42:34.638 [info] I0221 10:42:34.637771 25173 completion_provider.go:869] err: context canceled
2026-02-21 10:42:36.919 [info] I0221 10:42:36.918726 25173 completion_provider.go:869] err: context canceled
2026-02-21 10:42:36.990 [info] I0221 10:42:36.980963 25173 completion_provider.go:869] err: context canceled
2026-02-21 10:42:37.165 [info] I0221 10:42:37.164916 25173 completion_provider.go:869] err: context canceled
2026-02-21 10:42:43.068 [info] I0221 10:42:43.068440 25173 completion_provider.go:869] err: context canceled
2026-02-21 10:42:43.243 [info] I0221 10:42:43.242713 25173 completion_provider.go:869] err: context canceled
2026-02-21 10:42:43.438 [info] I0221 10:42:43.437638 25173 completion_provider.go:869] err: context canceled
2026-02-21 10:42:43.629 [info] I0221 10:42:43.628943 25173 completion_provider.go:869] err: context canceled
2026-02-21 10:42:43.790 [info] I0221 10:42:43.790011 25173 completion_provider.go:869] err: context canceled
2026-02-21 10:42:43.975 [info] I0221 10:42:43.975042 25173 completion_provider.go:869] err: context canceled
2026-02-21 10:42:44.166 [info] I0221 10:42:44.165810 25173 completion_provider.go:869] err: context canceled
2026-02-21 10:42:44.341 [info] I0221 10:42:44.341393 25173 completion_provider.go:869] err: context canceled
2026-02-21 10:42:44.525 [info] I0221 10:42:44.525167 25173 completion_provider.go:869] err: context canceled
2026-02-21 10:42:45.142 [info] I0221 10:42:45.135342 25173 completion_provider.go:869] err: context canceled
2026-02-21 10:42:45.194 [info] I0221 10:42:45.194519 25173 completion_provider.go:869] err: context canceled
2026-02-21 10:42:45.267 [info] I0221 10:42:45.266625 25173 completion_provider.go:869] err: context canceled
2026-02-21 10:42:45.533 [info] I0221 10:42:45.525200 25173 completion_provider.go:869] err: context canceled
2026-02-21 10:42:45.587 [info] I0221 10:42:45.587188 25173 completion_provider.go:869] err: context canceled
2026-02-21 10:42:45.720 [info] I0221 10:42:45.719863 25173 completion_provider.go:869] err: context canceled
2026-02-21 10:42:49.917 [info] I0221 10:42:49.917096 25173 completion_provider.go:869] err: context canceled
2026-02-21 10:42:50.104 [info] I0221 10:42:50.104349 25173 completion_provider.go:869] err: context canceled
2026-02-21 10:42:50.214 [info] I0221 10:42:50.214555 25173 completion_provider.go:869] err: context canceled
2026-02-21 10:42:50.628 [info] I0221 10:42:50.618770 25173 completion_provider.go:869] err: context canceled
2026-02-21 10:42:50.974 [info] I0221 10:42:50.974065 25173 completion_provider.go:869] err: context canceled
2026-02-21 10:42:54.332 [info] I0221 10:42:54.332230 25173 completion_provider.go:869] err: context canceled
2026-02-21 10:42:54.474 [info] I0221 10:42:54.474065 25173 completion_provider.go:869] err: context canceled
2026-02-21 10:42:55.003 [info] I0221 10:42:54.993776 25173 completion_provider.go:869] err: context canceled
2026-02-21 10:42:56.552 [info] I0221 10:42:56.552259 25173 completion_provider.go:869] err: context canceled
2026-02-21 10:42:56.599 [info] I0221 10:42:56.599715 25173 completion_provider.go:869] err: context canceled
2026-02-21 10:42:57.348 [info] I0221 10:42:57.347896 25173 completion_provider.go:869] err: context canceled
2026-02-21 10:58:35.621 [info] (Windsurf) 2026-02-21 10:58:35.620 [INFO]: Shutting down all 0 managed language servers
2026-02-21 10:58:39.975 [info] (Windsurf) 2026-02-21 10:58:39.975 [INFO]: [windsurf#terminal] Shell integration DETECTED for unknown
2026-02-21 10:58:40.327 [info] (Windsurf) 2026-02-21 10:58:40.327 [INFO]: [windsurf#terminal] Shell integration DETECTED for managed
2026-02-21 10:58:40.395 [info] 2026/02/21 10:58:40 maxprocs: Leaving GOMAXPROCS=8: CPU quota undefined
2026-02-21 10:58:40.410 [info] I0221 10:58:40.406429 53231 main.go:604] Setting GOMAXPROCS to 4
2026-02-21 10:58:40.410 [info] I0221 10:58:40.406525 53231 main.go:819] Starting language server process with pid 53231
2026-02-21 10:58:40.410 [info] I0221 10:58:40.406684 53231 server.go:359] Language server will attempt to listen on host 127.0.0.1
2026-02-21 10:58:40.410 [info] I0221 10:58:40.406801 53231 server.go:366] Language server listening on random port at 33393
2026-02-21 10:58:41.372 [info] I0221 10:58:41.372561 53231 server.go:500] Created extension server client at port 34217
2026-02-21 10:58:41.433 [info] (Windsurf) 2026-02-21 10:58:41.432 [INFO]: Language server started
2026-02-21 10:58:41.470 [info] (Windsurf) 2026-02-21 10:58:41.470 [INFO]: LS lspClient started successfully
2026-02-21 11:02:16.611 [info] E0221 11:02:16.610968 53231 interceptor.go:74] /exa.language_server_pb.LanguageServerService/RefreshContextForIdeAction (unknown): file is generated: file content is generated
2026-02-21 11:10:02.399 [info] E0221 11:10:02.398153 53231 interceptor.go:74] /exa.language_server_pb.LanguageServerService/RefreshContextForIdeAction (unknown): file is generated: file content is generated
2026-02-21 11:10:06.198 [info] I0221 11:10:06.198021 53231 completion_provider.go:869] err: context canceled
2026-02-21 11:10:06.505 [info] I0221 11:10:06.498034 53231 completion_provider.go:869] err: context canceled
2026-02-21 11:10:06.620 [info] I0221 11:10:06.620853 53231 completion_provider.go:869] err: context canceled
2026-02-21 11:10:12.731 [info] I0221 11:10:12.731642 53231 completion_provider.go:869] err: context canceled
2026-02-21 11:10:12.891 [info] I0221 11:10:12.883503 53231 completion_provider.go:869] err: context canceled
2026-02-21 11:10:13.096 [info] I0221 11:10:13.096633 53231 completion_provider.go:869] err: context canceled
2026-02-21 11:12:07.865 [info] I0221 11:12:07.858785 53231 completion_provider.go:869] err: context canceled
2026-02-21 11:12:10.855 [info] I0221 11:12:10.855870 53231 completion_provider.go:869] err: context canceled
2026-02-21 11:12:11.002 [info] I0221 11:12:10.995282 53231 completion_provider.go:869] err: context canceled
2026-02-21 11:12:11.185 [info] I0221 11:12:11.176737 53231 completion_provider.go:869] err: context canceled
2026-02-21 11:12:11.352 [info] I0221 11:12:11.344862 53231 completion_provider.go:869] err: context canceled
2026-02-21 11:12:11.530 [info] I0221 11:12:11.530578 53231 completion_provider.go:869] err: context canceled
2026-02-21 11:12:11.707 [info] I0221 11:12:11.706830 53231 completion_provider.go:869] err: context canceled
2026-02-21 11:12:11.912 [info] I0221 11:12:11.911850 53231 completion_provider.go:869] err: context canceled
2026-02-21 11:12:12.250 [info] I0221 11:12:12.250691 53231 completion_provider.go:869] err: context canceled
2026-02-21 11:12:12.440 [info] I0221 11:12:12.433623 53231 completion_provider.go:869] err: context canceled
2026-02-21 11:12:12.639 [info] I0221 11:12:12.639352 53231 completion_provider.go:869] err: context canceled
2026-02-21 11:12:12.828 [info] I0221 11:12:12.828225 53231 completion_provider.go:869] err: context canceled
2026-02-21 11:12:24.209 [info] I0221 11:12:24.209177 53231 completion_provider.go:869] err: context canceled
2026-02-21 11:12:31.604 [info] I0221 11:12:31.604035 53231 completion_provider.go:869] err: context canceled
2026-02-21 11:12:31.807 [info] I0221 11:12:31.807016 53231 completion_provider.go:869] err: context canceled
2026-02-21 11:12:32.374 [info] I0221 11:12:32.372926 53231 completion_provider.go:869] err: context canceled
2026-02-21 11:12:32.570 [info] I0221 11:12:32.570526 53231 completion_provider.go:869] err: context canceled
2026-02-21 11:12:32.758 [info] I0221 11:12:32.750390 53231 completion_provider.go:869] err: context canceled
2026-02-21 11:12:32.865 [info] I0221 11:12:32.858455 53231 completion_provider.go:869] err: context canceled
2026-02-21 11:12:33.612 [info] I0221 11:12:33.612096 53231 completion_provider.go:869] err: context canceled
2026-02-21 11:12:36.503 [info] I0221 11:12:36.503677 53231 completion_provider.go:869] err: context canceled
2026-02-21 11:12:37.426 [info] I0221 11:12:37.425430 53231 completion_provider.go:869] err: context canceled
2026-02-21 11:12:37.628 [info] I0221 11:12:37.621123 53231 completion_provider.go:869] err: context canceled
2026-02-21 11:12:37.765 [info] I0221 11:12:37.758578 53231 completion_provider.go:869] err: context canceled
2026-02-21 11:12:37.919 [info] I0221 11:12:37.911878 53231 completion_provider.go:869] err: context canceled
2026-02-21 11:12:38.070 [info] I0221 11:12:38.061453 53231 completion_provider.go:869] err: context canceled
2026-02-21 11:12:38.167 [info] I0221 11:12:38.167313 53231 completion_provider.go:869] err: context canceled
2026-02-21 11:12:38.303 [info] I0221 11:12:38.302876 53231 completion_provider.go:869] err: context canceled
2026-02-21 11:12:38.487 [info] I0221 11:12:38.487027 53231 completion_provider.go:869] err: context canceled
2026-02-21 11:12:38.917 [info] I0221 11:12:38.916721 53231 completion_provider.go:869] err: context canceled
2026-02-21 11:12:39.111 [info] I0221 11:12:39.111002 53231 completion_provider.go:869] err: context canceled
2026-02-21 11:12:39.719 [info] I0221 11:12:39.718862 53231 completion_provider.go:869] err: context canceled
2026-02-21 11:12:45.794 [info] I0221 11:12:45.794453 53231 completion_provider.go:869] err: context canceled
2026-02-21 11:12:45.961 [info] I0221 11:12:45.961142 53231 completion_provider.go:869] err: context canceled
2026-02-21 11:12:46.152 [info] I0221 11:12:46.152229 53231 completion_provider.go:869] err: context canceled
2026-02-21 11:12:46.389 [info] I0221 11:12:46.389056 53231 completion_provider.go:869] err: context canceled
2026-02-21 11:12:47.614 [info] I0221 11:12:47.606797 53231 completion_provider.go:869] err: context canceled
2026-02-21 11:12:48.144 [info] I0221 11:12:48.144738 53231 completion_provider.go:869] err: context canceled
2026-02-21 11:12:48.597 [info] I0221 11:12:48.597306 53231 completion_provider.go:869] err: context canceled
2026-02-21 11:12:48.850 [info] I0221 11:12:48.849789 53231 completion_provider.go:869] err: context canceled
2026-02-21 11:12:49.028 [info] I0221 11:12:49.027899 53231 completion_provider.go:869] err: context canceled
2026-02-21 11:12:49.213 [info] I0221 11:12:49.213570 53231 completion_provider.go:869] err: context canceled
2026-02-21 11:12:49.397 [info] I0221 11:12:49.397175 53231 completion_provider.go:869] err: context canceled
2026-02-21 11:17:30.144 [info] I0221 11:17:30.144489 53231 completion_provider.go:869] err: context canceled
2026-02-21 11:17:31.503 [info] I0221 11:17:31.502906 53231 completion_provider.go:869] err: context canceled
2026-02-21 12:41:03.469 [info] I0221 12:41:03.469388 53231 completion_provider.go:869] err: context canceled
2026-02-21 12:41:30.880 [info] I0221 12:41:30.880543 53231 completion_provider.go:869] err: context canceled
2026-02-21 12:41:31.078 [info] I0221 12:41:31.068177 53231 completion_provider.go:869] err: context canceled
2026-02-21 12:41:31.238 [info] I0221 12:41:31.229867 53231 completion_provider.go:869] err: context canceled
2026-02-21 12:41:31.407 [info] I0221 12:41:31.406975 53231 completion_provider.go:869] err: context canceled
2026-02-21 12:41:31.606 [info] I0221 12:41:31.606661 53231 completion_provider.go:869] err: context canceled
2026-02-21 12:41:31.802 [info] I0221 12:41:31.802502 53231 completion_provider.go:869] err: context canceled
2026-02-21 12:41:31.982 [info] I0221 12:41:31.982287 53231 completion_provider.go:869] err: context canceled
2026-02-21 12:41:32.200 [info] I0221 12:41:32.200345 53231 completion_provider.go:869] err: context canceled
2026-02-21 12:41:32.354 [info] I0221 12:41:32.354321 53231 completion_provider.go:869] err: context canceled
2026-02-21 12:41:32.578 [info] I0221 12:41:32.578588 53231 completion_provider.go:869] err: context canceled
2026-02-21 12:41:32.794 [info] I0221 12:41:32.794554 53231 completion_provider.go:869] err: context canceled
2026-02-21 12:41:32.966 [info] I0221 12:41:32.965682 53231 completion_provider.go:869] err: context canceled
2026-02-21 12:41:33.183 [info] I0221 12:41:33.183246 53231 completion_provider.go:869] err: context canceled
2026-02-21 12:41:33.486 [info] I0221 12:41:33.478853 53231 completion_provider.go:869] err: context canceled
2026-02-21 12:41:38.354 [info] I0221 12:41:38.354373 53231 completion_provider.go:869] err: context canceled
2026-02-21 12:41:38.541 [info] I0221 12:41:38.526380 53231 completion_provider.go:869] err: context canceled
2026-02-21 12:41:40.127 [info] I0221 12:41:40.125694 53231 completion_provider.go:869] err: context canceled
2026-02-21 12:41:40.694 [info] I0221 12:41:40.693762 53231 completion_provider.go:869] err: context canceled
2026-02-21 12:41:43.057 [info] I0221 12:41:43.057039 53231 completion_provider.go:869] err: context canceled
2026-02-21 12:41:43.610 [info] I0221 12:41:43.609244 53231 completion_provider.go:869] err: context canceled
2026-02-21 12:41:43.677 [info] I0221 12:41:43.677060 53231 completion_provider.go:869] err: context canceled
2026-02-21 12:41:43.983 [info] I0221 12:41:43.981690 53231 completion_provider.go:869] err: context canceled
2026-02-21 12:42:55.128 [info] I0221 12:42:55.128773 53231 completion_provider.go:869] err: context canceled
2026-02-21 12:42:55.307 [info] I0221 12:42:55.307620 53231 completion_provider.go:869] err: context canceled
2026-02-21 12:42:55.464 [info] I0221 12:42:55.464087 53231 completion_provider.go:869] err: context canceled
2026-02-21 12:42:58.029 [info] I0221 12:42:58.028823 53231 completion_provider.go:869] err: context canceled
2026-02-21 12:42:58.200 [info] I0221 12:42:58.199105 53231 completion_provider.go:869] err: context canceled
2026-02-21 12:42:58.396 [info] I0221 12:42:58.396326 53231 completion_provider.go:869] err: context canceled
2026-02-21 12:45:16.798 [info] I0221 12:45:16.798397 53231 completion_provider.go:869] err: context canceled
2026-02-21 12:45:16.990 [info] I0221 12:45:16.989756 53231 completion_provider.go:869] err: context canceled
2026-02-21 12:45:17.293 [info] I0221 12:45:17.292177 53231 completion_provider.go:869] err: context canceled
2026-02-21 12:45:17.665 [info] I0221 12:45:17.664950 53231 completion_provider.go:869] err: context canceled
2026-02-21 12:46:00.166 [info] I0221 12:46:00.165913 53231 completion_provider.go:869] err: context canceled
2026-02-21 12:46:00.357 [info] I0221 12:46:00.357195 53231 completion_provider.go:869] err: context canceled
2026-02-21 12:46:00.532 [info] I0221 12:46:00.525352 53231 completion_provider.go:869] err: context canceled
2026-02-21 12:46:00.722 [info] I0221 12:46:00.722064 53231 completion_provider.go:869] err: context canceled
2026-02-21 12:46:00.893 [info] I0221 12:46:00.893637 53231 completion_provider.go:869] err: context canceled
2026-02-21 12:47:53.433 [info] I0221 12:47:53.433033 53231 completion_provider.go:869] err: context canceled
2026-02-21 12:47:53.580 [info] I0221 12:47:53.572901 53231 completion_provider.go:869] err: context canceled
2026-02-21 12:47:53.747 [info] I0221 12:47:53.747540 53231 completion_provider.go:869] err: context canceled
2026-02-21 12:47:53.939 [info] I0221 12:47:53.931167 53231 completion_provider.go:869] err: context canceled
2026-02-21 12:47:54.109 [info] I0221 12:47:54.109351 53231 completion_provider.go:869] err: context canceled
2026-02-21 12:47:54.302 [info] I0221 12:47:54.301833 53231 completion_provider.go:869] err: context canceled
2026-02-21 12:47:54.486 [info] I0221 12:47:54.485468 53231 completion_provider.go:869] err: context canceled
2026-02-21 12:47:54.682 [info] I0221 12:47:54.682226 53231 completion_provider.go:869] err: context canceled
2026-02-21 12:47:54.922 [info] I0221 12:47:54.921774 53231 completion_provider.go:869] err: context canceled
2026-02-21 12:51:30.347 [info] I0221 12:51:30.345801 53231 completion_provider.go:869] err: context canceled
2026-02-21 12:51:30.528 [info] I0221 12:51:30.527118 53231 completion_provider.go:869] err: context canceled
2026-02-21 12:51:30.682 [info] I0221 12:51:30.674475 53231 completion_provider.go:869] err: context canceled
2026-02-21 12:51:30.872 [info] I0221 12:51:30.865526 53231 completion_provider.go:869] err: context canceled
2026-02-21 12:51:37.741 [info] I0221 12:51:37.741055 53231 completion_provider.go:869] err: context canceled
2026-02-21 12:52:34.824 [info] I0221 12:52:34.824823 53231 completion_provider.go:869] err: context canceled
2026-02-21 12:52:38.529 [info] I0221 12:52:38.526270 53231 completion_provider.go:869] err: context canceled
2026-02-21 12:52:38.730 [info] I0221 12:52:38.730287 53231 completion_provider.go:869] err: context canceled
2026-02-21 12:55:14.073 [info] I0221 12:55:14.073678 53231 completion_provider.go:869] err: context canceled
2026-02-21 12:55:15.418 [info] I0221 12:55:15.418868 53231 completion_provider.go:869] err: context canceled
2026-02-21 12:55:27.877 [info] I0221 12:55:27.868682 53231 completion_provider.go:869] err: context canceled
2026-02-21 12:55:27.993 [info] I0221 12:55:27.993011 53231 completion_provider.go:869] err: context canceled
2026-02-21 12:55:48.773 [info] I0221 12:55:48.772302 53231 completion_provider.go:869] err: context canceled
2026-02-21 12:55:51.336 [info] I0221 12:55:51.336285 53231 completion_provider.go:869] err: context canceled
2026-02-21 12:55:58.584 [info] I0221 12:55:58.584635 53231 completion_provider.go:869] err: context canceled
2026-02-21 12:56:06.268 [info] I0221 12:56:06.268062 53231 completion_provider.go:869] err: context canceled
2026-02-21 12:56:36.895 [info] I0221 12:56:36.895066 53231 completion_provider.go:869] err: context canceled
2026-02-21 13:00:11.046 [info] W0221 13:00:11.045651 53231 workspace_manager.go:500] Too many changes in DidChangeWatchedFiles: 1300
2026-02-21 13:00:22.414 [info] E0221 13:00:22.414330 53231 interceptor.go:74] /exa.language_server_pb.LanguageServerService/AcknowledgeCascadeCodeEdit (unknown): no unacknowledged steps for file file:///home/archguy/CascadeProjects/MyLibrary/tailwind.config.js
2026-02-21 13:17:31.633 [info] I0221 13:17:31.633559 53231 completion_provider.go:869] err: context canceled
2026-02-21 13:17:31.843 [info] I0221 13:17:31.842646 53231 completion_provider.go:869] err: context canceled
2026-02-21 13:17:31.981 [info] I0221 13:17:31.981004 53231 completion_provider.go:869] err: context canceled
2026-02-21 13:17:32.176 [info] I0221 13:17:32.176687 53231 completion_provider.go:869] err: context canceled
2026-02-21 13:17:32.556 [info] I0221 13:17:32.556178 53231 completion_provider.go:869] err: context canceled
2026-02-21 13:25:34.474 [info] I0221 13:25:34.474062 53231 completion_provider.go:869] err: context canceled
2026-02-21 13:25:34.739 [info] I0221 13:25:34.739319 53231 completion_provider.go:869] err: context canceled
2026-02-21 13:25:40.382 [info] I0221 13:25:40.380440 53231 completion_provider.go:869] err: context canceled
2026-02-21 13:25:40.777 [info] I0221 13:25:40.777568 53231 completion_provider.go:869] err: context canceled
2026-02-21 13:28:17.915 [info] I0221 13:28:17.915782 53231 completion_provider.go:869] err: context canceled
2026-02-21 13:28:22.112 [info] I0221 13:28:22.112243 53231 completion_provider.go:869] err: context canceled
2026-02-21 13:28:22.295 [info] I0221 13:28:22.295322 53231 completion_provider.go:869] err: context canceled
2026-02-21 13:28:22.478 [info] I0221 13:28:22.477739 53231 completion_provider.go:869] err: context canceled
2026-02-21 13:28:22.852 [info] I0221 13:28:22.852165 53231 completion_provider.go:869] err: context canceled
2026-02-21 13:28:24.812 [info] I0221 13:28:24.812081 53231 completion_provider.go:869] err: context canceled
2026-02-21 13:29:02.912 [info] I0221 13:29:02.912269 53231 completion_provider.go:869] err: context canceled
2026-02-21 13:29:03.251 [info] I0221 13:29:03.251053 53231 completion_provider.go:869] err: context canceled
2026-02-21 13:29:03.451 [info] I0221 13:29:03.451130 53231 completion_provider.go:869] err: context canceled
2026-02-21 13:29:04.046 [info] I0221 13:29:04.046094 53231 completion_provider.go:869] err: context canceled
2026-02-21 13:29:04.201 [info] I0221 13:29:04.200174 53231 completion_provider.go:869] err: context canceled
2026-02-21 13:29:04.381 [info] I0221 13:29:04.373392 53231 completion_provider.go:869] err: context canceled
2026-02-21 13:29:04.583 [info] I0221 13:29:04.575493 53231 completion_provider.go:869] err: context canceled
2026-02-21 13:29:04.735 [info] I0221 13:29:04.735221 53231 completion_provider.go:869] err: context canceled
2026-02-21 13:30:53.405 [info] I0221 13:30:53.405015 53231 completion_provider.go:869] err: context canceled
2026-02-21 13:30:53.566 [info] I0221 13:30:53.557228 53231 completion_provider.go:869] err: context canceled
2026-02-21 13:30:53.727 [info] I0221 13:30:53.718713 53231 completion_provider.go:869] err: context canceled
2026-02-21 13:30:53.977 [info] I0221 13:30:53.977208 53231 completion_provider.go:869] err: context canceled
2026-02-21 13:30:55.249 [info] I0221 13:30:55.248734 53231 completion_provider.go:869] err: context canceled
2026-02-21 13:31:23.667 [info] I0221 13:31:23.666773 53231 completion_provider.go:869] err: context canceled
2026-02-21 13:34:14.650 [info] I0221 13:34:14.648912 53231 completion_provider.go:869] err: context canceled
2026-02-21 13:34:14.809 [info] I0221 13:34:14.809208 53231 completion_provider.go:869] err: context canceled
2026-02-21 13:34:14.994 [info] I0221 13:34:14.985949 53231 completion_provider.go:869] err: context canceled
2026-02-21 13:34:15.179 [info] I0221 13:34:15.171620 53231 completion_provider.go:869] err: context canceled
2026-02-21 13:34:15.322 [info] I0221 13:34:15.315779 53231 completion_provider.go:869] err: context canceled
2026-02-21 13:34:15.511 [info] I0221 13:34:15.503562 53231 completion_provider.go:869] err: context canceled
2026-02-21 13:34:15.690 [info] I0221 13:34:15.680888 53231 completion_provider.go:869] err: context canceled
2026-02-21 13:34:15.855 [info] I0221 13:34:15.855365 53231 completion_provider.go:869] err: context canceled
2026-02-21 13:34:16.040 [info] I0221 13:34:16.040292 53231 completion_provider.go:869] err: context canceled
2026-02-21 13:34:16.179 [info] I0221 13:34:16.172082 53231 completion_provider.go:869] err: context canceled
2026-02-21 13:36:07.060 [info] I0221 13:36:07.059993 53231 completion_provider.go:869] err: context canceled
2026-02-21 13:36:14.923 [info] I0221 13:36:14.923373 53231 completion_provider.go:869] err: context canceled
2026-02-21 13:36:16.817 [info] I0221 13:36:16.816582 53231 completion_provider.go:869] err: context canceled
2026-02-21 13:36:17.413 [info] I0221 13:36:17.413565 53231 completion_provider.go:869] err: context canceled
2026-02-21 13:36:17.586 [info] I0221 13:36:17.586628 53231 completion_provider.go:869] err: context canceled
2026-02-21 13:36:17.704 [info] I0221 13:36:17.703879 53231 completion_provider.go:869] err: context canceled
2026-02-21 13:36:54.898 [info] I0221 13:36:54.898103 53231 completion_provider.go:869] err: context canceled
2026-02-21 13:36:55.175 [info] I0221 13:36:55.175825 53231 completion_provider.go:869] err: context canceled
2026-02-21 13:36:55.295 [info] I0221 13:36:55.295349 53231 completion_provider.go:869] err: context canceled
2026-02-21 13:36:55.425 [info] I0221 13:36:55.424778 53231 completion_provider.go:869] err: context canceled
2026-02-21 13:36:55.700 [info] I0221 13:36:55.700661 53231 completion_provider.go:869] err: context canceled
2026-02-21 13:36:57.622 [info] I0221 13:36:57.614539 53231 completion_provider.go:869] err: context canceled
2026-02-21 13:36:57.774 [info] I0221 13:36:57.774542 53231 completion_provider.go:869] err: context canceled
2026-02-21 13:36:57.963 [info] I0221 13:36:57.962668 53231 completion_provider.go:869] err: context canceled
2026-02-21 13:36:58.142 [info] I0221 13:36:58.135833 53231 completion_provider.go:869] err: context canceled
2026-02-21 13:36:58.361 [info] I0221 13:36:58.361464 53231 completion_provider.go:869] err: context canceled
2026-02-21 13:36:58.554 [info] I0221 13:36:58.553218 53231 completion_provider.go:869] err: context canceled
2026-02-21 13:36:58.721 [info] I0221 13:36:58.721627 53231 completion_provider.go:869] err: context canceled
2026-02-21 13:37:00.782 [info] I0221 13:37:00.781690 53231 completion_provider.go:869] err: context canceled
2026-02-21 13:37:00.948 [info] I0221 13:37:00.948399 53231 completion_provider.go:869] err: context canceled
2026-02-21 13:37:01.210 [info] I0221 13:37:01.209969 53231 completion_provider.go:869] err: context canceled
2026-02-21 13:39:08.187 [info] I0221 13:39:08.187524 53231 completion_provider.go:869] err: context canceled
2026-02-21 13:39:08.322 [info] I0221 13:39:08.322317 53231 completion_provider.go:869] err: context canceled
2026-02-21 13:39:09.366 [info] I0221 13:39:09.366351 53231 completion_provider.go:869] err: context canceled
2026-02-21 13:39:09.540 [info] I0221 13:39:09.540069 53231 completion_provider.go:869] err: context canceled
2026-02-21 13:39:11.094 [info] I0221 13:39:11.094188 53231 completion_provider.go:869] err: context canceled
2026-02-21 13:39:11.268 [info] I0221 13:39:11.265082 53231 completion_provider.go:869] err: context canceled
2026-02-21 13:39:11.425 [info] I0221 13:39:11.425217 53231 completion_provider.go:869] err: context canceled
2026-02-21 13:39:11.605 [info] I0221 13:39:11.596211 53231 completion_provider.go:869] err: context canceled
2026-02-21 13:39:11.877 [info] I0221 13:39:11.877301 53231 completion_provider.go:869] err: context canceled
2026-02-21 13:39:15.155 [info] I0221 13:39:15.154933 53231 completion_provider.go:869] err: context canceled
2026-02-21 13:39:15.423 [info] I0221 13:39:15.422962 53231 completion_provider.go:869] err: context canceled
2026-02-21 13:39:16.289 [info] I0221 13:39:16.289699 53231 completion_provider.go:869] err: context canceled
2026-02-21 13:39:16.473 [info] I0221 13:39:16.472419 53231 completion_provider.go:869] err: context canceled
2026-02-21 13:39:16.689 [info] I0221 13:39:16.688986 53231 completion_provider.go:869] err: context canceled
2026-02-21 13:39:19.177 [info] I0221 13:39:19.177392 53231 completion_provider.go:869] err: context canceled
2026-02-21 13:39:20.058 [info] I0221 13:39:20.057834 53231 completion_provider.go:869] err: context canceled
2026-02-21 13:39:20.241 [info] I0221 13:39:20.239392 53231 completion_provider.go:869] err: context canceled
2026-02-21 13:39:20.577 [info] I0221 13:39:20.569864 53231 completion_provider.go:869] err: context canceled
2026-02-21 13:39:20.746 [info] I0221 13:39:20.735384 53231 completion_provider.go:869] err: context canceled
2026-02-21 13:40:17.581 [info] I0221 13:40:17.581482 53231 completion_provider.go:869] err: context canceled
2026-02-21 13:40:17.772 [info] I0221 13:40:17.767407 53231 completion_provider.go:869] err: context canceled
2026-02-21 13:40:17.939 [info] I0221 13:40:17.932098 53231 completion_provider.go:869] err: context canceled
2026-02-21 13:40:18.593 [info] I0221 13:40:18.592831 53231 completion_provider.go:869] err: context canceled
2026-02-21 13:40:19.041 [info] I0221 13:40:19.041199 53231 completion_provider.go:869] err: context canceled
2026-02-21 13:40:19.176 [info] I0221 13:40:19.176735 53231 completion_provider.go:869] err: context canceled
2026-02-21 13:40:19.391 [info] I0221 13:40:19.391875 53231 completion_provider.go:869] err: context canceled
2026-02-21 13:40:19.556 [info] I0221 13:40:19.547677 53231 completion_provider.go:869] err: context canceled
2026-02-21 13:40:19.628 [info] I0221 13:40:19.627994 53231 completion_provider.go:869] err: context canceled
2026-02-21 13:40:19.838 [info] I0221 13:40:19.837856 53231 completion_provider.go:869] err: context canceled
2026-02-21 13:40:20.674 [info] I0221 13:40:20.673251 53231 completion_provider.go:869] err: context canceled
2026-02-21 13:40:20.844 [info] I0221 13:40:20.841978 53231 completion_provider.go:869] err: context canceled
2026-02-21 13:40:21.040 [info] I0221 13:40:21.037382 53231 completion_provider.go:869] err: context canceled
2026-02-21 13:40:21.198 [info] I0221 13:40:21.197729 53231 completion_provider.go:869] err: context canceled
2026-02-21 13:40:21.383 [info] I0221 13:40:21.382924 53231 completion_provider.go:869] err: context canceled
2026-02-21 13:40:22.767 [info] I0221 13:40:22.767360 53231 completion_provider.go:869] err: context canceled
2026-02-21 13:40:23.686 [info] I0221 13:40:23.686847 53231 completion_provider.go:869] err: context canceled
2026-02-21 13:40:23.845 [info] I0221 13:40:23.845379 53231 completion_provider.go:869] err: context canceled
2026-02-21 13:40:29.478 [info] I0221 13:40:29.477828 53231 completion_provider.go:869] err: context canceled
2026-02-21 13:40:32.436 [info] I0221 13:40:32.436222 53231 completion_provider.go:869] err: context canceled
2026-02-21 13:40:32.639 [info] I0221 13:40:32.639372 53231 completion_provider.go:869] err: context canceled
2026-02-21 13:40:33.992 [info] I0221 13:40:33.991813 53231 completion_provider.go:869] err: context canceled
2026-02-21 13:40:42.992 [info] I0221 13:40:42.992105 53231 completion_provider.go:869] err: context canceled
2026-02-21 13:40:45.132 [info] I0221 13:40:45.132059 53231 completion_provider.go:869] err: context canceled
2026-02-21 13:40:45.299 [info] I0221 13:40:45.299110 53231 completion_provider.go:869] err: context canceled
2026-02-21 13:40:45.552 [info] I0221 13:40:45.544676 53231 completion_provider.go:869] err: context canceled
2026-02-21 13:40:46.214 [info] I0221 13:40:46.213656 53231 completion_provider.go:869] err: context canceled
2026-02-21 13:40:46.281 [info] I0221 13:40:46.281335 53231 completion_provider.go:869] err: context canceled
2026-02-21 13:40:46.420 [info] I0221 13:40:46.419679 53231 completion_provider.go:869] err: context canceled
2026-02-21 13:40:47.162 [info] I0221 13:40:47.161163 53231 completion_provider.go:869] err: context canceled
2026-02-21 13:40:47.688 [info] I0221 13:40:47.688670 53231 completion_provider.go:869] err: context canceled
2026-02-21 13:40:48.043 [info] I0221 13:40:48.041164 53231 completion_provider.go:869] err: context canceled
2026-02-21 13:40:50.485 [info] I0221 13:40:50.484782 53231 completion_provider.go:869] err: context canceled
2026-02-21 13:40:50.634 [info] I0221 13:40:50.634490 53231 completion_provider.go:869] err: context canceled
2026-02-21 13:40:51.045 [info] I0221 13:40:51.045035 53231 completion_provider.go:869] err: context canceled
2026-02-21 13:40:52.486 [info] I0221 13:40:52.482706 53231 completion_provider.go:869] err: context canceled
2026-02-21 13:41:01.812 [info] I0221 13:41:01.811758 53231 completion_provider.go:869] err: context canceled
2026-02-21 13:41:39.459 [info] I0221 13:41:39.456979 53231 completion_provider.go:869] err: context canceled
2026-02-21 13:41:39.826 [info] I0221 13:41:39.824734 53231 completion_provider.go:869] err: context canceled
2026-02-21 13:41:40.645 [info] I0221 13:41:40.645328 53231 completion_provider.go:869] err: context canceled
2026-02-21 13:41:40.936 [info] I0221 13:41:40.935488 53231 completion_provider.go:869] err: context canceled
2026-02-21 13:41:41.123 [info] I0221 13:41:41.123549 53231 completion_provider.go:869] err: context canceled
2026-02-21 13:41:41.280 [info] I0221 13:41:41.280181 53231 completion_provider.go:869] err: context canceled
2026-02-21 13:41:41.469 [info] I0221 13:41:41.469065 53231 completion_provider.go:869] err: context canceled
2026-02-21 13:41:41.671 [info] I0221 13:41:41.671440 53231 completion_provider.go:869] err: context canceled
2026-02-21 13:41:41.878 [info] I0221 13:41:41.878054 53231 completion_provider.go:869] err: context canceled
2026-02-21 13:41:42.012 [info] I0221 13:41:42.012450 53231 completion_provider.go:869] err: context canceled
2026-02-21 13:41:42.191 [info] I0221 13:41:42.191867 53231 completion_provider.go:869] err: context canceled
2026-02-21 13:41:42.352 [info] I0221 13:41:42.352413 53231 completion_provider.go:869] err: context canceled
2026-02-21 14:06:44.080 [info] I0221 14:06:44.079991 53231 completion_provider.go:869] err: context canceled
2026-02-21 14:06:44.240 [info] I0221 14:06:44.239629 53231 completion_provider.go:869] err: context canceled
2026-02-21 14:06:44.557 [info] I0221 14:06:44.557026 53231 completion_provider.go:869] err: context canceled
2026-02-21 14:06:44.771 [info] I0221 14:06:44.764014 53231 completion_provider.go:869] err: context canceled
2026-02-21 14:06:44.883 [info] I0221 14:06:44.883681 53231 completion_provider.go:869] err: context canceled
2026-02-21 14:06:45.052 [info] I0221 14:06:45.044390 53231 completion_provider.go:869] err: context canceled
2026-02-21 14:06:45.316 [info] I0221 14:06:45.315525 53231 completion_provider.go:869] err: context canceled
2026-02-21 14:06:45.495 [info] I0221 14:06:45.494927 53231 completion_provider.go:869] err: context canceled
2026-02-21 14:06:45.648 [info] I0221 14:06:45.648046 53231 completion_provider.go:869] err: context canceled
2026-02-21 14:06:45.828 [info] I0221 14:06:45.819911 53231 completion_provider.go:869] err: context canceled
2026-02-21 14:06:46.154 [info] I0221 14:06:46.145742 53231 completion_provider.go:869] err: context canceled
2026-02-21 14:06:46.326 [info] I0221 14:06:46.319110 53231 completion_provider.go:869] err: context canceled
2026-02-21 14:06:46.450 [info] I0221 14:06:46.449656 53231 completion_provider.go:869] err: context canceled
2026-02-21 14:06:46.682 [info] I0221 14:06:46.665879 53231 completion_provider.go:869] err: context canceled
2026-02-21 14:06:46.789 [info] I0221 14:06:46.789102 53231 completion_provider.go:869] err: context canceled
2026-02-21 14:06:48.083 [info] I0221 14:06:48.082845 53231 completion_provider.go:869] err: context canceled
2026-02-21 14:06:48.378 [info] I0221 14:06:48.378523 53231 completion_provider.go:869] err: context canceled
2026-02-21 14:07:02.128 [info] I0221 14:07:02.127358 53231 completion_provider.go:869] err: context canceled
2026-02-21 14:07:02.304 [info] I0221 14:07:02.296486 53231 completion_provider.go:869] err: context canceled
2026-02-21 14:07:02.468 [info] I0221 14:07:02.460471 53231 completion_provider.go:869] err: context canceled
2026-02-21 14:07:02.642 [info] I0221 14:07:02.633748 53231 completion_provider.go:869] err: context canceled
2026-02-21 14:07:02.880 [info] I0221 14:07:02.861905 53231 completion_provider.go:869] err: context canceled
2026-02-21 14:07:02.979 [info] I0221 14:07:02.973191 53231 completion_provider.go:869] err: context canceled
2026-02-21 14:07:03.166 [info] I0221 14:07:03.158100 53231 completion_provider.go:869] err: context canceled
2026-02-21 14:07:03.346 [info] I0221 14:07:03.338576 53231 completion_provider.go:869] err: context canceled
2026-02-21 14:07:03.511 [info] I0221 14:07:03.511157 53231 completion_provider.go:869] err: context canceled
2026-02-21 14:44:58.277 [info] I0221 14:44:58.275667 53231 completion_provider.go:869] err: context canceled
2026-02-21 14:45:01.338 [info] I0221 14:45:01.330225 53231 completion_provider.go:869] err: context canceled
2026-02-21 14:45:01.517 [info] I0221 14:45:01.509189 53231 completion_provider.go:869] err: context canceled
2026-02-21 14:45:05.272 [info] I0221 14:45:05.272070 53231 completion_provider.go:869] err: context canceled
2026-02-21 14:45:05.472 [info] I0221 14:45:05.464492 53231 completion_provider.go:869] err: context canceled
2026-02-21 14:45:05.669 [info] I0221 14:45:05.669142 53231 completion_provider.go:869] err: context canceled
2026-02-21 14:45:15.080 [info] I0221 14:45:15.080697 53231 completion_provider.go:869] err: context canceled
2026-02-21 14:45:15.707 [info] I0221 14:45:15.706942 53231 completion_provider.go:869] err: context canceled
2026-02-21 14:45:16.214 [info] I0221 14:45:16.206371 53231 completion_provider.go:869] err: context canceled
2026-02-21 14:45:16.776 [info] I0221 14:45:16.776339 53231 completion_provider.go:869] err: context canceled
2026-02-21 14:45:16.987 [info] I0221 14:45:16.986608 53231 completion_provider.go:869] err: context canceled
2026-02-21 14:45:17.174 [info] I0221 14:45:17.166105 53231 completion_provider.go:869] err: context canceled
2026-02-21 14:45:17.231 [info] I0221 14:45:17.223726 53231 completion_provider.go:869] err: context canceled
2026-02-21 14:45:21.023 [info] I0221 14:45:21.016443 53231 completion_provider.go:869] err: context canceled
2026-02-21 14:45:21.366 [info] I0221 14:45:21.364386 53231 completion_provider.go:869] err: context canceled
2026-02-21 14:45:21.472 [info] I0221 14:45:21.471701 53231 completion_provider.go:869] err: context canceled
2026-02-21 14:45:21.876 [info] I0221 14:45:21.869447 53231 completion_provider.go:869] err: context canceled
2026-02-21 14:45:21.990 [info] I0221 14:45:21.983339 53231 completion_provider.go:869] err: context canceled
2026-02-21 14:45:22.168 [info] I0221 14:45:22.168349 53231 completion_provider.go:869] err: context canceled
2026-02-21 14:45:23.032 [info] I0221 14:45:23.031875 53231 completion_provider.go:869] err: context canceled
2026-02-21 14:45:23.129 [info] I0221 14:45:23.128973 53231 completion_provider.go:869] err: context canceled
2026-02-21 14:45:23.244 [info] I0221 14:45:23.236720 53231 completion_provider.go:869] err: context canceled
2026-02-21 14:45:28.073 [info] I0221 14:45:28.073114 53231 completion_provider.go:869] err: context canceled
2026-02-21 14:45:28.120 [info] I0221 14:45:28.119931 53231 completion_provider.go:869] err: context canceled
2026-02-21 14:45:28.282 [info] I0221 14:45:28.282169 53231 completion_provider.go:869] err: context canceled
2026-02-21 14:45:29.526 [info] I0221 14:45:29.526147 53231 completion_provider.go:869] err: context canceled
2026-02-21 14:45:30.235 [info] I0221 14:45:30.234849 53231 completion_provider.go:869] err: context canceled
2026-02-21 14:45:33.130 [info] I0221 14:45:33.130411 53231 completion_provider.go:869] err: context canceled
2026-02-21 14:45:33.580 [info] I0221 14:45:33.571740 53231 completion_provider.go:869] err: context canceled
2026-02-21 14:45:34.098 [info] I0221 14:45:34.096516 53231 completion_provider.go:869] err: context canceled
2026-02-21 14:45:34.200 [info] I0221 14:45:34.200469 53231 completion_provider.go:869] err: context canceled
2026-02-21 14:45:34.420 [info] I0221 14:45:34.411740 53231 completion_provider.go:869] err: context canceled
2026-02-21 14:45:38.389 [info] I0221 14:45:38.389212 53231 completion_provider.go:869] err: context canceled
2026-02-21 14:45:40.280 [info] I0221 14:45:40.280257 53231 completion_provider.go:869] err: context canceled
2026-02-21 14:45:40.614 [info] I0221 14:45:40.604849 53231 completion_provider.go:869] err: context canceled
2026-02-21 14:45:58.042 [info] I0221 14:45:58.039918 53231 completion_provider.go:869] err: context canceled
2026-02-21 14:45:58.244 [info] I0221 14:45:58.237158 53231 completion_provider.go:869] err: context canceled
2026-02-21 14:45:58.399 [info] I0221 14:45:58.392513 53231 completion_provider.go:869] err: context canceled
2026-02-21 14:45:58.576 [info] I0221 14:45:58.568011 53231 completion_provider.go:869] err: context canceled
2026-02-21 14:45:58.766 [info] I0221 14:45:58.765969 53231 completion_provider.go:869] err: context canceled
2026-02-21 14:45:58.945 [info] I0221 14:45:58.943731 53231 completion_provider.go:869] err: context canceled
2026-02-21 14:45:59.138 [info] I0221 14:45:59.137787 53231 completion_provider.go:869] err: context canceled
2026-02-21 14:45:59.315 [info] I0221 14:45:59.314822 53231 completion_provider.go:869] err: context canceled
2026-02-21 14:45:59.491 [info] I0221 14:45:59.490777 53231 completion_provider.go:869] err: context canceled
2026-02-21 14:45:59.686 [info] I0221 14:45:59.686382 53231 completion_provider.go:869] err: context canceled
2026-02-21 14:45:59.910 [info] I0221 14:45:59.910204 53231 completion_provider.go:869] err: context canceled
2026-02-21 14:46:00.564 [info] I0221 14:46:00.563849 53231 completion_provider.go:869] err: context canceled
2026-02-21 14:46:00.750 [info] I0221 14:46:00.750163 53231 completion_provider.go:869] err: context canceled
2026-02-21 14:46:00.942 [info] I0221 14:46:00.942396 53231 completion_provider.go:869] err: context canceled
2026-02-21 14:46:01.144 [info] I0221 14:46:01.144182 53231 completion_provider.go:869] err: context canceled
2026-02-21 14:46:01.345 [info] I0221 14:46:01.345741 53231 completion_provider.go:869] err: context canceled
2026-02-21 14:46:01.554 [info] I0221 14:46:01.554791 53231 completion_provider.go:869] err: context canceled
2026-02-21 14:46:01.743 [info] I0221 14:46:01.741659 53231 completion_provider.go:869] err: context canceled
2026-02-21 14:46:02.115 [info] I0221 14:46:02.114951 53231 completion_provider.go:869] err: context canceled
2026-02-21 14:46:05.755 [info] I0221 14:46:05.748389 53231 completion_provider.go:869] err: context canceled
2026-02-21 14:46:14.544 [info] I0221 14:46:14.543910 53231 completion_provider.go:869] err: context canceled
2026-02-21 14:46:14.734 [info] I0221 14:46:14.734061 53231 completion_provider.go:869] err: context canceled
2026-02-21 14:46:15.807 [info] I0221 14:46:15.803149 53231 completion_provider.go:869] err: context canceled
2026-02-21 14:46:15.970 [info] I0221 14:46:15.970834 53231 completion_provider.go:869] err: context canceled
2026-02-21 14:46:16.141 [info] I0221 14:46:16.141173 53231 completion_provider.go:869] err: context canceled
2026-02-21 14:46:16.810 [info] I0221 14:46:16.809885 53231 completion_provider.go:869] err: context canceled
2026-02-21 14:46:17.627 [info] I0221 14:46:17.626989 53231 completion_provider.go:869] err: context canceled
2026-02-21 14:46:17.837 [info] I0221 14:46:17.836061 53231 completion_provider.go:869] err: context canceled
2026-02-21 14:48:35.491 [info] I0221 14:48:35.490705 53231 completion_provider.go:869] err: context canceled
2026-02-21 14:48:35.647 [info] I0221 14:48:35.640282 53231 completion_provider.go:869] err: context canceled
2026-02-21 14:48:35.824 [info] I0221 14:48:35.818289 53231 completion_provider.go:869] err: context canceled
2026-02-21 14:49:21.928 [info] I0221 14:49:21.926402 53231 completion_provider.go:869] err: context canceled
2026-02-21 14:49:22.057 [info] I0221 14:49:22.049682 53231 completion_provider.go:869] err: context canceled
2026-02-21 14:49:22.713 [info] I0221 14:49:22.713181 53231 completion_provider.go:869] err: context canceled
2026-02-21 14:49:22.893 [info] I0221 14:49:22.893221 53231 completion_provider.go:869] err: context canceled
2026-02-21 14:51:42.069 [info] I0221 14:51:42.068979 53231 completion_provider.go:869] err: context canceled
2026-02-21 14:51:43.599 [info] I0221 14:51:43.596805 53231 completion_provider.go:869] err: context canceled
2026-02-21 14:51:43.814 [info] I0221 14:51:43.814089 53231 completion_provider.go:869] err: context canceled
2026-02-21 14:51:43.988 [info] I0221 14:51:43.987883 53231 completion_provider.go:869] err: context canceled
2026-02-21 14:51:55.132 [info] I0221 14:51:55.129576 53231 completion_provider.go:869] err: context canceled
2026-02-21 14:51:55.312 [info] I0221 14:51:55.312321 53231 completion_provider.go:869] err: context canceled
2026-02-21 14:52:00.296 [info] I0221 14:52:00.295986 53231 completion_provider.go:869] err: context canceled
2026-02-21 14:52:00.380 [info] I0221 14:52:00.380569 53231 completion_provider.go:869] err: context canceled
2026-02-21 14:52:01.835 [info] I0221 14:52:01.826817 53231 completion_provider.go:869] err: context canceled
2026-02-21 14:52:02.623 [info] I0221 14:52:02.623143 53231 completion_provider.go:869] err: context canceled
2026-02-21 14:52:17.494 [info] I0221 14:52:17.494706 53231 completion_provider.go:869] err: context canceled
2026-02-21 14:52:20.688 [info] I0221 14:52:20.688434 53231 completion_provider.go:869] err: context canceled
2026-02-21 14:52:36.164 [info] I0221 14:52:36.162819 53231 completion_provider.go:869] err: context canceled
2026-02-21 14:52:36.324 [info] I0221 14:52:36.324523 53231 completion_provider.go:869] err: context canceled
2026-02-21 14:52:36.516 [info] I0221 14:52:36.508814 53231 completion_provider.go:869] err: context canceled
2026-02-21 14:52:36.717 [info] I0221 14:52:36.717603 53231 completion_provider.go:869] err: context canceled
2026-02-21 14:52:36.915 [info] I0221 14:52:36.915386 53231 completion_provider.go:869] err: context canceled
2026-02-21 14:52:37.128 [info] I0221 14:52:37.126901 53231 completion_provider.go:869] err: context canceled
2026-02-21 14:52:38.435 [info] I0221 14:52:38.435321 53231 completion_provider.go:869] err: context canceled
2026-02-21 14:52:38.757 [info] I0221 14:52:38.749776 53231 completion_provider.go:869] err: context canceled
2026-02-21 14:52:39.132 [info] I0221 14:52:39.132217 53231 completion_provider.go:869] err: context canceled
2026-02-21 14:58:09.774 [info] I0221 14:58:09.774061 53231 completion_provider.go:869] err: context canceled
2026-02-21 14:58:10.610 [info] I0221 14:58:10.610238 53231 completion_provider.go:869] err: context canceled
2026-02-21 14:58:10.747 [info] I0221 14:58:10.746909 53231 completion_provider.go:869] err: context canceled
2026-02-21 14:58:19.042 [info] I0221 14:58:19.041504 53231 completion_provider.go:869] err: context canceled
2026-02-21 14:58:19.570 [info] I0221 14:58:19.570602 53231 completion_provider.go:869] err: context canceled
2026-02-21 14:58:20.139 [info] I0221 14:58:20.139423 53231 completion_provider.go:869] err: context canceled
2026-02-21 14:59:38.025 [info] I0221 14:59:38.025132 53231 completion_provider.go:869] err: context canceled
2026-02-21 14:59:38.234 [info] I0221 14:59:38.234647 53231 completion_provider.go:869] err: context canceled
2026-02-21 14:59:38.543 [info] I0221 14:59:38.543759 53231 completion_provider.go:869] err: context canceled
2026-02-21 15:00:00.426 [info] I0221 15:00:00.426251 53231 completion_provider.go:869] err: context canceled
2026-02-21 15:00:14.131 [info] I0221 15:00:14.131124 53231 completion_provider.go:869] err: context canceled
2026-02-21 15:00:14.315 [info] I0221 15:00:14.315518 53231 completion_provider.go:869] err: context canceled
2026-02-21 15:01:10.214 [info] I0221 15:01:10.214225 53231 completion_provider.go:869] err: context canceled
2026-02-21 15:01:10.880 [info] I0221 15:01:10.880272 53231 completion_provider.go:869] err: context canceled
2026-02-21 15:10:18.316 [info] I0221 15:10:18.316551 53231 completion_provider.go:869] err: context canceled
2026-02-21 15:10:18.687 [info] I0221 15:10:18.687179 53231 completion_provider.go:869] err: context canceled
2026-02-21 15:10:24.289 [info] I0221 15:10:24.287341 53231 completion_provider.go:869] err: context canceled
2026-02-21 15:10:26.171 [info] I0221 15:10:26.171065 53231 completion_provider.go:869] err: context canceled
2026-02-21 15:10:40.204 [info] I0221 15:10:40.204787 53231 completion_provider.go:869] err: context canceled
2026-02-21 15:10:40.381 [info] I0221 15:10:40.381861 53231 completion_provider.go:869] err: context canceled
2026-02-21 15:10:43.702 [info] I0221 15:10:43.701903 53231 completion_provider.go:869] err: context canceled
2026-02-21 15:10:43.857 [info] I0221 15:10:43.857375 53231 completion_provider.go:869] err: context canceled
2026-02-21 15:15:12.952 [info] I0221 15:15:12.952793 53231 completion_provider.go:869] err: context canceled
2026-02-21 15:15:13.380 [info] I0221 15:15:13.380805 53231 completion_provider.go:869] err: context canceled
2026-02-21 15:15:13.860 [info] I0221 15:15:13.860741 53231 completion_provider.go:869] err: context canceled
2026-02-21 15:15:14.151 [info] I0221 15:15:14.151340 53231 completion_provider.go:869] err: context canceled
2026-02-21 15:15:14.354 [info] I0221 15:15:14.354396 53231 completion_provider.go:869] err: context canceled
2026-02-21 15:15:14.663 [info] I0221 15:15:14.663883 53231 completion_provider.go:869] err: context canceled
2026-02-21 15:15:15.141 [info] I0221 15:15:15.141526 53231 completion_provider.go:869] err: context canceled
2026-02-21 15:15:15.433 [info] I0221 15:15:15.432967 53231 completion_provider.go:869] err: context canceled
2026-02-21 15:15:15.570 [info] I0221 15:15:15.570472 53231 completion_provider.go:869] err: context canceled
2026-02-21 15:15:21.277 [info] I0221 15:15:21.277091 53231 completion_provider.go:869] err: context canceled
2026-02-21 15:15:21.511 [info] I0221 15:15:21.509613 53231 completion_provider.go:869] err: context canceled
2026-02-21 15:15:27.479 [info] I0221 15:15:27.479509 53231 completion_provider.go:869] err: context canceled
2026-02-21 15:15:27.729 [info] I0221 15:15:27.729127 53231 completion_provider.go:869] err: context canceled
2026-02-21 15:15:35.203 [info] I0221 15:15:35.203326 53231 completion_provider.go:869] err: context canceled
2026-02-21 15:15:42.490 [info] I0221 15:15:42.490304 53231 completion_provider.go:869] err: context canceled
2026-02-21 15:15:43.640 [info] I0221 15:15:43.639591 53231 completion_provider.go:869] err: context canceled
2026-02-21 15:15:44.240 [info] I0221 15:15:44.239712 53231 completion_provider.go:869] err: context canceled
2026-02-21 15:16:31.304 [info] I0221 15:16:31.304085 53231 completion_provider.go:869] err: context canceled
2026-02-21 15:16:31.481 [info] I0221 15:16:31.481484 53231 completion_provider.go:869] err: context canceled
2026-02-21 15:16:31.635 [info] I0221 15:16:31.635202 53231 completion_provider.go:869] err: context canceled
2026-02-21 15:16:31.829 [info] I0221 15:16:31.829072 53231 completion_provider.go:869] err: context canceled
2026-02-21 15:16:31.996 [info] I0221 15:16:31.996712 53231 completion_provider.go:869] err: context canceled
2026-02-21 15:16:40.897 [info] I0221 15:16:40.895599 53231 completion_provider.go:869] err: context canceled
2026-02-21 15:17:00.856 [info] I0221 15:17:00.856468 53231 completion_provider.go:869] err: context canceled
2026-02-21 15:17:01.028 [info] I0221 15:17:01.028122 53231 completion_provider.go:869] err: context canceled
2026-02-21 15:21:14.117 [info] I0221 15:21:14.117081 53231 completion_provider.go:869] err: context canceled
2026-02-21 15:21:14.342 [info] I0221 15:21:14.342200 53231 completion_provider.go:869] err: context canceled
2026-02-21 15:21:14.595 [info] I0221 15:21:14.592457 53231 completion_provider.go:869] err: context canceled
2026-02-21 15:21:14.747 [info] I0221 15:21:14.746795 53231 completion_provider.go:869] err: context canceled
2026-02-21 15:21:14.947 [info] I0221 15:21:14.946440 53231 completion_provider.go:869] err: context canceled
2026-02-21 15:21:15.256 [info] I0221 15:21:15.255904 53231 completion_provider.go:869] err: context canceled
2026-02-21 15:21:16.140 [info] I0221 15:21:16.139915 53231 completion_provider.go:869] err: context canceled
2026-02-21 15:21:16.374 [info] I0221 15:21:16.373296 53231 completion_provider.go:869] err: context canceled
2026-02-21 15:21:16.559 [info] I0221 15:21:16.559475 53231 completion_provider.go:869] err: context canceled
2026-02-21 15:21:16.772 [info] I0221 15:21:16.772011 53231 completion_provider.go:869] err: context canceled
2026-02-21 15:21:17.035 [info] I0221 15:21:17.035043 53231 completion_provider.go:869] err: context canceled
2026-02-21 15:21:17.379 [info] I0221 15:21:17.378456 53231 completion_provider.go:869] err: context canceled
2026-02-21 15:21:24.297 [info] I0221 15:21:24.297881 53231 completion_provider.go:869] err: context canceled
2026-02-21 15:21:24.509 [info] I0221 15:21:24.509402 53231 completion_provider.go:869] err: context canceled
2026-02-21 15:21:24.729 [info] I0221 15:21:24.728944 53231 completion_provider.go:869] err: context canceled
2026-02-21 15:21:24.926 [info] I0221 15:21:24.923778 53231 completion_provider.go:869] err: context canceled
2026-02-21 15:21:25.153 [info] I0221 15:21:25.152816 53231 completion_provider.go:869] err: context canceled
2026-02-21 15:27:19.536 [info] I0221 15:27:19.536723 53231 completion_provider.go:869] err: context canceled
2026-02-21 15:27:19.862 [info] I0221 15:27:19.852982 53231 completion_provider.go:869] err: context canceled
2026-02-21 15:30:23.165 [info] I0221 15:30:23.165686 53231 completion_provider.go:869] err: context canceled
2026-02-21 15:30:23.350 [info] I0221 15:30:23.350024 53231 completion_provider.go:869] err: context canceled
2026-02-21 15:30:23.510 [info] I0221 15:30:23.510254 53231 completion_provider.go:869] err: context canceled
2026-02-21 15:30:23.922 [info] I0221 15:30:23.922695 53231 completion_provider.go:869] err: context canceled
2026-02-21 15:30:24.071 [info] I0221 15:30:24.071248 53231 completion_provider.go:869] err: context canceled
2026-02-21 15:30:24.398 [info] I0221 15:30:24.397759 53231 completion_provider.go:869] err: context canceled
2026-02-21 15:30:24.629 [info] I0221 15:30:24.629504 53231 completion_provider.go:869] err: context canceled
2026-02-21 15:30:24.746 [info] I0221 15:30:24.746008 53231 completion_provider.go:869] err: context canceled
2026-02-21 15:30:25.114 [info] I0221 15:30:25.105988 53231 completion_provider.go:869] err: context canceled
2026-02-21 15:30:49.096 [info] I0221 15:30:49.096755 53231 completion_provider.go:869] err: context canceled
2026-02-21 15:30:49.303 [info] I0221 15:30:49.296371 53231 completion_provider.go:869] err: context canceled
2026-02-21 15:30:49.479 [info] I0221 15:30:49.470494 53231 completion_provider.go:869] err: context canceled
2026-02-21 15:30:49.661 [info] I0221 15:30:49.661006 53231 completion_provider.go:869] err: context canceled
2026-02-21 15:30:49.858 [info] I0221 15:30:49.857345 53231 completion_provider.go:869] err: context canceled
2026-02-21 15:30:50.034 [info] I0221 15:30:50.034437 53231 completion_provider.go:869] err: context canceled
2026-02-21 15:30:50.218 [info] I0221 15:30:50.218808 53231 completion_provider.go:869] err: context canceled
2026-02-21 15:30:50.593 [info] I0221 15:30:50.593769 53231 completion_provider.go:869] err: context canceled
2026-02-21 15:30:52.100 [info] I0221 15:30:52.100731 53231 completion_provider.go:869] err: context canceled
2026-02-21 15:30:52.691 [info] I0221 15:30:52.690972 53231 completion_provider.go:869] err: context canceled
2026-02-21 15:30:52.764 [info] I0221 15:30:52.763428 53231 completion_provider.go:869] err: context canceled
2026-02-21 15:30:58.348 [info] I0221 15:30:58.348038 53231 completion_provider.go:869] err: context canceled
2026-02-21 15:30:58.524 [info] I0221 15:30:58.524503 53231 completion_provider.go:869] err: context canceled
2026-02-21 15:30:59.966 [info] I0221 15:30:59.966021 53231 completion_provider.go:869] err: context canceled
2026-02-21 15:31:00.303 [info] I0221 15:31:00.302687 53231 completion_provider.go:869] err: context canceled
2026-02-21 15:31:00.423 [info] I0221 15:31:00.423050 53231 completion_provider.go:869] err: context canceled
2026-02-21 15:31:00.512 [info] I0221 15:31:00.512247 53231 completion_provider.go:869] err: context canceled
2026-02-21 15:31:00.831 [info] I0221 15:31:00.830995 53231 completion_provider.go:869] err: context canceled
2026-02-21 15:31:01.218 [info] I0221 15:31:01.198690 53231 completion_provider.go:869] err: context canceled
2026-02-21 15:31:01.306 [info] I0221 15:31:01.305580 53231 completion_provider.go:869] err: context canceled
2026-02-21 15:31:01.390 [info] I0221 15:31:01.390523 53231 completion_provider.go:869] err: context canceled
2026-02-21 15:31:01.492 [info] I0221 15:31:01.492581 53231 completion_provider.go:869] err: context canceled
2026-02-21 15:31:01.623 [info] I0221 15:31:01.622487 53231 completion_provider.go:869] err: context canceled
2026-02-21 15:31:01.969 [info] I0221 15:31:01.968970 53231 completion_provider.go:869] err: context canceled
2026-02-21 15:31:05.481 [info] I0221 15:31:05.481075 53231 completion_provider.go:869] err: context canceled
2026-02-21 15:31:05.676 [info] I0221 15:31:05.676378 53231 completion_provider.go:869] err: context canceled
2026-02-21 15:31:07.956 [info] I0221 15:31:07.955882 53231 completion_provider.go:869] err: context canceled
2026-02-21 15:31:08.152 [info] I0221 15:31:08.151509 53231 completion_provider.go:869] err: context canceled
2026-02-21 15:31:08.336 [info] I0221 15:31:08.336773 53231 completion_provider.go:869] err: context canceled
2026-02-21 15:31:08.523 [info] I0221 15:31:08.523524 53231 completion_provider.go:869] err: context canceled
2026-02-21 15:31:09.315 [info] I0221 15:31:09.315781 53231 completion_provider.go:869] err: context canceled
2026-02-21 15:31:09.596 [info] I0221 15:31:09.596367 53231 completion_provider.go:869] err: context canceled
2026-02-21 15:31:09.723 [info] I0221 15:31:09.723795 53231 completion_provider.go:869] err: context canceled
2026-02-21 15:31:11.114 [info] I0221 15:31:11.113867 53231 completion_provider.go:869] err: context canceled
2026-02-21 15:31:26.600 [info] I0221 15:31:26.600261 53231 completion_provider.go:869] err: context canceled
2026-02-21 15:31:29.812 [info] I0221 15:31:29.812168 53231 completion_provider.go:869] err: context canceled
2026-02-21 15:31:30.692 [info] I0221 15:31:30.692314 53231 completion_provider.go:869] err: context canceled
2026-02-21 15:31:31.805 [info] I0221 15:31:31.805363 53231 completion_provider.go:869] err: context canceled
2026-02-21 15:32:39.907 [info] (Windsurf) 2026-02-21 15:32:39.902 [INFO]: Shutting down all 0 managed language servers
